log : raf2aisin_res50 out-pth . net: ResNet50 pretrained None dev 1
Use 112 * 112 Image source RAF target AISIN train bs 32 test bs 32
Ep: 60 LR 0.000100 mu: 0.900000 WD: 0.000100
================================================
Num cls : 2
Use global feature and local feature.
Use Mean.
================================================
Building Train and Test Dataloader...
 train source dataset qty: 1395
Dataset Distribution for 2 classes is:  [713, 682]
 train target dataset qty: 9081
Dataset Distribution for 2 classes is:  [1671, 7410]
 test source dataset qty: 318
Dataset Distribution for 2 classes is:  [158, 160]
 test target dataset qty: 2541
Dataset Distribution for 2 classes is:  [467, 2074]
Done!
================================================
Building Model...
No Resume Model
Done!
================================================
Init Mean...
 train source dataset qty: 1395
Dataset Distribution for 2 classes is:  [713, 682]
 train target dataset qty: 9081
Dataset Distribution for 2 classes is:  [1671, 7410]
2021-06-14 23:12:17.704226: I tensorflow/stream_executor/platform/default/dso_loader.cc:49] Successfully opened dynamic library libcudart.so.11.0
Done!
================================================
Building Optimizer...
Done!
================================================
Run Experiment...

    [Train]: 
    Epoch 1
    Data Time 1.6399 (0.0381)
    Batch Time 14.0686 (0.3272)
    Learning Rate 0.0001
Accuracy 0.6461 0.6461
    Precision 0.6478 0.6440
    Recall 0.6818 0.6084
    F1 0.6644 0.6257
    Acc_avg 0.6461 Prec_avg 0.6459 Recall_avg 0.6451 F1_avg 0.6450
    Total Loss 1.7924 Global Cls Loss 0.8931 Local Cls Loss 0.8993 AFN Loss 0.0000
TrainOnSourceDomain.py:128: UserWarning: Anomaly Detection has been enabled. This mode will increase the runtime and should only be enabled for debugging.
  with torch.autograd.detect_anomaly():
Starting Source Data Testing

    Test Source: 
    Data Time 0.0513 (0.0051)
    Batch Time 1.7391 (0.1739)
    Learning Rate 0.0001
Accuracy 0.6226 0.6226
    Precision 0.5714 0.8846
    Recall 0.9620 0.2875
    F1 0.7170 0.4340
Acc_avg 0.6226 Prec_avg 0.7280 Recall_avg 0.6248 F1_avg 0.5755
    Total Loss 1.3832 Global Cls Loss 0.7712 Local Cls Loss 0.6120 AFN Loss 0.0000
Recall Better than Best Recall
[Save] Best Recall: 0.6248.

    Test Target: 
    Data Time 0.3298 (0.0041)
    Batch Time 13.3375 (0.1667)
    Learning Rate 0.0001
Accuracy 0.1838 0.1838
    Precision 0.1838 0.0000
    Recall 1.0000 0.0000
    F1 0.3105 0.0000
Acc_avg 0.1838 Prec_avg 0.0919 Recall_avg 0.5000 F1_avg 0.1553
    Total Loss 2.9085 Global Cls Loss 1.9188 Local Cls Loss 0.9897 AFN Loss 0.0000

    [Train]: 
    Epoch 2
    Data Time 1.0620 (0.0247)
    Batch Time 13.0000 (0.3023)
    Learning Rate 0.0001
Accuracy 0.7711 0.7711
    Precision 0.7576 0.7874
    Recall 0.8125 0.7277
    F1 0.7841 0.7564
    Acc_avg 0.7711 Prec_avg 0.7725 Recall_avg 0.7701 F1_avg 0.7702
    Total Loss 1.0172 Global Cls Loss 0.5110 Local Cls Loss 0.5062 AFN Loss 0.0000
Starting Source Data Testing

    Test Source: 
    Data Time 0.0540 (0.0054)
    Batch Time 1.9053 (0.1905)
    Learning Rate 0.0001
Accuracy 0.7421 0.7421
    Precision 0.7262 0.7600
    Recall 0.7722 0.7125
    F1 0.7485 0.7355
Acc_avg 0.7421 Prec_avg 0.7431 Recall_avg 0.7423 F1_avg 0.7420
    Total Loss 1.1134 Global Cls Loss 0.5566 Local Cls Loss 0.5568 AFN Loss 0.0000
Recall Better than Best Recall
[Save] Best Recall: 0.7423.

    Test Target: 
    Data Time 0.3443 (0.0043)
    Batch Time 13.5244 (0.1691)
    Learning Rate 0.0001
Accuracy 0.1877 0.1877
    Precision 0.1838 0.8125
    Recall 0.9936 0.0063
    F1 0.3102 0.0124
Acc_avg 0.1877 Prec_avg 0.4981 Recall_avg 0.4999 F1_avg 0.1613
    Total Loss 2.5696 Global Cls Loss 1.5017 Local Cls Loss 1.0679 AFN Loss 0.0000

    [Train]: 
    Epoch 3
    Data Time 1.1827 (0.0275)
    Batch Time 12.5545 (0.2920)
    Learning Rate 0.0001
Accuracy 0.7965 0.7965
    Precision 0.7936 0.7997
    Recall 0.8139 0.7783
    F1 0.8036 0.7888
    Acc_avg 0.7965 Prec_avg 0.7967 Recall_avg 0.7961 F1_avg 0.7962
    Total Loss 0.8771 Global Cls Loss 0.4355 Local Cls Loss 0.4416 AFN Loss 0.0000
Starting Source Data Testing

    Test Source: 
    Data Time 0.0467 (0.0047)
    Batch Time 1.9463 (0.1946)
    Learning Rate 0.0001
Accuracy 0.7170 0.7170
    Precision 0.7024 0.7333
    Recall 0.7468 0.6875
    F1 0.7239 0.7097
Acc_avg 0.7170 Prec_avg 0.7179 Recall_avg 0.7172 F1_avg 0.7168
    Total Loss 1.1620 Global Cls Loss 0.5963 Local Cls Loss 0.5657 AFN Loss 0.0000

    Test Target: 
    Data Time 0.3230 (0.0040)
    Batch Time 13.4322 (0.1679)
    Learning Rate 0.0001
Accuracy 0.3066 0.3066
    Precision 0.1967 0.8842
    Recall 0.8994 0.1731
    F1 0.3228 0.2895
Acc_avg 0.3066 Prec_avg 0.5405 Recall_avg 0.5362 F1_avg 0.3062
    Total Loss 1.9393 Global Cls Loss 1.0153 Local Cls Loss 0.9240 AFN Loss 0.0000

    [Train]: 
    Epoch 4
    Data Time 0.9592 (0.0223)
    Batch Time 12.7517 (0.2966)
    Learning Rate 0.0001
Accuracy 0.8183 0.8183
    Precision 0.8113 0.8262
    Recall 0.8390 0.7967
    F1 0.8249 0.8112
    Acc_avg 0.8183 Prec_avg 0.8187 Recall_avg 0.8179 F1_avg 0.8181
    Total Loss 0.7750 Global Cls Loss 0.3912 Local Cls Loss 0.3838 AFN Loss 0.0000
Starting Source Data Testing

    Test Source: 
    Data Time 0.0429 (0.0043)
    Batch Time 1.7601 (0.1760)
    Learning Rate 0.0001
Accuracy 0.7484 0.7484
    Precision 0.7349 0.7632
    Recall 0.7722 0.7250
    F1 0.7531 0.7436
Acc_avg 0.7484 Prec_avg 0.7490 Recall_avg 0.7486 F1_avg 0.7483
    Total Loss 1.1523 Global Cls Loss 0.5873 Local Cls Loss 0.5651 AFN Loss 0.0000
Recall Better than Best Recall
[Save] Best Recall: 0.7486.

    Test Target: 
    Data Time 0.3053 (0.0038)
    Batch Time 13.4429 (0.1680)
    Learning Rate 0.0001
Accuracy 0.1889 0.1889
    Precision 0.1832 0.7600
    Recall 0.9872 0.0092
    F1 0.3091 0.0181
Acc_avg 0.1889 Prec_avg 0.4716 Recall_avg 0.4982 F1_avg 0.1636
    Total Loss 3.0226 Global Cls Loss 1.7601 Local Cls Loss 1.2625 AFN Loss 0.0000

    [Train]: 
    Epoch 5
    Data Time 1.1839 (0.0275)
    Batch Time 12.5975 (0.2930)
    Learning Rate 0.0001
Accuracy 0.8379 0.8379
    Precision 0.8419 0.8338
    Recall 0.8407 0.8351
    F1 0.8413 0.8344
    Acc_avg 0.8379 Prec_avg 0.8379 Recall_avg 0.8379 F1_avg 0.8379
    Total Loss 0.7346 Global Cls Loss 0.3639 Local Cls Loss 0.3706 AFN Loss 0.0000
Starting Source Data Testing

    Test Source: 
    Data Time 0.0414 (0.0041)
    Batch Time 1.7332 (0.1733)
    Learning Rate 0.0001
Accuracy 0.7736 0.7736
    Precision 0.7829 0.7651
    Recall 0.7532 0.7937
    F1 0.7677 0.7791
Acc_avg 0.7736 Prec_avg 0.7740 Recall_avg 0.7735 F1_avg 0.7734
    Total Loss 1.0344 Global Cls Loss 0.5131 Local Cls Loss 0.5213 AFN Loss 0.0000
Recall Better than Best Recall
[Save] Best Recall: 0.7735.

    Test Target: 
    Data Time 0.3101 (0.0039)
    Batch Time 13.4773 (0.1685)
    Learning Rate 0.0001
Accuracy 0.3022 0.3022
    Precision 0.1988 0.9035
    Recall 0.9229 0.1625
    F1 0.3271 0.2754
Acc_avg 0.3022 Prec_avg 0.5511 Recall_avg 0.5427 F1_avg 0.3013
    Total Loss 2.2348 Global Cls Loss 1.1447 Local Cls Loss 1.0901 AFN Loss 0.0000

    [Train]: 
    Epoch 6
    Data Time 1.0006 (0.0233)
    Batch Time 12.3472 (0.2871)
    Learning Rate 0.0001
Accuracy 0.8568 0.8568
    Precision 0.8526 0.8615
    Recall 0.8707 0.8423
    F1 0.8616 0.8518
    Acc_avg 0.8568 Prec_avg 0.8570 Recall_avg 0.8565 F1_avg 0.8567
    Total Loss 0.6191 Global Cls Loss 0.3110 Local Cls Loss 0.3081 AFN Loss 0.0000
Starting Source Data Testing

    Test Source: 
    Data Time 0.0450 (0.0045)
    Batch Time 1.7309 (0.1731)
    Learning Rate 0.0001
Accuracy 0.7484 0.7484
    Precision 0.7868 0.7198
    Recall 0.6772 0.8187
    F1 0.7279 0.7661
Acc_avg 0.7484 Prec_avg 0.7533 Recall_avg 0.7480 F1_avg 0.7470
    Total Loss 1.1597 Global Cls Loss 0.5785 Local Cls Loss 0.5811 AFN Loss 0.0000

    Test Target: 
    Data Time 0.3067 (0.0038)
    Batch Time 13.4794 (0.1685)
    Learning Rate 0.0001
Accuracy 0.3282 0.3282
    Precision 0.2048 0.9161
    Recall 0.9208 0.1948
    F1 0.3350 0.3213
Acc_avg 0.3282 Prec_avg 0.5604 Recall_avg 0.5578 F1_avg 0.3281
    Total Loss 2.2377 Global Cls Loss 1.1002 Local Cls Loss 1.1375 AFN Loss 0.0000

    [Train]: 
    Epoch 7
    Data Time 0.8958 (0.0208)
    Batch Time 12.5633 (0.2922)
    Learning Rate 0.0001
Accuracy 0.8706 0.8706
    Precision 0.8741 0.8671
    Recall 0.8716 0.8696
    F1 0.8729 0.8683
    Acc_avg 0.8706 Prec_avg 0.8706 Recall_avg 0.8706 F1_avg 0.8706
    Total Loss 0.6415 Global Cls Loss 0.3222 Local Cls Loss 0.3193 AFN Loss 0.0000
Starting Source Data Testing

    Test Source: 
    Data Time 0.0421 (0.0042)
    Batch Time 1.7035 (0.1704)
    Learning Rate 0.0001
Accuracy 0.7358 0.7358
    Precision 0.7284 0.7436
    Recall 0.7468 0.7250
    F1 0.7375 0.7342
Acc_avg 0.7358 Prec_avg 0.7360 Recall_avg 0.7359 F1_avg 0.7358
    Total Loss 1.2254 Global Cls Loss 0.6180 Local Cls Loss 0.6074 AFN Loss 0.0000

    Test Target: 
    Data Time 0.3121 (0.0039)
    Batch Time 13.5024 (0.1688)
    Learning Rate 0.0001
Accuracy 0.1940 0.1940
    Precision 0.1844 0.8611
    Recall 0.9893 0.0149
    F1 0.3109 0.0294
Acc_avg 0.1940 Prec_avg 0.5228 Recall_avg 0.5021 F1_avg 0.1701
    Total Loss 3.3532 Global Cls Loss 1.8748 Local Cls Loss 1.4784 AFN Loss 0.0000

    [Train]: 
    Epoch 8
    Data Time 1.2726 (0.0296)
    Batch Time 12.6489 (0.2942)
    Learning Rate 0.0001
Accuracy 0.8874 0.8874
    Precision 0.8848 0.8901
    Recall 0.8962 0.8782
    F1 0.8905 0.8841
    Acc_avg 0.8874 Prec_avg 0.8874 Recall_avg 0.8872 F1_avg 0.8873
    Total Loss 0.5373 Global Cls Loss 0.2649 Local Cls Loss 0.2724 AFN Loss 0.0000
Starting Source Data Testing

    Test Source: 
    Data Time 0.0379 (0.0038)
    Batch Time 1.7094 (0.1709)
    Learning Rate 0.0001
Accuracy 0.7264 0.7264
    Precision 0.6919 0.7744
    Recall 0.8101 0.6438
    F1 0.7464 0.7031
Acc_avg 0.7264 Prec_avg 0.7332 Recall_avg 0.7269 F1_avg 0.7247
    Total Loss 1.3629 Global Cls Loss 0.6887 Local Cls Loss 0.6742 AFN Loss 0.0000

    Test Target: 
    Data Time 0.3108 (0.0039)
    Batch Time 13.3235 (0.1665)
    Learning Rate 0.0001
Accuracy 0.2184 0.2184
    Precision 0.1876 0.9000
    Recall 0.9764 0.0477
    F1 0.3147 0.0907
Acc_avg 0.2184 Prec_avg 0.5438 Recall_avg 0.5121 F1_avg 0.2027
    Total Loss 3.5770 Global Cls Loss 1.8673 Local Cls Loss 1.7097 AFN Loss 0.0000

    [Train]: 
    Epoch 9
    Data Time 0.9270 (0.0216)
    Batch Time 12.2655 (0.2852)
    Learning Rate 0.0001
Accuracy 0.8953 0.8953
    Precision 0.8986 0.8920
    Recall 0.8960 0.8947
    F1 0.8973 0.8933
    Acc_avg 0.8953 Prec_avg 0.8953 Recall_avg 0.8953 F1_avg 0.8953
    Total Loss 0.5125 Global Cls Loss 0.2514 Local Cls Loss 0.2611 AFN Loss 0.0000
Starting Source Data Testing

    Test Source: 
    Data Time 0.0408 (0.0041)
    Batch Time 1.6825 (0.1682)
    Learning Rate 0.0001
Accuracy 0.7453 0.7453
    Precision 0.7421 0.7484
    Recall 0.7468 0.7438
    F1 0.7445 0.7461
Acc_avg 0.7453 Prec_avg 0.7453 Recall_avg 0.7453 F1_avg 0.7453
    Total Loss 1.2506 Global Cls Loss 0.6240 Local Cls Loss 0.6266 AFN Loss 0.0000

    Test Target: 
    Data Time 0.3091 (0.0039)
    Batch Time 13.3262 (0.1666)
    Learning Rate 0.0001
Accuracy 0.3628 0.3628
    Precision 0.2137 0.9301
    Recall 0.9208 0.2372
    F1 0.3469 0.3780
Acc_avg 0.3628 Prec_avg 0.5719 Recall_avg 0.5790 F1_avg 0.3625
    Total Loss 2.3819 Global Cls Loss 1.2490 Local Cls Loss 1.1329 AFN Loss 0.0000

    [Train]: 
    Epoch 10
    Data Time 1.1315 (0.0263)
    Batch Time 12.4917 (0.2905)
    Learning Rate 0.0001
Accuracy 0.8910 0.8910
    Precision 0.8840 0.8988
    Recall 0.9065 0.8746
    F1 0.8951 0.8865
    Acc_avg 0.8910 Prec_avg 0.8914 Recall_avg 0.8906 F1_avg 0.8908
    Total Loss 0.4959 Global Cls Loss 0.2478 Local Cls Loss 0.2482 AFN Loss 0.0000
Starting Source Data Testing

    Test Source: 
    Data Time 0.0409 (0.0041)
    Batch Time 1.7273 (0.1727)
    Learning Rate 0.0001
Accuracy 0.7547 0.7547
    Precision 0.7062 0.8306
    Recall 0.8671 0.6438
    F1 0.7784 0.7254
Acc_avg 0.7547 Prec_avg 0.7684 Recall_avg 0.7554 F1_avg 0.7519
    Total Loss 1.2916 Global Cls Loss 0.6456 Local Cls Loss 0.6461 AFN Loss 0.0000

    Test Target: 
    Data Time 0.3148 (0.0039)
    Batch Time 13.5749 (0.1697)
    Learning Rate 0.0001
Accuracy 0.3684 0.3684
    Precision 0.2158 0.9351
    Recall 0.9251 0.2430
    F1 0.3499 0.3858
Acc_avg 0.3684 Prec_avg 0.5754 Recall_avg 0.5840 F1_avg 0.3679
    Total Loss 2.5578 Global Cls Loss 1.2948 Local Cls Loss 1.2630 AFN Loss 0.0000

    [Train]: 
    Epoch 11
    Data Time 0.9674 (0.0225)
    Batch Time 12.5310 (0.2914)
    Learning Rate 0.0001
Accuracy 0.9033 0.9033
    Precision 0.9004 0.9065
    Recall 0.9119 0.8943
    F1 0.9061 0.9004
    Acc_avg 0.9033 Prec_avg 0.9035 Recall_avg 0.9031 F1_avg 0.9033
    Total Loss 0.4938 Global Cls Loss 0.2472 Local Cls Loss 0.2466 AFN Loss 0.0000
Starting Source Data Testing

    Test Source: 
    Data Time 0.0405 (0.0041)
    Batch Time 1.6802 (0.1680)
    Learning Rate 0.0001
Accuracy 0.7516 0.7516
    Precision 0.7762 0.7314
    Recall 0.7025 0.8000
    F1 0.7375 0.7642
Acc_avg 0.7516 Prec_avg 0.7538 Recall_avg 0.7513 F1_avg 0.7509
    Total Loss 1.2260 Global Cls Loss 0.6180 Local Cls Loss 0.6079 AFN Loss 0.0000

    Test Target: 
    Data Time 0.3097 (0.0039)
    Batch Time 13.4776 (0.1685)
    Learning Rate 0.0001
Accuracy 0.3628 0.3628
    Precision 0.2088 0.9041
    Recall 0.8844 0.2454
    F1 0.3378 0.3860
Acc_avg 0.3628 Prec_avg 0.5564 Recall_avg 0.5649 F1_avg 0.3619
    Total Loss 2.5357 Global Cls Loss 1.2342 Local Cls Loss 1.3015 AFN Loss 0.0000

    [Train]: 
    Epoch 12
    Data Time 1.1567 (0.0269)
    Batch Time 12.3993 (0.2884)
    Learning Rate 0.0001
Accuracy 0.9026 0.9026
    Precision 0.9003 0.9051
    Recall 0.9105 0.8943
    F1 0.9054 0.8997
    Acc_avg 0.9026 Prec_avg 0.9027 Recall_avg 0.9024 F1_avg 0.9025
    Total Loss 0.4749 Global Cls Loss 0.2346 Local Cls Loss 0.2403 AFN Loss 0.0000
Starting Source Data Testing

    Test Source: 
    Data Time 0.0411 (0.0041)
    Batch Time 1.7247 (0.1725)
    Learning Rate 0.0001
Accuracy 0.7484 0.7484
    Precision 0.7294 0.7703
    Recall 0.7848 0.7125
    F1 0.7561 0.7403
Acc_avg 0.7484 Prec_avg 0.7498 Recall_avg 0.7487 F1_avg 0.7482
    Total Loss 1.2657 Global Cls Loss 0.6294 Local Cls Loss 0.6363 AFN Loss 0.0000

    Test Target: 
    Data Time 0.3063 (0.0038)
    Batch Time 13.4114 (0.1676)
    Learning Rate 0.0001
Accuracy 0.3310 0.3310
    Precision 0.2052 0.9156
    Recall 0.9186 0.1986
    F1 0.3354 0.3265
Acc_avg 0.3310 Prec_avg 0.5604 Recall_avg 0.5586 F1_avg 0.3309
    Total Loss 2.8596 Global Cls Loss 1.4073 Local Cls Loss 1.4523 AFN Loss 0.0000

    [Train]: 
    Epoch 13
    Data Time 0.8975 (0.0209)
    Batch Time 12.4427 (0.2894)
    Learning Rate 0.0001
Accuracy 0.9157 0.9157
    Precision 0.9157 0.9157
    Recall 0.9183 0.9130
    F1 0.9170 0.9143
    Acc_avg 0.9157 Prec_avg 0.9157 Recall_avg 0.9157 F1_avg 0.9157
    Total Loss 0.4178 Global Cls Loss 0.2046 Local Cls Loss 0.2132 AFN Loss 0.0000
Starting Source Data Testing

    Test Source: 
    Data Time 0.0434 (0.0043)
    Batch Time 1.7382 (0.1738)
    Learning Rate 0.0001
Accuracy 0.7547 0.7547
    Precision 0.7703 0.7412
    Recall 0.7215 0.7875
    F1 0.7451 0.7636
Acc_avg 0.7547 Prec_avg 0.7557 Recall_avg 0.7545 F1_avg 0.7544
    Total Loss 1.3014 Global Cls Loss 0.6478 Local Cls Loss 0.6536 AFN Loss 0.0000

    Test Target: 
    Data Time 0.3143 (0.0039)
    Batch Time 13.4927 (0.1687)
    Learning Rate 0.0001
Accuracy 0.4904 0.4904
    Precision 0.2276 0.8815
    Recall 0.7409 0.4339
    F1 0.3483 0.5816
Acc_avg 0.4904 Prec_avg 0.5546 Recall_avg 0.5874 F1_avg 0.4649
    Total Loss 1.9465 Global Cls Loss 1.0512 Local Cls Loss 0.8953 AFN Loss 0.0000

    [Train]: 
    Epoch 14
    Data Time 1.0560 (0.0246)
    Batch Time 12.4919 (0.2905)
    Learning Rate 0.0001
Accuracy 0.9288 0.9288
    Precision 0.9256 0.9322
    Recall 0.9361 0.9211
    F1 0.9308 0.9266
    Acc_avg 0.9288 Prec_avg 0.9289 Recall_avg 0.9286 F1_avg 0.9287
    Total Loss 0.3560 Global Cls Loss 0.1748 Local Cls Loss 0.1813 AFN Loss 0.0000
Starting Source Data Testing

    Test Source: 
    Data Time 0.0409 (0.0041)
    Batch Time 1.7011 (0.1701)
    Learning Rate 0.0001
Accuracy 0.7673 0.7673
    Precision 0.7800 0.7560
    Recall 0.7405 0.7937
    F1 0.7597 0.7744
Acc_avg 0.7673 Prec_avg 0.7680 Recall_avg 0.7671 F1_avg 0.7671
    Total Loss 1.2904 Global Cls Loss 0.6378 Local Cls Loss 0.6526 AFN Loss 0.0000

    Test Target: 
    Data Time 0.3102 (0.0039)
    Batch Time 13.3785 (0.1672)
    Learning Rate 0.0001
Accuracy 0.2704 0.2704
    Precision 0.1938 0.8986
    Recall 0.9400 0.1196
    F1 0.3214 0.2111
Acc_avg 0.2704 Prec_avg 0.5462 Recall_avg 0.5298 F1_avg 0.2662
    Total Loss 3.5075 Global Cls Loss 1.9212 Local Cls Loss 1.5863 AFN Loss 0.0000

    [Train]: 
    Epoch 15
    Data Time 1.0156 (0.0236)
    Batch Time 12.3960 (0.2883)
    Learning Rate 0.0001
Accuracy 0.9222 0.9222
    Precision 0.9231 0.9214
    Recall 0.9244 0.9200
    F1 0.9237 0.9207
    Acc_avg 0.9222 Prec_avg 0.9222 Recall_avg 0.9222 F1_avg 0.9222
    Total Loss 0.4040 Global Cls Loss 0.1977 Local Cls Loss 0.2063 AFN Loss 0.0000
Starting Source Data Testing

    Test Source: 
    Data Time 0.0416 (0.0042)
    Batch Time 1.6676 (0.1668)
    Learning Rate 0.0001
Accuracy 0.7453 0.7453
    Precision 0.7251 0.7687
    Recall 0.7848 0.7063
    F1 0.7538 0.7362
Acc_avg 0.7453 Prec_avg 0.7469 Recall_avg 0.7455 F1_avg 0.7450
    Total Loss 1.2503 Global Cls Loss 0.6439 Local Cls Loss 0.6064 AFN Loss 0.0000

    Test Target: 
    Data Time 0.3119 (0.0039)
    Batch Time 13.4732 (0.1684)
    Learning Rate 0.0001
Accuracy 0.6257 0.6257
    Precision 0.2682 0.8751
    Recall 0.5996 0.6316
    F1 0.3706 0.7337
Acc_avg 0.6257 Prec_avg 0.5716 Recall_avg 0.6156 F1_avg 0.5522
    Total Loss 1.6617 Global Cls Loss 0.8139 Local Cls Loss 0.8479 AFN Loss 0.0000

    [Train]: 
    Epoch 16
    Data Time 0.9756 (0.0227)
    Batch Time 12.3741 (0.2878)
    Learning Rate 0.0001
Accuracy 0.9353 0.9353
    Precision 0.9423 0.9283
    Recall 0.9302 0.9407
    F1 0.9362 0.9344
    Acc_avg 0.9353 Prec_avg 0.9353 Recall_avg 0.9354 F1_avg 0.9353
    Total Loss 0.3302 Global Cls Loss 0.1601 Local Cls Loss 0.1701 AFN Loss 0.0000
Starting Source Data Testing

    Test Source: 
    Data Time 0.0430 (0.0043)
    Batch Time 1.7573 (0.1757)
    Learning Rate 0.0001
Accuracy 0.7956 0.7956
    Precision 0.7657 0.8322
    Recall 0.8481 0.7438
    F1 0.8048 0.7855
Acc_avg 0.7956 Prec_avg 0.7989 Recall_avg 0.7959 F1_avg 0.7951
    Total Loss 1.2418 Global Cls Loss 0.6207 Local Cls Loss 0.6211 AFN Loss 0.0000
Recall Better than Best Recall
[Save] Best Recall: 0.7959.

    Test Target: 
    Data Time 0.3236 (0.0040)
    Batch Time 13.5549 (0.1694)
    Learning Rate 0.0001
Accuracy 0.6848 0.6848
    Precision 0.2938 0.8677
    Recall 0.5096 0.7242
    F1 0.3727 0.7895
Acc_avg 0.6848 Prec_avg 0.5808 Recall_avg 0.6169 F1_avg 0.5811
    Total Loss 1.3755 Global Cls Loss 0.6796 Local Cls Loss 0.6959 AFN Loss 0.0000

    [Train]: 
    Epoch 17
    Data Time 0.8364 (0.0195)
    Batch Time 12.4128 (0.2887)
    Learning Rate 0.0001
Accuracy 0.9397 0.9397
    Precision 0.9455 0.9337
    Recall 0.9361 0.9435
    F1 0.9408 0.9386
    Acc_avg 0.9397 Prec_avg 0.9396 Recall_avg 0.9398 F1_avg 0.9397
    Total Loss 0.3155 Global Cls Loss 0.1563 Local Cls Loss 0.1592 AFN Loss 0.0000
Starting Source Data Testing

    Test Source: 
    Data Time 0.0444 (0.0044)
    Batch Time 1.7534 (0.1753)
    Learning Rate 0.0001
Accuracy 0.7453 0.7453
    Precision 0.7278 0.7651
    Recall 0.7785 0.7125
    F1 0.7523 0.7379
Acc_avg 0.7453 Prec_avg 0.7465 Recall_avg 0.7455 F1_avg 0.7451
    Total Loss 1.3311 Global Cls Loss 0.6836 Local Cls Loss 0.6475 AFN Loss 0.0000

    Test Target: 
    Data Time 0.3142 (0.0039)
    Batch Time 13.3788 (0.1672)
    Learning Rate 0.0001
Accuracy 0.6734 0.6734
    Precision 0.2658 0.8522
    Recall 0.4411 0.7257
    F1 0.3317 0.7839
Acc_avg 0.6734 Prec_avg 0.5590 Recall_avg 0.5834 F1_avg 0.5578
    Total Loss 1.4135 Global Cls Loss 0.6957 Local Cls Loss 0.7178 AFN Loss 0.0000

    [Train]: 
    Epoch 18
    Data Time 0.9905 (0.0230)
    Batch Time 12.6253 (0.2936)
    Learning Rate 0.0001
Accuracy 0.9390 0.9390
    Precision 0.9393 0.9386
    Recall 0.9419 0.9358
    F1 0.9406 0.9372
    Acc_avg 0.9390 Prec_avg 0.9389 Recall_avg 0.9389 F1_avg 0.9389
    Total Loss 0.3376 Global Cls Loss 0.1644 Local Cls Loss 0.1733 AFN Loss 0.0000
Starting Source Data Testing

    Test Source: 
    Data Time 0.0602 (0.0060)
    Batch Time 1.9574 (0.1957)
    Learning Rate 0.0001
Accuracy 0.7547 0.7547
    Precision 0.7597 0.7500
    Recall 0.7405 0.7688
    F1 0.7500 0.7593
Acc_avg 0.7547 Prec_avg 0.7549 Recall_avg 0.7546 F1_avg 0.7546
    Total Loss 1.2964 Global Cls Loss 0.6428 Local Cls Loss 0.6536 AFN Loss 0.0000

    Test Target: 
    Data Time 0.3190 (0.0040)
    Batch Time 13.8102 (0.1726)
    Learning Rate 0.0001
Accuracy 0.4113 0.4113
    Precision 0.2105 0.8783
    Recall 0.8009 0.3235
    F1 0.3333 0.4729
Acc_avg 0.4113 Prec_avg 0.5444 Recall_avg 0.5622 F1_avg 0.4031
    Total Loss 2.1062 Global Cls Loss 1.1453 Local Cls Loss 0.9609 AFN Loss 0.0000

    [Train]: 
    Epoch 19
    Data Time 1.1725 (0.0273)
    Batch Time 12.5952 (0.2929)
    Learning Rate 0.0001
Accuracy 0.9411 0.9411
    Precision 0.9456 0.9366
    Recall 0.9388 0.9435
    F1 0.9422 0.9400
    Acc_avg 0.9411 Prec_avg 0.9411 Recall_avg 0.9412 F1_avg 0.9411
    Total Loss 0.2712 Global Cls Loss 0.1328 Local Cls Loss 0.1384 AFN Loss 0.0000
Starting Source Data Testing

    Test Source: 
    Data Time 0.0430 (0.0043)
    Batch Time 1.7227 (0.1723)
    Learning Rate 0.0001
Accuracy 0.7799 0.7799
    Precision 0.7857 0.7744
    Recall 0.7658 0.7937
    F1 0.7756 0.7840
Acc_avg 0.7799 Prec_avg 0.7801 Recall_avg 0.7798 F1_avg 0.7798
    Total Loss 1.2904 Global Cls Loss 0.6712 Local Cls Loss 0.6192 AFN Loss 0.0000

    Test Target: 
    Data Time 0.3044 (0.0038)
    Batch Time 13.3272 (0.1666)
    Learning Rate 0.0001
Accuracy 0.5482 0.5482
    Precision 0.2354 0.8692
    Recall 0.6488 0.5256
    F1 0.3455 0.6550
Acc_avg 0.5482 Prec_avg 0.5523 Recall_avg 0.5872 F1_avg 0.5003
    Total Loss 2.0286 Global Cls Loss 0.9660 Local Cls Loss 1.0626 AFN Loss 0.0000

    [Train]: 
    Epoch 20
    Data Time 0.9831 (0.0229)
    Batch Time 12.4297 (0.2891)
    Learning Rate 0.0001
Accuracy 0.9462 0.9462
    Precision 0.9538 0.9386
    Recall 0.9402 0.9525
    F1 0.9469 0.9455
    Acc_avg 0.9462 Prec_avg 0.9462 Recall_avg 0.9463 F1_avg 0.9462
    Total Loss 0.2991 Global Cls Loss 0.1494 Local Cls Loss 0.1497 AFN Loss 0.0000
Starting Source Data Testing

    Test Source: 
    Data Time 0.0404 (0.0040)
    Batch Time 1.6761 (0.1676)
    Learning Rate 0.0001
Accuracy 0.7579 0.7579
    Precision 0.7396 0.7785
    Recall 0.7911 0.7250
    F1 0.7645 0.7508
Acc_avg 0.7579 Prec_avg 0.7591 Recall_avg 0.7581 F1_avg 0.7577
    Total Loss 1.5452 Global Cls Loss 0.7856 Local Cls Loss 0.7596 AFN Loss 0.0000

    Test Target: 
    Data Time 0.3172 (0.0040)
    Batch Time 13.5367 (0.1692)
    Learning Rate 0.0001
Accuracy 0.4786 0.4786
    Precision 0.1957 0.8311
    Recall 0.5910 0.4532
    F1 0.2941 0.5866
Acc_avg 0.4786 Prec_avg 0.5134 Recall_avg 0.5221 F1_avg 0.4403
    Total Loss 2.4308 Global Cls Loss 1.2245 Local Cls Loss 1.2064 AFN Loss 0.0000

    [Train]: 
    Epoch 21
    Data Time 0.9536 (0.0222)
    Batch Time 12.5492 (0.2918)
    Learning Rate 1e-05
Accuracy 0.9499 0.9499
    Precision 0.9441 0.9561
    Recall 0.9588 0.9405
    F1 0.9514 0.9482
    Acc_avg 0.9499 Prec_avg 0.9501 Recall_avg 0.9496 F1_avg 0.9498
    Total Loss 0.2516 Global Cls Loss 0.1269 Local Cls Loss 0.1248 AFN Loss 0.0000
Starting Source Data Testing

    Test Source: 
    Data Time 0.0401 (0.0040)
    Batch Time 1.7250 (0.1725)
    Learning Rate 1e-05
Accuracy 0.7642 0.7642
    Precision 0.7399 0.7931
    Recall 0.8101 0.7188
    F1 0.7734 0.7541
Acc_avg 0.7642 Prec_avg 0.7665 Recall_avg 0.7644 F1_avg 0.7638
    Total Loss 1.3745 Global Cls Loss 0.6900 Local Cls Loss 0.6844 AFN Loss 0.0000

    Test Target: 
    Data Time 0.3105 (0.0039)
    Batch Time 13.3490 (0.1669)
    Learning Rate 1e-05
Accuracy 0.5254 0.5254
    Precision 0.2051 0.8370
    Recall 0.5503 0.5198
    F1 0.2988 0.6413
Acc_avg 0.5254 Prec_avg 0.5210 Recall_avg 0.5350 F1_avg 0.4701
    Total Loss 2.1326 Global Cls Loss 1.0534 Local Cls Loss 1.0791 AFN Loss 0.0000

    [Train]: 
    Epoch 22
    Data Time 1.0448 (0.0243)
    Batch Time 12.0879 (0.2811)
    Learning Rate 1e-05
Accuracy 0.9637 0.9637
    Precision 0.9620 0.9654
    Recall 0.9675 0.9596
    F1 0.9647 0.9625
    Acc_avg 0.9637 Prec_avg 0.9637 Recall_avg 0.9636 F1_avg 0.9636
    Total Loss 0.1868 Global Cls Loss 0.0923 Local Cls Loss 0.0945 AFN Loss 0.0000
Starting Source Data Testing

    Test Source: 
    Data Time 0.0391 (0.0039)
    Batch Time 1.7129 (0.1713)
    Learning Rate 1e-05
Accuracy 0.7610 0.7610
    Precision 0.7440 0.7800
    Recall 0.7911 0.7312
    F1 0.7669 0.7548
Acc_avg 0.7610 Prec_avg 0.7620 Recall_avg 0.7612 F1_avg 0.7609
    Total Loss 1.3647 Global Cls Loss 0.6834 Local Cls Loss 0.6813 AFN Loss 0.0000

    Test Target: 
    Data Time 0.3200 (0.0040)
    Batch Time 13.4630 (0.1683)
    Learning Rate 1e-05
Accuracy 0.5199 0.5199
    Precision 0.2115 0.8455
    Recall 0.5910 0.5039
    F1 0.3115 0.6314
Acc_avg 0.5199 Prec_avg 0.5285 Recall_avg 0.5474 F1_avg 0.4715
    Total Loss 2.1377 Global Cls Loss 1.0612 Local Cls Loss 1.0765 AFN Loss 0.0000

    [Train]: 
    Epoch 23
    Data Time 0.9707 (0.0226)
    Batch Time 12.3405 (0.2870)
    Learning Rate 1e-05
Accuracy 0.9651 0.9651
    Precision 0.9672 0.9630
    Recall 0.9644 0.9658
    F1 0.9658 0.9644
    Acc_avg 0.9651 Prec_avg 0.9651 Recall_avg 0.9651 F1_avg 0.9651
    Total Loss 0.1906 Global Cls Loss 0.0936 Local Cls Loss 0.0971 AFN Loss 0.0000
Starting Source Data Testing

    Test Source: 
    Data Time 0.0622 (0.0062)
    Batch Time 1.6722 (0.1672)
    Learning Rate 1e-05
Accuracy 0.7642 0.7642
    Precision 0.7456 0.7852
    Recall 0.7975 0.7312
    F1 0.7706 0.7573
Acc_avg 0.7642 Prec_avg 0.7654 Recall_avg 0.7644 F1_avg 0.7640
    Total Loss 1.3057 Global Cls Loss 0.6547 Local Cls Loss 0.6510 AFN Loss 0.0000

    Test Target: 
    Data Time 0.3119 (0.0039)
    Batch Time 13.2846 (0.1661)
    Learning Rate 1e-05
Accuracy 0.5474 0.5474
    Precision 0.2142 0.8432
    Recall 0.5482 0.5473
    F1 0.3081 0.6637
Acc_avg 0.5474 Prec_avg 0.5287 Recall_avg 0.5477 F1_avg 0.4859
    Total Loss 1.9631 Global Cls Loss 0.9850 Local Cls Loss 0.9780 AFN Loss 0.0000

    [Train]: 
    Epoch 24
    Data Time 1.0755 (0.0250)
    Batch Time 12.7546 (0.2966)
    Learning Rate 1e-05
Accuracy 0.9709 0.9709
    Precision 0.9770 0.9647
    Recall 0.9659 0.9762
    F1 0.9714 0.9704
    Acc_avg 0.9709 Prec_avg 0.9709 Recall_avg 0.9710 F1_avg 0.9709
    Total Loss 0.1700 Global Cls Loss 0.0829 Local Cls Loss 0.0870 AFN Loss 0.0000
Starting Source Data Testing

    Test Source: 
    Data Time 0.0421 (0.0042)
    Batch Time 1.7391 (0.1739)
    Learning Rate 1e-05
Accuracy 0.7673 0.7673
    Precision 0.7500 0.7867
    Recall 0.7975 0.7375
    F1 0.7730 0.7613
Acc_avg 0.7673 Prec_avg 0.7683 Recall_avg 0.7675 F1_avg 0.7671
    Total Loss 1.3169 Global Cls Loss 0.6612 Local Cls Loss 0.6558 AFN Loss 0.0000

    Test Target: 
    Data Time 0.3131 (0.0039)
    Batch Time 13.3965 (0.1675)
    Learning Rate 1e-05
Accuracy 0.5061 0.5061
    Precision 0.2182 0.8583
    Recall 0.6531 0.4730
    F1 0.3271 0.6099
Acc_avg 0.5061 Prec_avg 0.5382 Recall_avg 0.5631 F1_avg 0.4685
    Total Loss 2.2533 Global Cls Loss 1.1378 Local Cls Loss 1.1154 AFN Loss 0.0000

    [Train]: 
    Epoch 25
    Data Time 0.8979 (0.0209)
    Batch Time 12.6426 (0.2940)
    Learning Rate 1e-05
Accuracy 0.9695 0.9695
    Precision 0.9636 0.9758
    Recall 0.9773 0.9613
    F1 0.9704 0.9685
    Acc_avg 0.9695 Prec_avg 0.9697 Recall_avg 0.9693 F1_avg 0.9694
    Total Loss 0.1789 Global Cls Loss 0.0868 Local Cls Loss 0.0921 AFN Loss 0.0000
Starting Source Data Testing

    Test Source: 
    Data Time 0.0438 (0.0044)
    Batch Time 1.7501 (0.1750)
    Learning Rate 1e-05
Accuracy 0.7516 0.7516
    Precision 0.7310 0.7755
    Recall 0.7911 0.7125
    F1 0.7599 0.7427
Acc_avg 0.7516 Prec_avg 0.7533 Recall_avg 0.7518 F1_avg 0.7513
    Total Loss 1.3255 Global Cls Loss 0.6648 Local Cls Loss 0.6607 AFN Loss 0.0000

    Test Target: 
    Data Time 0.3140 (0.0039)
    Batch Time 13.4310 (0.1679)
    Learning Rate 1e-05
Accuracy 0.4967 0.4967
    Precision 0.2204 0.8650
    Recall 0.6852 0.4542
    F1 0.3335 0.5956
Acc_avg 0.4967 Prec_avg 0.5427 Recall_avg 0.5697 F1_avg 0.4646
    Total Loss 2.3016 Global Cls Loss 1.1813 Local Cls Loss 1.1203 AFN Loss 0.0000

    [Train]: 
    Epoch 26
    Data Time 0.9937 (0.0231)
    Batch Time 12.5964 (0.2929)
    Learning Rate 1e-05
Accuracy 0.9804 0.9804
    Precision 0.9801 0.9807
    Recall 0.9815 0.9792
    F1 0.9808 0.9799
    Acc_avg 0.9804 Prec_avg 0.9804 Recall_avg 0.9804 F1_avg 0.9804
    Total Loss 0.1370 Global Cls Loss 0.0630 Local Cls Loss 0.0740 AFN Loss 0.0000
Starting Source Data Testing

    Test Source: 
    Data Time 0.0426 (0.0043)
    Batch Time 1.7276 (0.1728)
    Learning Rate 1e-05
Accuracy 0.7579 0.7579
    Precision 0.7341 0.7862
    Recall 0.8038 0.7125
    F1 0.7674 0.7475
Acc_avg 0.7579 Prec_avg 0.7602 Recall_avg 0.7581 F1_avg 0.7575
    Total Loss 1.3475 Global Cls Loss 0.6785 Local Cls Loss 0.6690 AFN Loss 0.0000

    Test Target: 
    Data Time 0.3112 (0.0039)
    Batch Time 13.3380 (0.1667)
    Learning Rate 1e-05
Accuracy 0.4884 0.4884
    Precision 0.2210 0.8693
    Recall 0.7066 0.4392
    F1 0.3367 0.5836
Acc_avg 0.4884 Prec_avg 0.5452 Recall_avg 0.5729 F1_avg 0.4602
    Total Loss 2.4688 Global Cls Loss 1.2280 Local Cls Loss 1.2408 AFN Loss 0.0000

    [Train]: 
    Epoch 27
    Data Time 1.0264 (0.0239)
    Batch Time 12.3999 (0.2884)
    Learning Rate 1e-05
Accuracy 0.9847 0.9847
    Precision 0.9872 0.9822
    Recall 0.9830 0.9866
    F1 0.9851 0.9844
    Acc_avg 0.9847 Prec_avg 0.9847 Recall_avg 0.9848 F1_avg 0.9847
    Total Loss 0.1292 Global Cls Loss 0.0610 Local Cls Loss 0.0682 AFN Loss 0.0000
Starting Source Data Testing

    Test Source: 
    Data Time 0.0393 (0.0039)
    Batch Time 1.6922 (0.1692)
    Learning Rate 1e-05
Accuracy 0.7736 0.7736
    Precision 0.7722 0.7750
    Recall 0.7722 0.7750
    F1 0.7722 0.7750
Acc_avg 0.7736 Prec_avg 0.7736 Recall_avg 0.7736 F1_avg 0.7736
    Total Loss 1.3218 Global Cls Loss 0.6616 Local Cls Loss 0.6601 AFN Loss 0.0000

    Test Target: 
    Data Time 0.3253 (0.0041)
    Batch Time 13.5119 (0.1689)
    Learning Rate 1e-05
Accuracy 0.5187 0.5187
    Precision 0.2296 0.8723
    Recall 0.6874 0.4807
    F1 0.3442 0.6198
Acc_avg 0.5187 Prec_avg 0.5509 Recall_avg 0.5840 F1_avg 0.4820
    Total Loss 2.2710 Global Cls Loss 1.1382 Local Cls Loss 1.1328 AFN Loss 0.0000

    [Train]: 
    Epoch 28
    Data Time 1.0876 (0.0253)
    Batch Time 12.8854 (0.2997)
    Learning Rate 1e-05
Accuracy 0.9746 0.9746
    Precision 0.9704 0.9790
    Recall 0.9801 0.9688
    F1 0.9752 0.9739
    Acc_avg 0.9746 Prec_avg 0.9747 Recall_avg 0.9744 F1_avg 0.9745
    Total Loss 0.1582 Global Cls Loss 0.0766 Local Cls Loss 0.0816 AFN Loss 0.0000
Starting Source Data Testing

    Test Source: 
    Data Time 0.0491 (0.0049)
    Batch Time 1.6708 (0.1671)
    Learning Rate 1e-05
Accuracy 0.7579 0.7579
    Precision 0.7396 0.7785
    Recall 0.7911 0.7250
    F1 0.7645 0.7508
Acc_avg 0.7579 Prec_avg 0.7591 Recall_avg 0.7581 F1_avg 0.7577
    Total Loss 1.3196 Global Cls Loss 0.6646 Local Cls Loss 0.6550 AFN Loss 0.0000

    Test Target: 
    Data Time 0.3184 (0.0040)
    Batch Time 13.6065 (0.1701)
    Learning Rate 1e-05
Accuracy 0.5203 0.5203
    Precision 0.2243 0.8632
    Recall 0.6552 0.4899
    F1 0.3342 0.6250
Acc_avg 0.5203 Prec_avg 0.5438 Recall_avg 0.5726 F1_avg 0.4796
    Total Loss 2.2837 Global Cls Loss 1.1191 Local Cls Loss 1.1646 AFN Loss 0.0000

    [Train]: 
    Epoch 29
    Data Time 1.0115 (0.0235)
    Batch Time 13.3771 (0.3111)
    Learning Rate 1e-05
Accuracy 0.9731 0.9731
    Precision 0.9757 0.9704
    Recall 0.9716 0.9747
    F1 0.9737 0.9725
    Acc_avg 0.9731 Prec_avg 0.9731 Recall_avg 0.9731 F1_avg 0.9731
    Total Loss 0.1449 Global Cls Loss 0.0720 Local Cls Loss 0.0729 AFN Loss 0.0000
Starting Source Data Testing

    Test Source: 
    Data Time 0.0877 (0.0088)
    Batch Time 1.7801 (0.1780)
    Learning Rate 1e-05
Accuracy 0.7799 0.7799
    Precision 0.7619 0.8000
    Recall 0.8101 0.7500
    F1 0.7853 0.7742
Acc_avg 0.7799 Prec_avg 0.7810 Recall_avg 0.7801 F1_avg 0.7797
    Total Loss 1.3194 Global Cls Loss 0.6633 Local Cls Loss 0.6561 AFN Loss 0.0000

    Test Target: 
    Data Time 0.3119 (0.0039)
    Batch Time 13.4418 (0.1680)
    Learning Rate 1e-05
Accuracy 0.4656 0.4656
    Precision 0.2235 0.8849
    Recall 0.7709 0.3968
    F1 0.3465 0.5479
Acc_avg 0.4656 Prec_avg 0.5542 Recall_avg 0.5838 F1_avg 0.4472
    Total Loss 2.6460 Global Cls Loss 1.3136 Local Cls Loss 1.3324 AFN Loss 0.0000

    [Train]: 
    Epoch 30
    Data Time 0.9891 (0.0230)
    Batch Time 12.4000 (0.2884)
    Learning Rate 1e-05
Accuracy 0.9826 0.9826
    Precision 0.9774 0.9880
    Recall 0.9886 0.9763
    F1 0.9830 0.9821
    Acc_avg 0.9826 Prec_avg 0.9827 Recall_avg 0.9824 F1_avg 0.9825
    Total Loss 0.1063 Global Cls Loss 0.0515 Local Cls Loss 0.0548 AFN Loss 0.0000
Starting Source Data Testing

    Test Source: 
    Data Time 0.0919 (0.0092)
    Batch Time 1.7238 (0.1724)
    Learning Rate 1e-05
Accuracy 0.7642 0.7642
    Precision 0.7485 0.7815
    Recall 0.7911 0.7375
    F1 0.7692 0.7588
Acc_avg 0.7642 Prec_avg 0.7650 Recall_avg 0.7643 F1_avg 0.7640
    Total Loss 1.3396 Global Cls Loss 0.6730 Local Cls Loss 0.6667 AFN Loss 0.0000

    Test Target: 
    Data Time 0.3139 (0.0039)
    Batch Time 13.4875 (0.1686)
    Learning Rate 1e-05
Accuracy 0.4447 0.4447
    Precision 0.2187 0.8841
    Recall 0.7859 0.3679
    F1 0.3422 0.5196
Acc_avg 0.4447 Prec_avg 0.5514 Recall_avg 0.5769 F1_avg 0.4309
    Total Loss 2.7540 Global Cls Loss 1.3792 Local Cls Loss 1.3748 AFN Loss 0.0000

    [Train]: 
    Epoch 31
    Data Time 0.9480 (0.0220)
    Batch Time 12.6162 (0.2934)
    Learning Rate 1e-05
Accuracy 0.9695 0.9695
    Precision 0.9688 0.9702
    Recall 0.9715 0.9674
    F1 0.9701 0.9688
    Acc_avg 0.9695 Prec_avg 0.9695 Recall_avg 0.9694 F1_avg 0.9695
    Total Loss 0.1668 Global Cls Loss 0.0816 Local Cls Loss 0.0852 AFN Loss 0.0000
Starting Source Data Testing

    Test Source: 
    Data Time 0.0435 (0.0044)
    Batch Time 1.7559 (0.1756)
    Learning Rate 1e-05
Accuracy 0.7610 0.7610
    Precision 0.7356 0.7917
    Recall 0.8101 0.7125
    F1 0.7711 0.7500
Acc_avg 0.7610 Prec_avg 0.7636 Recall_avg 0.7613 F1_avg 0.7605
    Total Loss 1.3571 Global Cls Loss 0.6813 Local Cls Loss 0.6758 AFN Loss 0.0000

    Test Target: 
    Data Time 0.3133 (0.0039)
    Batch Time 13.3824 (0.1673)
    Learning Rate 1e-05
Accuracy 0.4514 0.4514
    Precision 0.2216 0.8881
    Recall 0.7901 0.3751
    F1 0.3462 0.5275
Acc_avg 0.4514 Prec_avg 0.5549 Recall_avg 0.5826 F1_avg 0.4368
    Total Loss 2.7651 Global Cls Loss 1.3675 Local Cls Loss 1.3976 AFN Loss 0.0000

    [Train]: 
    Epoch 32
    Data Time 0.9175 (0.0213)
    Batch Time 12.7226 (0.2959)
    Learning Rate 1e-05
Accuracy 0.9782 0.9782
    Precision 0.9800 0.9763
    Recall 0.9772 0.9792
    F1 0.9786 0.9778
    Acc_avg 0.9782 Prec_avg 0.9782 Recall_avg 0.9782 F1_avg 0.9782
    Total Loss 0.1259 Global Cls Loss 0.0597 Local Cls Loss 0.0661 AFN Loss 0.0000
Starting Source Data Testing

    Test Source: 
    Data Time 0.0942 (0.0094)
    Batch Time 1.7383 (0.1738)
    Learning Rate 1e-05
Accuracy 0.7673 0.7673
    Precision 0.7593 0.7756
    Recall 0.7785 0.7562
    F1 0.7688 0.7658
Acc_avg 0.7673 Prec_avg 0.7675 Recall_avg 0.7674 F1_avg 0.7673
    Total Loss 1.3874 Global Cls Loss 0.6963 Local Cls Loss 0.6912 AFN Loss 0.0000

    Test Target: 
    Data Time 0.3153 (0.0039)
    Batch Time 13.4459 (0.1681)
    Learning Rate 1e-05
Accuracy 0.5266 0.5266
    Precision 0.2298 0.8694
    Recall 0.6702 0.4942
    F1 0.3423 0.6302
Acc_avg 0.5266 Prec_avg 0.5496 Recall_avg 0.5822 F1_avg 0.4862
    Total Loss 2.1970 Global Cls Loss 1.0941 Local Cls Loss 1.1029 AFN Loss 0.0000

    [Train]: 
    Epoch 33
    Data Time 1.2353 (0.0287)
    Batch Time 12.5498 (0.2919)
    Learning Rate 1e-05
Accuracy 0.9855 0.9855
    Precision 0.9871 0.9838
    Recall 0.9843 0.9867
    F1 0.9857 0.9852
    Acc_avg 0.9855 Prec_avg 0.9854 Recall_avg 0.9855 F1_avg 0.9855
    Total Loss 0.1043 Global Cls Loss 0.0508 Local Cls Loss 0.0535 AFN Loss 0.0000
Starting Source Data Testing

    Test Source: 
    Data Time 0.0414 (0.0041)
    Batch Time 1.7043 (0.1704)
    Learning Rate 1e-05
Accuracy 0.7673 0.7673
    Precision 0.7500 0.7867
    Recall 0.7975 0.7375
    F1 0.7730 0.7613
Acc_avg 0.7673 Prec_avg 0.7683 Recall_avg 0.7675 F1_avg 0.7671
    Total Loss 1.3704 Global Cls Loss 0.6872 Local Cls Loss 0.6831 AFN Loss 0.0000

    Test Target: 
    Data Time 0.3083 (0.0039)
    Batch Time 13.2205 (0.1653)
    Learning Rate 1e-05
Accuracy 0.4864 0.4864
    Precision 0.2300 0.8888
    Recall 0.7645 0.4238
    F1 0.3536 0.5739
Acc_avg 0.4864 Prec_avg 0.5594 Recall_avg 0.5941 F1_avg 0.4638
    Total Loss 2.5461 Global Cls Loss 1.2618 Local Cls Loss 1.2843 AFN Loss 0.0000

    [Train]: 
    Epoch 34
    Data Time 0.9983 (0.0232)
    Batch Time 12.5809 (0.2926)
    Learning Rate 1e-05
Accuracy 0.9782 0.9782
    Precision 0.9707 0.9863
    Recall 0.9872 0.9687
    F1 0.9789 0.9774
    Acc_avg 0.9782 Prec_avg 0.9785 Recall_avg 0.9780 F1_avg 0.9782
    Total Loss 0.1274 Global Cls Loss 0.0617 Local Cls Loss 0.0658 AFN Loss 0.0000
Starting Source Data Testing

    Test Source: 
    Data Time 0.0433 (0.0043)
    Batch Time 1.6818 (0.1682)
    Learning Rate 1e-05
Accuracy 0.7799 0.7799
    Precision 0.7651 0.7961
    Recall 0.8038 0.7562
    F1 0.7840 0.7756
Acc_avg 0.7799 Prec_avg 0.7806 Recall_avg 0.7800 F1_avg 0.7798
    Total Loss 1.3755 Global Cls Loss 0.6905 Local Cls Loss 0.6850 AFN Loss 0.0000

    Test Target: 
    Data Time 0.3313 (0.0041)
    Batch Time 13.2976 (0.1662)
    Learning Rate 1e-05
Accuracy 0.5407 0.5407
    Precision 0.2392 0.8782
    Recall 0.6874 0.5077
    F1 0.3549 0.6434
Acc_avg 0.5407 Prec_avg 0.5587 Recall_avg 0.5975 F1_avg 0.4992
    Total Loss 2.2080 Global Cls Loss 1.0986 Local Cls Loss 1.1094 AFN Loss 0.0000

    [Train]: 
    Epoch 35
    Data Time 0.9653 (0.0224)
    Batch Time 12.8042 (0.2978)
    Learning Rate 1e-05
Accuracy 0.9898 0.9898
    Precision 0.9886 0.9911
    Recall 0.9914 0.9881
    F1 0.9900 0.9896
    Acc_avg 0.9898 Prec_avg 0.9899 Recall_avg 0.9898 F1_avg 0.9898
    Total Loss 0.0878 Global Cls Loss 0.0421 Local Cls Loss 0.0457 AFN Loss 0.0000
Starting Source Data Testing

    Test Source: 
    Data Time 0.0427 (0.0043)
    Batch Time 1.7417 (0.1742)
    Learning Rate 1e-05
Accuracy 0.7767 0.7767
    Precision 0.7636 0.7908
    Recall 0.7975 0.7562
    F1 0.7802 0.7732
Acc_avg 0.7767 Prec_avg 0.7772 Recall_avg 0.7769 F1_avg 0.7767
    Total Loss 1.4059 Global Cls Loss 0.7085 Local Cls Loss 0.6973 AFN Loss 0.0000

    Test Target: 
    Data Time 0.3129 (0.0039)
    Batch Time 13.3109 (0.1664)
    Learning Rate 1e-05
Accuracy 0.5482 0.5482
    Precision 0.2383 0.8734
    Recall 0.6638 0.5222
    F1 0.3507 0.6536
Acc_avg 0.5482 Prec_avg 0.5558 Recall_avg 0.5930 F1_avg 0.5021
    Total Loss 2.2354 Global Cls Loss 1.0838 Local Cls Loss 1.1517 AFN Loss 0.0000

    [Train]: 
    Epoch 36
    Data Time 0.9762 (0.0227)
    Batch Time 12.5024 (0.2908)
    Learning Rate 1e-05
Accuracy 0.9789 0.9789
    Precision 0.9842 0.9735
    Recall 0.9745 0.9836
    F1 0.9793 0.9785
    Acc_avg 0.9789 Prec_avg 0.9788 Recall_avg 0.9790 F1_avg 0.9789
    Total Loss 0.1162 Global Cls Loss 0.0553 Local Cls Loss 0.0609 AFN Loss 0.0000
Starting Source Data Testing

    Test Source: 
    Data Time 0.0544 (0.0054)
    Batch Time 1.7278 (0.1728)
    Learning Rate 1e-05
Accuracy 0.7862 0.7862
    Precision 0.7885 0.7840
    Recall 0.7785 0.7937
    F1 0.7834 0.7888
Acc_avg 0.7862 Prec_avg 0.7862 Recall_avg 0.7861 F1_avg 0.7861
    Total Loss 1.3729 Global Cls Loss 0.6916 Local Cls Loss 0.6813 AFN Loss 0.0000

    Test Target: 
    Data Time 0.3065 (0.0038)
    Batch Time 13.2529 (0.1657)
    Learning Rate 1e-05
Accuracy 0.5608 0.5608
    Precision 0.2402 0.8707
    Recall 0.6424 0.5424
    F1 0.3497 0.6684
Acc_avg 0.5608 Prec_avg 0.5555 Recall_avg 0.5924 F1_avg 0.5090
    Total Loss 2.0750 Global Cls Loss 1.0306 Local Cls Loss 1.0444 AFN Loss 0.0000

    [Train]: 
    Epoch 37
    Data Time 1.0703 (0.0249)
    Batch Time 12.2787 (0.2856)
    Learning Rate 1e-05
Accuracy 0.9760 0.9760
    Precision 0.9813 0.9706
    Recall 0.9716 0.9807
    F1 0.9764 0.9756
    Acc_avg 0.9760 Prec_avg 0.9760 Recall_avg 0.9761 F1_avg 0.9760
    Total Loss 0.1418 Global Cls Loss 0.0679 Local Cls Loss 0.0739 AFN Loss 0.0000
Starting Source Data Testing

    Test Source: 
    Data Time 0.0451 (0.0045)
    Batch Time 1.7335 (0.1733)
    Learning Rate 1e-05
Accuracy 0.7830 0.7830
    Precision 0.7947 0.7725
    Recall 0.7595 0.8063
    F1 0.7767 0.7890
Acc_avg 0.7830 Prec_avg 0.7836 Recall_avg 0.7829 F1_avg 0.7828
    Total Loss 1.3846 Global Cls Loss 0.6992 Local Cls Loss 0.6854 AFN Loss 0.0000

    Test Target: 
    Data Time 0.3083 (0.0039)
    Batch Time 13.3004 (0.1663)
    Learning Rate 1e-05
Accuracy 0.5966 0.5966
    Precision 0.2440 0.8615
    Recall 0.5696 0.6027
    F1 0.3417 0.7092
Acc_avg 0.5966 Prec_avg 0.5528 Recall_avg 0.5861 F1_avg 0.5255
    Total Loss 1.8426 Global Cls Loss 0.9285 Local Cls Loss 0.9141 AFN Loss 0.0000

    [Train]: 
    Epoch 38
    Data Time 0.9471 (0.0220)
    Batch Time 12.7968 (0.2976)
    Learning Rate 1e-05
Accuracy 0.9891 0.9891
    Precision 0.9886 0.9896
    Recall 0.9900 0.9881
    F1 0.9893 0.9889
    Acc_avg 0.9891 Prec_avg 0.9891 Recall_avg 0.9891 F1_avg 0.9891
    Total Loss 0.0916 Global Cls Loss 0.0453 Local Cls Loss 0.0462 AFN Loss 0.0000
Starting Source Data Testing

    Test Source: 
    Data Time 0.1055 (0.0105)
    Batch Time 1.6711 (0.1671)
    Learning Rate 1e-05
Accuracy 0.7767 0.7767
    Precision 0.7605 0.7947
    Recall 0.8038 0.7500
    F1 0.7815 0.7717
Acc_avg 0.7767 Prec_avg 0.7776 Recall_avg 0.7769 F1_avg 0.7766
    Total Loss 1.3885 Global Cls Loss 0.7004 Local Cls Loss 0.6881 AFN Loss 0.0000

    Test Target: 
    Data Time 0.3168 (0.0040)
    Batch Time 13.3969 (0.1675)
    Learning Rate 1e-05
Accuracy 0.5325 0.5325
    Precision 0.2355 0.8761
    Recall 0.6874 0.4976
    F1 0.3508 0.6347
Acc_avg 0.5325 Prec_avg 0.5558 Recall_avg 0.5925 F1_avg 0.4928
    Total Loss 2.2230 Global Cls Loss 1.1317 Local Cls Loss 1.0913 AFN Loss 0.0000

    [Train]: 
    Epoch 39
    Data Time 0.9968 (0.0232)
    Batch Time 12.5746 (0.2924)
    Learning Rate 1e-05
Accuracy 0.9818 0.9818
    Precision 0.9816 0.9821
    Recall 0.9830 0.9806
    F1 0.9823 0.9814
    Acc_avg 0.9818 Prec_avg 0.9818 Recall_avg 0.9818 F1_avg 0.9818
    Total Loss 0.1047 Global Cls Loss 0.0521 Local Cls Loss 0.0526 AFN Loss 0.0000
Starting Source Data Testing

    Test Source: 
    Data Time 0.0432 (0.0043)
    Batch Time 1.7331 (0.1733)
    Learning Rate 1e-05
Accuracy 0.7830 0.7830
    Precision 0.7602 0.8095
    Recall 0.8228 0.7438
    F1 0.7903 0.7752
Acc_avg 0.7830 Prec_avg 0.7849 Recall_avg 0.7833 F1_avg 0.7828
    Total Loss 1.3617 Global Cls Loss 0.6881 Local Cls Loss 0.6736 AFN Loss 0.0000

    Test Target: 
    Data Time 0.3047 (0.0038)
    Batch Time 13.2676 (0.1658)
    Learning Rate 1e-05
Accuracy 0.4699 0.4699
    Precision 0.2240 0.8838
    Recall 0.7645 0.4036
    F1 0.3464 0.5541
Acc_avg 0.4699 Prec_avg 0.5539 Recall_avg 0.5840 F1_avg 0.4503
    Total Loss 2.7067 Global Cls Loss 1.3470 Local Cls Loss 1.3597 AFN Loss 0.0000

    [Train]: 
    Epoch 40
    Data Time 0.9251 (0.0215)
    Batch Time 12.5649 (0.2922)
    Learning Rate 1e-05
Accuracy 0.9840 0.9840
    Precision 0.9857 0.9823
    Recall 0.9829 0.9852
    F1 0.9843 0.9837
    Acc_avg 0.9840 Prec_avg 0.9840 Recall_avg 0.9840 F1_avg 0.9840
    Total Loss 0.1061 Global Cls Loss 0.0514 Local Cls Loss 0.0547 AFN Loss 0.0000
Starting Source Data Testing

    Test Source: 
    Data Time 0.0453 (0.0045)
    Batch Time 1.8764 (0.1876)
    Learning Rate 1e-05
Accuracy 0.7830 0.7830
    Precision 0.7602 0.8095
    Recall 0.8228 0.7438
    F1 0.7903 0.7752
Acc_avg 0.7830 Prec_avg 0.7849 Recall_avg 0.7833 F1_avg 0.7828
    Total Loss 1.3579 Global Cls Loss 0.6837 Local Cls Loss 0.6743 AFN Loss 0.0000

    Test Target: 
    Data Time 0.3061 (0.0038)
    Batch Time 13.4629 (0.1683)
    Learning Rate 1e-05
Accuracy 0.5502 0.5502
    Precision 0.2420 0.8781
    Recall 0.6788 0.5212
    F1 0.3568 0.6542
Acc_avg 0.5502 Prec_avg 0.5601 Recall_avg 0.6000 F1_avg 0.5055
    Total Loss 2.1653 Global Cls Loss 1.0800 Local Cls Loss 1.0852 AFN Loss 0.0000

    [Train]: 
    Epoch 41
    Data Time 0.9042 (0.0210)
    Batch Time 12.3756 (0.2878)
    Learning Rate 1e-06
Accuracy 0.9804 0.9804
    Precision 0.9828 0.9778
    Recall 0.9786 0.9822
    F1 0.9807 0.9800
    Acc_avg 0.9804 Prec_avg 0.9803 Recall_avg 0.9804 F1_avg 0.9804
    Total Loss 0.1097 Global Cls Loss 0.0534 Local Cls Loss 0.0563 AFN Loss 0.0000
Starting Source Data Testing

    Test Source: 
    Data Time 0.0495 (0.0049)
    Batch Time 1.7506 (0.1751)
    Learning Rate 1e-06
Accuracy 0.7799 0.7799
    Precision 0.7651 0.7961
    Recall 0.8038 0.7562
    F1 0.7840 0.7756
Acc_avg 0.7799 Prec_avg 0.7806 Recall_avg 0.7800 F1_avg 0.7798
    Total Loss 1.3675 Global Cls Loss 0.6913 Local Cls Loss 0.6762 AFN Loss 0.0000

    Test Target: 
    Data Time 0.3135 (0.0039)
    Batch Time 13.2866 (0.1661)
    Learning Rate 1e-06
Accuracy 0.5254 0.5254
    Precision 0.2328 0.8748
    Recall 0.6895 0.4884
    F1 0.3481 0.6269
Acc_avg 0.5254 Prec_avg 0.5538 Recall_avg 0.5890 F1_avg 0.4875
    Total Loss 2.2567 Global Cls Loss 1.1420 Local Cls Loss 1.1148 AFN Loss 0.0000

    [Train]: 
    Epoch 42
    Data Time 0.9989 (0.0232)
    Batch Time 12.5306 (0.2914)
    Learning Rate 1e-06
Accuracy 0.9818 0.9818
    Precision 0.9802 0.9836
    Recall 0.9844 0.9792
    F1 0.9823 0.9814
    Acc_avg 0.9818 Prec_avg 0.9819 Recall_avg 0.9818 F1_avg 0.9818
    Total Loss 0.1099 Global Cls Loss 0.0542 Local Cls Loss 0.0557 AFN Loss 0.0000
Starting Source Data Testing

    Test Source: 
    Data Time 0.0415 (0.0042)
    Batch Time 1.6813 (0.1681)
    Learning Rate 1e-06
Accuracy 0.7830 0.7830
    Precision 0.7665 0.8013
    Recall 0.8101 0.7562
    F1 0.7877 0.7781
Acc_avg 0.7830 Prec_avg 0.7839 Recall_avg 0.7832 F1_avg 0.7829
    Total Loss 1.3642 Global Cls Loss 0.6885 Local Cls Loss 0.6757 AFN Loss 0.0000

    Test Target: 
    Data Time 0.3081 (0.0039)
    Batch Time 13.4566 (0.1682)
    Learning Rate 1e-06
Accuracy 0.5569 0.5569
    Precision 0.2416 0.8744
    Recall 0.6595 0.5338
    F1 0.3536 0.6629
Acc_avg 0.5569 Prec_avg 0.5580 Recall_avg 0.5966 F1_avg 0.5082
    Total Loss 2.0973 Global Cls Loss 1.0599 Local Cls Loss 1.0374 AFN Loss 0.0000

    [Train]: 
    Epoch 43
    Data Time 0.9369 (0.0218)
    Batch Time 12.3020 (0.2861)
    Learning Rate 1e-06
Accuracy 0.9818 0.9818
    Precision 0.9814 0.9822
    Recall 0.9828 0.9808
    F1 0.9821 0.9815
    Acc_avg 0.9818 Prec_avg 0.9818 Recall_avg 0.9818 F1_avg 0.9818
    Total Loss 0.1071 Global Cls Loss 0.0507 Local Cls Loss 0.0565 AFN Loss 0.0000
Starting Source Data Testing

    Test Source: 
    Data Time 0.0515 (0.0051)
    Batch Time 1.7866 (0.1787)
    Learning Rate 1e-06
Accuracy 0.7862 0.7862
    Precision 0.7586 0.8194
    Recall 0.8354 0.7375
    F1 0.7952 0.7763
Acc_avg 0.7862 Prec_avg 0.7890 Recall_avg 0.7865 F1_avg 0.7857
    Total Loss 1.3933 Global Cls Loss 0.7018 Local Cls Loss 0.6915 AFN Loss 0.0000

    Test Target: 
    Data Time 0.3172 (0.0040)
    Batch Time 13.3469 (0.1668)
    Learning Rate 1e-06
Accuracy 0.4986 0.4986
    Precision 0.2272 0.8766
    Recall 0.7195 0.4489
    F1 0.3453 0.5938
Acc_avg 0.4986 Prec_avg 0.5519 Recall_avg 0.5842 F1_avg 0.4695
    Total Loss 2.4322 Global Cls Loss 1.2174 Local Cls Loss 1.2148 AFN Loss 0.0000

    [Train]: 
    Epoch 44
    Data Time 0.9529 (0.0222)
    Batch Time 12.5180 (0.2911)
    Learning Rate 1e-06
Accuracy 0.9811 0.9811
    Precision 0.9870 0.9751
    Recall 0.9758 0.9866
    F1 0.9814 0.9808
    Acc_avg 0.9811 Prec_avg 0.9811 Recall_avg 0.9812 F1_avg 0.9811
    Total Loss 0.1143 Global Cls Loss 0.0554 Local Cls Loss 0.0589 AFN Loss 0.0000
Starting Source Data Testing

    Test Source: 
    Data Time 0.0503 (0.0050)
    Batch Time 1.7030 (0.1703)
    Learning Rate 1e-06
Accuracy 0.7862 0.7862
    Precision 0.7586 0.8194
    Recall 0.8354 0.7375
    F1 0.7952 0.7763
Acc_avg 0.7862 Prec_avg 0.7890 Recall_avg 0.7865 F1_avg 0.7857
    Total Loss 1.3988 Global Cls Loss 0.7058 Local Cls Loss 0.6930 AFN Loss 0.0000

    Test Target: 
    Data Time 0.3203 (0.0040)
    Batch Time 13.4322 (0.1679)
    Learning Rate 1e-06
Accuracy 0.5203 0.5203
    Precision 0.2352 0.8814
    Recall 0.7152 0.4764
    F1 0.3540 0.6185
Acc_avg 0.5203 Prec_avg 0.5583 Recall_avg 0.5958 F1_avg 0.4862
    Total Loss 2.3757 Global Cls Loss 1.1901 Local Cls Loss 1.1856 AFN Loss 0.0000

    [Train]: 
    Epoch 45
    Data Time 0.9501 (0.0221)
    Batch Time 12.4391 (0.2893)
    Learning Rate 1e-06
Accuracy 0.9818 0.9818
    Precision 0.9843 0.9793
    Recall 0.9801 0.9837
    F1 0.9822 0.9815
    Acc_avg 0.9818 Prec_avg 0.9818 Recall_avg 0.9819 F1_avg 0.9818
    Total Loss 0.0988 Global Cls Loss 0.0471 Local Cls Loss 0.0517 AFN Loss 0.0000
Starting Source Data Testing

    Test Source: 
    Data Time 0.0434 (0.0043)
    Batch Time 1.7446 (0.1745)
    Learning Rate 1e-06
Accuracy 0.7830 0.7830
    Precision 0.7730 0.7935
    Recall 0.7975 0.7688
    F1 0.7850 0.7810
Acc_avg 0.7830 Prec_avg 0.7833 Recall_avg 0.7831 F1_avg 0.7830
    Total Loss 1.3637 Global Cls Loss 0.6872 Local Cls Loss 0.6765 AFN Loss 0.0000

    Test Target: 
    Data Time 0.3086 (0.0039)
    Batch Time 13.3860 (0.1673)
    Learning Rate 1e-06
Accuracy 0.5600 0.5600
    Precision 0.2427 0.8746
    Recall 0.6574 0.5381
    F1 0.3545 0.6663
Acc_avg 0.5600 Prec_avg 0.5586 Recall_avg 0.5977 F1_avg 0.5104
    Total Loss 2.1045 Global Cls Loss 1.0567 Local Cls Loss 1.0478 AFN Loss 0.0000

    [Train]: 
    Epoch 46
    Data Time 0.9562 (0.0222)
    Batch Time 12.2595 (0.2851)
    Learning Rate 1e-06
Accuracy 0.9891 0.9891
    Precision 0.9901 0.9881
    Recall 0.9887 0.9896
    F1 0.9894 0.9888
    Acc_avg 0.9891 Prec_avg 0.9891 Recall_avg 0.9891 F1_avg 0.9891
    Total Loss 0.0882 Global Cls Loss 0.0425 Local Cls Loss 0.0456 AFN Loss 0.0000
Starting Source Data Testing

    Test Source: 
    Data Time 0.0463 (0.0046)
    Batch Time 1.7211 (0.1721)
    Learning Rate 1e-06
Accuracy 0.7830 0.7830
    Precision 0.7572 0.8138
    Recall 0.8291 0.7375
    F1 0.7915 0.7738
Acc_avg 0.7830 Prec_avg 0.7855 Recall_avg 0.7833 F1_avg 0.7827
    Total Loss 1.3850 Global Cls Loss 0.6975 Local Cls Loss 0.6874 AFN Loss 0.0000

    Test Target: 
    Data Time 0.3098 (0.0039)
    Batch Time 13.3553 (0.1669)
    Learning Rate 1e-06
Accuracy 0.5195 0.5195
    Precision 0.2341 0.8798
    Recall 0.7109 0.4764
    F1 0.3523 0.6181
Acc_avg 0.5195 Prec_avg 0.5570 Recall_avg 0.5936 F1_avg 0.4852
    Total Loss 2.3660 Global Cls Loss 1.1905 Local Cls Loss 1.1755 AFN Loss 0.0000

    [Train]: 
    Epoch 47
    Data Time 0.8712 (0.0203)
    Batch Time 12.2977 (0.2860)
    Learning Rate 1e-06
Accuracy 0.9891 0.9891
    Precision 0.9914 0.9868
    Recall 0.9871 0.9911
    F1 0.9892 0.9889
    Acc_avg 0.9891 Prec_avg 0.9891 Recall_avg 0.9891 F1_avg 0.9891
    Total Loss 0.0880 Global Cls Loss 0.0423 Local Cls Loss 0.0458 AFN Loss 0.0000
Starting Source Data Testing

    Test Source: 
    Data Time 0.0431 (0.0043)
    Batch Time 1.7326 (0.1733)
    Learning Rate 1e-06
Accuracy 0.7830 0.7830
    Precision 0.7730 0.7935
    Recall 0.7975 0.7688
    F1 0.7850 0.7810
Acc_avg 0.7830 Prec_avg 0.7833 Recall_avg 0.7831 F1_avg 0.7830
    Total Loss 1.3758 Global Cls Loss 0.6942 Local Cls Loss 0.6816 AFN Loss 0.0000

    Test Target: 
    Data Time 0.3238 (0.0040)
    Batch Time 13.5455 (0.1693)
    Learning Rate 1e-06
Accuracy 0.5533 0.5533
    Precision 0.2419 0.8765
    Recall 0.6702 0.5270
    F1 0.3555 0.6582
Acc_avg 0.5533 Prec_avg 0.5592 Recall_avg 0.5986 F1_avg 0.5069
    Total Loss 2.1504 Global Cls Loss 1.0842 Local Cls Loss 1.0662 AFN Loss 0.0000

    [Train]: 
    Epoch 48
    Data Time 1.0771 (0.0250)
    Batch Time 12.4441 (0.2894)
    Learning Rate 1e-06
Accuracy 0.9884 0.9884
    Precision 0.9914 0.9852
    Recall 0.9858 0.9911
    F1 0.9886 0.9881
    Acc_avg 0.9884 Prec_avg 0.9883 Recall_avg 0.9884 F1_avg 0.9884
    Total Loss 0.0845 Global Cls Loss 0.0404 Local Cls Loss 0.0440 AFN Loss 0.0000
Starting Source Data Testing

    Test Source: 
    Data Time 0.0410 (0.0041)
    Batch Time 1.6855 (0.1686)
    Learning Rate 1e-06
Accuracy 0.7767 0.7767
    Precision 0.7458 0.8156
    Recall 0.8354 0.7188
    F1 0.7881 0.7641
Acc_avg 0.7767 Prec_avg 0.7807 Recall_avg 0.7771 F1_avg 0.7761
    Total Loss 1.3986 Global Cls Loss 0.7096 Local Cls Loss 0.6891 AFN Loss 0.0000

    Test Target: 
    Data Time 0.3182 (0.0040)
    Batch Time 13.4071 (0.1676)
    Learning Rate 1e-06
Accuracy 0.4801 0.4801
    Precision 0.2266 0.8846
    Recall 0.7580 0.4176
    F1 0.3489 0.5673
Acc_avg 0.4801 Prec_avg 0.5556 Recall_avg 0.5878 F1_avg 0.4581
    Total Loss 2.5900 Global Cls Loss 1.3087 Local Cls Loss 1.2813 AFN Loss 0.0000

    [Train]: 
    Epoch 49
    Data Time 0.9964 (0.0232)
    Batch Time 12.4705 (0.2900)
    Learning Rate 1e-06
Accuracy 0.9833 0.9833
    Precision 0.9885 0.9779
    Recall 0.9787 0.9881
    F1 0.9836 0.9830
    Acc_avg 0.9833 Prec_avg 0.9832 Recall_avg 0.9834 F1_avg 0.9833
    Total Loss 0.1017 Global Cls Loss 0.0497 Local Cls Loss 0.0520 AFN Loss 0.0000
Starting Source Data Testing

    Test Source: 
    Data Time 0.0467 (0.0047)
    Batch Time 1.7448 (0.1745)
    Learning Rate 1e-06
Accuracy 0.7893 0.7893
    Precision 0.7692 0.8121
    Recall 0.8228 0.7562
    F1 0.7951 0.7832
Acc_avg 0.7893 Prec_avg 0.7907 Recall_avg 0.7895 F1_avg 0.7891
    Total Loss 1.3736 Global Cls Loss 0.6935 Local Cls Loss 0.6801 AFN Loss 0.0000

    Test Target: 
    Data Time 0.3176 (0.0040)
    Batch Time 13.4887 (0.1686)
    Learning Rate 1e-06
Accuracy 0.5321 0.5321
    Precision 0.2369 0.8785
    Recall 0.6959 0.4952
    F1 0.3535 0.6334
Acc_avg 0.5321 Prec_avg 0.5577 Recall_avg 0.5956 F1_avg 0.4934
    Total Loss 2.2647 Global Cls Loss 1.1386 Local Cls Loss 1.1261 AFN Loss 0.0000

    [Train]: 
    Epoch 50
    Data Time 0.9991 (0.0232)
    Batch Time 12.0991 (0.2814)
    Learning Rate 1e-06
Accuracy 0.9855 0.9855
    Precision 0.9858 0.9851
    Recall 0.9858 0.9851
    F1 0.9858 0.9851
    Acc_avg 0.9855 Prec_avg 0.9855 Recall_avg 0.9855 F1_avg 0.9855
    Total Loss 0.0868 Global Cls Loss 0.0431 Local Cls Loss 0.0436 AFN Loss 0.0000
Starting Source Data Testing

    Test Source: 
    Data Time 0.0434 (0.0043)
    Batch Time 1.7599 (0.1760)
    Learning Rate 1e-06
Accuracy 0.7862 0.7862
    Precision 0.7647 0.8108
    Recall 0.8228 0.7500
    F1 0.7927 0.7792
Acc_avg 0.7862 Prec_avg 0.7878 Recall_avg 0.7864 F1_avg 0.7860
    Total Loss 1.3517 Global Cls Loss 0.6818 Local Cls Loss 0.6699 AFN Loss 0.0000

    Test Target: 
    Data Time 0.2938 (0.0037)
    Batch Time 13.2856 (0.1661)
    Learning Rate 1e-06
Accuracy 0.5120 0.5120
    Precision 0.2299 0.8757
    Recall 0.7045 0.4687
    F1 0.3467 0.6106
Acc_avg 0.5120 Prec_avg 0.5528 Recall_avg 0.5866 F1_avg 0.4786
    Total Loss 2.3853 Global Cls Loss 1.1863 Local Cls Loss 1.1990 AFN Loss 0.0000

    [Train]: 
    Epoch 51
    Data Time 0.9301 (0.0216)
    Batch Time 12.6052 (0.2931)
    Learning Rate 1e-06
Accuracy 0.9884 0.9884
    Precision 0.9859 0.9910
    Recall 0.9915 0.9851
    F1 0.9887 0.9881
    Acc_avg 0.9884 Prec_avg 0.9884 Recall_avg 0.9883 F1_avg 0.9884
    Total Loss 0.0937 Global Cls Loss 0.0455 Local Cls Loss 0.0482 AFN Loss 0.0000
Starting Source Data Testing

    Test Source: 
    Data Time 0.0456 (0.0046)
    Batch Time 1.6832 (0.1683)
    Learning Rate 1e-06
Accuracy 0.7736 0.7736
    Precision 0.7416 0.8143
    Recall 0.8354 0.7125
    F1 0.7857 0.7600
Acc_avg 0.7736 Prec_avg 0.7779 Recall_avg 0.7740 F1_avg 0.7729
    Total Loss 1.4330 Global Cls Loss 0.7254 Local Cls Loss 0.7076 AFN Loss 0.0000

    Test Target: 
    Data Time 0.3098 (0.0039)
    Batch Time 13.3417 (0.1668)
    Learning Rate 1e-06
Accuracy 0.4404 0.4404
    Precision 0.2190 0.8872
    Recall 0.7966 0.3602
    F1 0.3435 0.5123
Acc_avg 0.4404 Prec_avg 0.5531 Recall_avg 0.5784 F1_avg 0.4279
    Total Loss 2.9350 Global Cls Loss 1.4654 Local Cls Loss 1.4696 AFN Loss 0.0000

    [Train]: 
    Epoch 52
    Data Time 0.9120 (0.0212)
    Batch Time 12.1576 (0.2827)
    Learning Rate 1e-06
Accuracy 0.9869 0.9869
    Precision 0.9845 0.9895
    Recall 0.9901 0.9836
    F1 0.9873 0.9866
    Acc_avg 0.9869 Prec_avg 0.9870 Recall_avg 0.9868 F1_avg 0.9869
    Total Loss 0.0860 Global Cls Loss 0.0423 Local Cls Loss 0.0437 AFN Loss 0.0000
Starting Source Data Testing

    Test Source: 
    Data Time 0.0447 (0.0045)
    Batch Time 1.6888 (0.1689)
    Learning Rate 1e-06
Accuracy 0.7830 0.7830
    Precision 0.7572 0.8138
    Recall 0.8291 0.7375
    F1 0.7915 0.7738
Acc_avg 0.7830 Prec_avg 0.7855 Recall_avg 0.7833 F1_avg 0.7827
    Total Loss 1.3851 Global Cls Loss 0.6978 Local Cls Loss 0.6873 AFN Loss 0.0000

    Test Target: 
    Data Time 0.3311 (0.0041)
    Batch Time 13.5648 (0.1696)
    Learning Rate 1e-06
Accuracy 0.4856 0.4856
    Precision 0.2273 0.8831
    Recall 0.7495 0.4262
    F1 0.3488 0.5750
Acc_avg 0.4856 Prec_avg 0.5552 Recall_avg 0.5878 F1_avg 0.4619
    Total Loss 2.5758 Global Cls Loss 1.2923 Local Cls Loss 1.2836 AFN Loss 0.0000

    [Train]: 
    Epoch 53
    Data Time 0.9619 (0.0224)
    Batch Time 12.3250 (0.2866)
    Learning Rate 1e-06
Accuracy 0.9869 0.9869
    Precision 0.9886 0.9852
    Recall 0.9858 0.9881
    F1 0.9872 0.9866
    Acc_avg 0.9869 Prec_avg 0.9869 Recall_avg 0.9869 F1_avg 0.9869
    Total Loss 0.0877 Global Cls Loss 0.0415 Local Cls Loss 0.0462 AFN Loss 0.0000
Starting Source Data Testing

    Test Source: 
    Data Time 0.0460 (0.0046)
    Batch Time 1.8544 (0.1854)
    Learning Rate 1e-06
Accuracy 0.7830 0.7830
    Precision 0.7572 0.8138
    Recall 0.8291 0.7375
    F1 0.7915 0.7738
Acc_avg 0.7830 Prec_avg 0.7855 Recall_avg 0.7833 F1_avg 0.7827
    Total Loss 1.3918 Global Cls Loss 0.7028 Local Cls Loss 0.6890 AFN Loss 0.0000

    Test Target: 
    Data Time 0.3108 (0.0039)
    Batch Time 13.4980 (0.1687)
    Learning Rate 1e-06
Accuracy 0.5033 0.5033
    Precision 0.2312 0.8823
    Recall 0.7323 0.4518
    F1 0.3515 0.5976
Acc_avg 0.5033 Prec_avg 0.5568 Recall_avg 0.5921 F1_avg 0.4745
    Total Loss 2.4720 Global Cls Loss 1.2292 Local Cls Loss 1.2428 AFN Loss 0.0000

    [Train]: 
    Epoch 54
    Data Time 0.9322 (0.0217)
    Batch Time 12.6200 (0.2935)
    Learning Rate 1e-06
Accuracy 0.9855 0.9855
    Precision 0.9831 0.9880
    Recall 0.9886 0.9821
    F1 0.9858 0.9851
    Acc_avg 0.9855 Prec_avg 0.9855 Recall_avg 0.9854 F1_avg 0.9855
    Total Loss 0.0927 Global Cls Loss 0.0459 Local Cls Loss 0.0468 AFN Loss 0.0000
Starting Source Data Testing

    Test Source: 
    Data Time 0.0445 (0.0045)
    Batch Time 1.6790 (0.1679)
    Learning Rate 1e-06
Accuracy 0.7830 0.7830
    Precision 0.7572 0.8138
    Recall 0.8291 0.7375
    F1 0.7915 0.7738
Acc_avg 0.7830 Prec_avg 0.7855 Recall_avg 0.7833 F1_avg 0.7827
    Total Loss 1.3852 Global Cls Loss 0.6988 Local Cls Loss 0.6863 AFN Loss 0.0000

    Test Target: 
    Data Time 0.3057 (0.0038)
    Batch Time 13.3623 (0.1670)
    Learning Rate 1e-06
Accuracy 0.5041 0.5041
    Precision 0.2334 0.8861
    Recall 0.7430 0.4503
    F1 0.3552 0.5972
Acc_avg 0.5041 Prec_avg 0.5598 Recall_avg 0.5967 F1_avg 0.4762
    Total Loss 2.4794 Global Cls Loss 1.2307 Local Cls Loss 1.2488 AFN Loss 0.0000

    [Train]: 
    Epoch 55
    Data Time 0.9511 (0.0221)
    Batch Time 12.4612 (0.2898)
    Learning Rate 1e-06
Accuracy 0.9913 0.9913
    Precision 0.9929 0.9896
    Recall 0.9901 0.9926
    F1 0.9915 0.9911
    Acc_avg 0.9913 Prec_avg 0.9912 Recall_avg 0.9913 F1_avg 0.9913
    Total Loss 0.0861 Global Cls Loss 0.0417 Local Cls Loss 0.0444 AFN Loss 0.0000
Starting Source Data Testing

    Test Source: 
    Data Time 0.0393 (0.0039)
    Batch Time 1.6786 (0.1679)
    Learning Rate 1e-06
Accuracy 0.7862 0.7862
    Precision 0.7616 0.8151
    Recall 0.8291 0.7438
    F1 0.7939 0.7778
Acc_avg 0.7862 Prec_avg 0.7883 Recall_avg 0.7864 F1_avg 0.7859
    Total Loss 1.3990 Global Cls Loss 0.7065 Local Cls Loss 0.6925 AFN Loss 0.0000

    Test Target: 
    Data Time 0.3114 (0.0039)
    Batch Time 13.4104 (0.1676)
    Learning Rate 1e-06
Accuracy 0.4821 0.4821
    Precision 0.2284 0.8875
    Recall 0.7645 0.4185
    F1 0.3517 0.5688
Acc_avg 0.4821 Prec_avg 0.5580 Recall_avg 0.5915 F1_avg 0.4603
    Total Loss 2.6223 Global Cls Loss 1.3173 Local Cls Loss 1.3050 AFN Loss 0.0000

    [Train]: 
    Epoch 56
    Data Time 0.9838 (0.0229)
    Batch Time 12.3106 (0.2863)
    Learning Rate 1e-06
Accuracy 0.9906 0.9906
    Precision 0.9929 0.9881
    Recall 0.9887 0.9925
    F1 0.9908 0.9903
    Acc_avg 0.9906 Prec_avg 0.9905 Recall_avg 0.9906 F1_avg 0.9905
    Total Loss 0.0815 Global Cls Loss 0.0386 Local Cls Loss 0.0430 AFN Loss 0.0000
Starting Source Data Testing

    Test Source: 
    Data Time 0.0428 (0.0043)
    Batch Time 1.6946 (0.1695)
    Learning Rate 1e-06
Accuracy 0.7830 0.7830
    Precision 0.7572 0.8138
    Recall 0.8291 0.7375
    F1 0.7915 0.7738
Acc_avg 0.7830 Prec_avg 0.7855 Recall_avg 0.7833 F1_avg 0.7827
    Total Loss 1.4098 Global Cls Loss 0.7095 Local Cls Loss 0.7003 AFN Loss 0.0000

    Test Target: 
    Data Time 0.3136 (0.0039)
    Batch Time 13.2839 (0.1660)
    Learning Rate 1e-06
Accuracy 0.4959 0.4959
    Precision 0.2319 0.8876
    Recall 0.7537 0.4378
    F1 0.3547 0.5864
Acc_avg 0.4959 Prec_avg 0.5597 Recall_avg 0.5958 F1_avg 0.4705
    Total Loss 2.5135 Global Cls Loss 1.2642 Local Cls Loss 1.2493 AFN Loss 0.0000

    [Train]: 
    Epoch 57
    Data Time 0.9308 (0.0216)
    Batch Time 12.2662 (0.2853)
    Learning Rate 1e-06
Accuracy 0.9913 0.9913
    Precision 0.9900 0.9926
    Recall 0.9928 0.9897
    F1 0.9914 0.9911
    Acc_avg 0.9913 Prec_avg 0.9913 Recall_avg 0.9913 F1_avg 0.9913
    Total Loss 0.0797 Global Cls Loss 0.0370 Local Cls Loss 0.0427 AFN Loss 0.0000
Starting Source Data Testing

    Test Source: 
    Data Time 0.0445 (0.0044)
    Batch Time 1.7334 (0.1733)
    Learning Rate 1e-06
Accuracy 0.7862 0.7862
    Precision 0.7647 0.8108
    Recall 0.8228 0.7500
    F1 0.7927 0.7792
Acc_avg 0.7862 Prec_avg 0.7878 Recall_avg 0.7864 F1_avg 0.7860
    Total Loss 1.3901 Global Cls Loss 0.7019 Local Cls Loss 0.6882 AFN Loss 0.0000

    Test Target: 
    Data Time 0.3134 (0.0039)
    Batch Time 13.3606 (0.1670)
    Learning Rate 1e-06
Accuracy 0.4813 0.4813
    Precision 0.2274 0.8857
    Recall 0.7602 0.4185
    F1 0.3501 0.5684
Acc_avg 0.4813 Prec_avg 0.5566 Recall_avg 0.5893 F1_avg 0.4593
    Total Loss 2.6182 Global Cls Loss 1.3286 Local Cls Loss 1.2896 AFN Loss 0.0000

    [Train]: 
    Epoch 58
    Data Time 1.1146 (0.0259)
    Batch Time 13.3951 (0.3115)
    Learning Rate 1e-06
Accuracy 0.9906 0.9906
    Precision 0.9915 0.9896
    Recall 0.9900 0.9911
    F1 0.9907 0.9903
    Acc_avg 0.9906 Prec_avg 0.9905 Recall_avg 0.9906 F1_avg 0.9905
    Total Loss 0.0827 Global Cls Loss 0.0406 Local Cls Loss 0.0421 AFN Loss 0.0000
Starting Source Data Testing

    Test Source: 
    Data Time 0.0506 (0.0051)
    Batch Time 1.7705 (0.1771)
    Learning Rate 1e-06
Accuracy 0.7830 0.7830
    Precision 0.7665 0.8013
    Recall 0.8101 0.7562
    F1 0.7877 0.7781
Acc_avg 0.7830 Prec_avg 0.7839 Recall_avg 0.7832 F1_avg 0.7829
    Total Loss 1.3574 Global Cls Loss 0.6870 Local Cls Loss 0.6704 AFN Loss 0.0000

    Test Target: 
    Data Time 0.3727 (0.0047)
    Batch Time 13.5483 (0.1694)
    Learning Rate 1e-06
Accuracy 0.4974 0.4974
    Precision 0.2311 0.8850
    Recall 0.7452 0.4417
    F1 0.3528 0.5893
Acc_avg 0.4974 Prec_avg 0.5580 Recall_avg 0.5934 F1_avg 0.4710
    Total Loss 2.4908 Global Cls Loss 1.2515 Local Cls Loss 1.2394 AFN Loss 0.0000

    [Train]: 
    Epoch 59
    Data Time 0.9549 (0.0222)
    Batch Time 12.4096 (0.2886)
    Learning Rate 1e-06
Accuracy 0.9869 0.9869
    Precision 0.9873 0.9866
    Recall 0.9873 0.9866
    F1 0.9873 0.9866
    Acc_avg 0.9869 Prec_avg 0.9869 Recall_avg 0.9869 F1_avg 0.9869
    Total Loss 0.0978 Global Cls Loss 0.0472 Local Cls Loss 0.0506 AFN Loss 0.0000
Starting Source Data Testing

    Test Source: 
    Data Time 0.0461 (0.0046)
    Batch Time 1.6947 (0.1695)
    Learning Rate 1e-06
Accuracy 0.7736 0.7736
    Precision 0.7416 0.8143
    Recall 0.8354 0.7125
    F1 0.7857 0.7600
Acc_avg 0.7736 Prec_avg 0.7779 Recall_avg 0.7740 F1_avg 0.7729
    Total Loss 1.4263 Global Cls Loss 0.7200 Local Cls Loss 0.7062 AFN Loss 0.0000

    Test Target: 
    Data Time 0.3248 (0.0041)
    Batch Time 13.4231 (0.1678)
    Learning Rate 1e-06
Accuracy 0.4549 0.4549
    Precision 0.2225 0.8884
    Recall 0.7880 0.3799
    F1 0.3470 0.5323
Acc_avg 0.4549 Prec_avg 0.5554 Recall_avg 0.5840 F1_avg 0.4396
    Total Loss 2.8536 Global Cls Loss 1.4193 Local Cls Loss 1.4343 AFN Loss 0.0000

    [Train]: 
    Epoch 60
    Data Time 0.9300 (0.0216)
    Batch Time 12.7588 (0.2967)
    Learning Rate 1e-06
Accuracy 0.9876 0.9876
    Precision 0.9886 0.9866
    Recall 0.9872 0.9881
    F1 0.9879 0.9874
    Acc_avg 0.9876 Prec_avg 0.9876 Recall_avg 0.9877 F1_avg 0.9876
    Total Loss 0.0992 Global Cls Loss 0.0473 Local Cls Loss 0.0519 AFN Loss 0.0000
Starting Source Data Testing

    Test Source: 
    Data Time 0.0415 (0.0041)
    Batch Time 1.6763 (0.1676)
    Learning Rate 1e-06
Accuracy 0.7830 0.7830
    Precision 0.7602 0.8095
    Recall 0.8228 0.7438
    F1 0.7903 0.7752
Acc_avg 0.7830 Prec_avg 0.7849 Recall_avg 0.7833 F1_avg 0.7828
    Total Loss 1.3748 Global Cls Loss 0.6935 Local Cls Loss 0.6813 AFN Loss 0.0000

    Test Target: 
    Data Time 0.3144 (0.0039)
    Batch Time 13.5780 (0.1697)
    Learning Rate 1e-06
Accuracy 0.4695 0.4695
    Precision 0.2255 0.8878
    Recall 0.7752 0.4007
    F1 0.3494 0.5522
Acc_avg 0.4695 Prec_avg 0.5567 Recall_avg 0.5879 F1_avg 0.4508
    Total Loss 2.6427 Global Cls Loss 1.3403 Local Cls Loss 1.3023 AFN Loss 0.0000
source_train.sh: line 63: ter}: command not found
