Log Name: raf2aisin_res50
Output Path: .
Backbone: ResNet50
Resume Model: None
CUDA_VISIBLE_DEVICES: 1
================================================
Use 112 * 112 Image
SourceDataset: RAF
TargetDataset: AISIN
Train Batch Size: 32
Test Batch Size: 32
================================================
Train Epoch: 100
Learning Rate: 0.000100
Momentum: 0.900000
Weight Decay: 0.000100
Use DAN Loss: DANN
Learning Rate(Adversarial Network): 0.001000
================================================
Number of classes : 2
Use global feature and local feature.
Use Mean.
================================================
Building Train and Test Dataloader...
 train source dataset qty: 1395
Dataset Distribution for 2 classes is:  [713, 682]
 train target dataset qty: 9081
Dataset Distribution for 2 classes is:  [1671, 7410]
 test source dataset qty: 318
Dataset Distribution for 2 classes is:  [158, 160]
 test target dataset qty: 2541
Dataset Distribution for 2 classes is:  [467, 2074]
Done!
================================================
Building Model...
No Resume Model
Done!
================================================
Building Adversarial Network...
Done!
================================================
Building Optimizer...
Done!
================================================
Init Mean...
 train source dataset qty: 1395
Dataset Distribution for 2 classes is:  [713, 682]
 train target dataset qty: 9081
Dataset Distribution for 2 classes is:  [1671, 7410]
2021-06-23 09:07:57.571229: I tensorflow/stream_executor/platform/default/dso_loader.cc:49] Successfully opened dynamic library libcudart.so.11.0
Done!
================================================
Run Experiment...
TransferToTargetDomain.py:188: UserWarning: Anomaly Detection has been enabled. This mode will increase the runtime and should only be enabled for debugging.
  with torch.autograd.detect_anomaly():

    [Tain]: 
    Epoch 1
    Data Time 7.0929 (0.0251)
    Batch Time 169.4830 (0.5989)
    Learning Rate 0.0001 Learning Rate(AdversarialNet) 0.001
Accuracy 0.4983 0.4983
    Precision 0.5084 0.4874
    Recall 0.5186 0.4772
    F1 0.5134 0.4823
    AdversarialNet Acc 0.5033 Acc_avg 0.4983 Prec_avg 0.4979 Recall_avg 0.4979 F1_avg 0.4979
    Total Loss 2.1189 Global Cls Loss 0.8409 Local Cls Loss 0.4991 AFN Loss 0.0000 DAN Loss 0.0000

    [Test (Source Domain)]: 
    Data Time 0.0335 (0.0034)
    Batch Time 1.7278 (0.1728)
Accuracy 0.5755 0.5755
    Precision 0.5816 0.5706
    Recall 0.5190 0.6312
    F1 0.5485 0.5994
    Acc_avg 0.5755 Prec_avg 0.5761 Recall_avg 0.5751 F1_avg 0.5740
    Loss 0.6897

    [Test (Target Domain)]: 
    Data Time 0.2119 (0.0026)
    Batch Time 13.2471 (0.1656)
Accuracy 0.2102 0.2102
    Precision 0.1808 0.7597
    Recall 0.9336 0.0473
    F1 0.3029 0.0890
    Acc_avg 0.2102 Prec_avg 0.4702 Recall_avg 0.4904 F1_avg 0.1959
    Loss 0.9347
[Save] Best Recall: 0.4904.
[Save] Best Accuracy: 0.2102.

    [Tain]: 
    Epoch 2
    Data Time 6.2854 (0.0222)
    Batch Time 167.9523 (0.5935)
    Learning Rate 0.0001 Learning Rate(AdversarialNet) 0.001
Accuracy 0.4905 0.4905
    Precision 0.5003 0.4795
    Recall 0.5179 0.4620
    F1 0.5089 0.4706
    AdversarialNet Acc 0.4679 Acc_avg 0.4905 Prec_avg 0.4899 Recall_avg 0.4900 F1_avg 0.4898
    Total Loss 1.7843 Global Cls Loss 0.7266 Local Cls Loss 0.3181 AFN Loss 0.0000 DAN Loss 0.0000

    [Test (Source Domain)]: 
    Data Time 0.0306 (0.0031)
    Batch Time 1.7136 (0.1714)
Accuracy 0.4969 0.4969
    Precision 0.4951 0.5000
    Recall 0.6456 0.3500
    F1 0.5604 0.4118
    Acc_avg 0.4969 Prec_avg 0.4976 Recall_avg 0.4978 F1_avg 0.4861
    Loss 0.8375

    [Test (Target Domain)]: 
    Data Time 0.2098 (0.0026)
    Batch Time 13.1419 (0.1643)
Accuracy 0.6513 0.6513
    Precision 0.1868 0.8173
    Recall 0.2677 0.7377
    F1 0.2201 0.7755
    Acc_avg 0.6513 Prec_avg 0.5021 Recall_avg 0.5027 F1_avg 0.4978
    Loss 0.6491
[Save] Best Recall: 0.5027.
[Save] Best Accuracy: 0.6513.

    [Tain]: 
    Epoch 3
    Data Time 6.5225 (0.0230)
    Batch Time 164.3246 (0.5807)
    Learning Rate 0.0001 Learning Rate(AdversarialNet) 0.001
Accuracy 0.5002 0.5002
    Precision 0.5114 0.4867
    Recall 0.5454 0.4528
    F1 0.5279 0.4692
    AdversarialNet Acc 0.4543 Acc_avg 0.5002 Prec_avg 0.4991 Recall_avg 0.4991 F1_avg 0.4985
    Total Loss 1.6675 Global Cls Loss 0.7212 Local Cls Loss 0.2204 AFN Loss 0.0000 DAN Loss 0.0000

    [Test (Source Domain)]: 
    Data Time 0.0286 (0.0029)
    Batch Time 1.6667 (0.1667)
Accuracy 0.4906 0.4906
    Precision 0.4880 0.4934
    Recall 0.5127 0.4688
    F1 0.5000 0.4808
    Acc_avg 0.4906 Prec_avg 0.4907 Recall_avg 0.4907 F1_avg 0.4904
    Loss 0.7589

    [Test (Target Domain)]: 
    Data Time 0.2064 (0.0026)
    Batch Time 13.0355 (0.1629)
Accuracy 0.4211 0.4211
    Precision 0.1980 0.8430
    Recall 0.7045 0.3573
    F1 0.3091 0.5019
    Acc_avg 0.4211 Prec_avg 0.5205 Recall_avg 0.5309 F1_avg 0.4055
    Loss 0.7224
[Save] Best Recall: 0.5309.

    [Tain]: 
    Epoch 4
    Data Time 6.1959 (0.0219)
    Batch Time 161.6510 (0.5712)
    Learning Rate 0.0001 Learning Rate(AdversarialNet) 0.001
Accuracy 0.4997 0.4997
    Precision 0.5081 0.4898
    Recall 0.5401 0.4577
    F1 0.5236 0.4732
    AdversarialNet Acc 0.4836 Acc_avg 0.4997 Prec_avg 0.4989 Recall_avg 0.4989 F1_avg 0.4984
    Total Loss 1.5861 Global Cls Loss 0.7204 Local Cls Loss 0.1634 AFN Loss 0.0000 DAN Loss 0.0000

    [Test (Source Domain)]: 
    Data Time 0.0271 (0.0027)
    Batch Time 1.7194 (0.1719)
Accuracy 0.5000 0.5000
    Precision 0.4957 0.5025
    Recall 0.3671 0.6312
    F1 0.4218 0.5596
    Acc_avg 0.5000 Prec_avg 0.4991 Recall_avg 0.4992 F1_avg 0.4907
    Loss 0.7689

    [Test (Target Domain)]: 
    Data Time 0.2086 (0.0026)
    Batch Time 13.1916 (0.1649)
Accuracy 0.3361 0.3361
    Precision 0.1752 0.7919
    Recall 0.7045 0.2531
    F1 0.2806 0.3836
    Acc_avg 0.3361 Prec_avg 0.4835 Recall_avg 0.4788 F1_avg 0.3321
    Loss 0.7690

    [Tain]: 
    Epoch 5
    Data Time 7.5390 (0.0266)
    Batch Time 166.3320 (0.5877)
    Learning Rate 0.0001 Learning Rate(AdversarialNet) 0.001
Accuracy 0.4968 0.4968
    Precision 0.5068 0.4850
    Recall 0.5361 0.4558
    F1 0.5211 0.4699
    AdversarialNet Acc 0.5057 Acc_avg 0.4968 Prec_avg 0.4959 Recall_avg 0.4959 F1_avg 0.4955
    Total Loss 1.5395 Global Cls Loss 0.7171 Local Cls Loss 0.1273 AFN Loss 0.0000 DAN Loss 0.0000

    [Test (Source Domain)]: 
    Data Time 0.0290 (0.0029)
    Batch Time 1.6578 (0.1658)
Accuracy 0.5912 0.5912
    Precision 0.6250 0.5728
    Recall 0.4430 0.7375
    F1 0.5185 0.6448
    Acc_avg 0.5912 Prec_avg 0.5989 Recall_avg 0.5903 F1_avg 0.5817
    Loss 0.7622

    [Test (Target Domain)]: 
    Data Time 0.2211 (0.0028)
    Batch Time 13.1912 (0.1649)
Accuracy 0.2050 0.2050
    Precision 0.1744 0.6731
    Recall 0.8908 0.0506
    F1 0.2917 0.0942
    Acc_avg 0.2050 Prec_avg 0.4238 Recall_avg 0.4707 F1_avg 0.1929
    Loss 0.8461

    [Tain]: 
    Epoch 6
    Data Time 6.8165 (0.0241)
    Batch Time 169.1681 (0.5978)
    Learning Rate 0.0001 Learning Rate(AdversarialNet) 0.001
Accuracy 0.4971 0.4971
    Precision 0.5062 0.4866
    Recall 0.5338 0.4590
    F1 0.5196 0.4724
    AdversarialNet Acc 0.5225 Acc_avg 0.4971 Prec_avg 0.4964 Recall_avg 0.4964 F1_avg 0.4960
    Total Loss 1.5295 Global Cls Loss 0.7168 Local Cls Loss 0.1205 AFN Loss 0.0000 DAN Loss 0.0000

    [Test (Source Domain)]: 
    Data Time 0.0927 (0.0093)
    Batch Time 1.9903 (0.1990)
Accuracy 0.4843 0.4843
    Precision 0.4845 0.4839
    Recall 0.5949 0.3750
    F1 0.5341 0.4225
    Acc_avg 0.4843 Prec_avg 0.4842 Recall_avg 0.4850 F1_avg 0.4783
    Loss 0.7259

    [Test (Target Domain)]: 
    Data Time 0.2162 (0.0027)
    Batch Time 15.5606 (0.1945)
Accuracy 0.3625 0.3625
    Precision 0.1803 0.8076
    Recall 0.6959 0.2874
    F1 0.2863 0.4239
    Acc_avg 0.3625 Prec_avg 0.4939 Recall_avg 0.4916 F1_avg 0.3551
    Loss 0.7227

    [Tain]: 
    Epoch 7
    Data Time 6.8270 (0.0241)
    Batch Time 162.2543 (0.5733)
    Learning Rate 0.0001 Learning Rate(AdversarialNet) 0.001
Accuracy 0.5015 0.5015
    Precision 0.5120 0.4898
    Recall 0.5301 0.4717
    F1 0.5209 0.4806
    AdversarialNet Acc 0.5037 Acc_avg 0.5015 Prec_avg 0.5009 Recall_avg 0.5009 F1_avg 0.5007
    Total Loss 1.4932 Global Cls Loss 0.7104 Local Cls Loss 0.0878 AFN Loss 0.0000 DAN Loss 0.0000

    [Test (Source Domain)]: 
    Data Time 0.0746 (0.0075)
    Batch Time 1.7130 (0.1713)
Accuracy 0.4717 0.4717
    Precision 0.4638 0.4778
    Recall 0.4051 0.5375
    F1 0.4324 0.5059
    Acc_avg 0.4717 Prec_avg 0.4708 Recall_avg 0.4713 F1_avg 0.4692
    Loss 0.8024

    [Test (Target Domain)]: 
    Data Time 0.2136 (0.0027)
    Batch Time 13.1607 (0.1645)
Accuracy 0.3684 0.3684
    Precision 0.1796 0.8065
    Recall 0.6831 0.2975
    F1 0.2844 0.4347
    Acc_avg 0.3684 Prec_avg 0.4931 Recall_avg 0.4903 F1_avg 0.3596
    Loss 0.7509

    [Tain]: 
    Epoch 8
    Data Time 6.4883 (0.0229)
    Batch Time 165.1832 (0.5837)
    Learning Rate 0.0001 Learning Rate(AdversarialNet) 0.001
Accuracy 0.4988 0.4988
    Precision 0.5082 0.4868
    Recall 0.5573 0.4378
    F1 0.5316 0.4610
    AdversarialNet Acc 0.5003 Acc_avg 0.4988 Prec_avg 0.4975 Recall_avg 0.4975 F1_avg 0.4963
    Total Loss 1.4883 Global Cls Loss 0.7138 Local Cls Loss 0.0804 AFN Loss 0.0000 DAN Loss 0.0000

    [Test (Source Domain)]: 
    Data Time 0.0320 (0.0032)
    Batch Time 1.7273 (0.1727)
Accuracy 0.5723 0.5723
    Precision 0.6038 0.5566
    Recall 0.4051 0.7375
    F1 0.4848 0.6344
    Acc_avg 0.5723 Prec_avg 0.5802 Recall_avg 0.5713 F1_avg 0.5596
    Loss 0.6901

    [Test (Target Domain)]: 
    Data Time 0.2166 (0.0027)
    Batch Time 13.1945 (0.1649)
Accuracy 0.7229 0.7229
    Precision 0.2441 0.8296
    Recall 0.2420 0.8312
    F1 0.2430 0.8304
    Acc_avg 0.7229 Prec_avg 0.5369 Recall_avg 0.5366 F1_avg 0.5367
    Loss 0.6267
[Save] Best Recall: 0.5366.
[Save] Best Accuracy: 0.7229.

    [Tain]: 
    Epoch 9
    Data Time 6.5997 (0.0233)
    Batch Time 167.7965 (0.5929)
    Learning Rate 0.0001 Learning Rate(AdversarialNet) 0.001
Accuracy 0.5023 0.5023
    Precision 0.5109 0.4919
    Recall 0.5491 0.4537
    F1 0.5293 0.4721
    AdversarialNet Acc 0.5012 Acc_avg 0.5023 Prec_avg 0.5014 Recall_avg 0.5014 F1_avg 0.5007
    Total Loss 1.4767 Global Cls Loss 0.7119 Local Cls Loss 0.0703 AFN Loss 0.0000 DAN Loss 0.0000

    [Test (Source Domain)]: 
    Data Time 0.0306 (0.0031)
    Batch Time 1.7267 (0.1727)
Accuracy 0.4403 0.4403
    Precision 0.4180 0.4541
    Recall 0.3228 0.5563
    F1 0.3643 0.5000
    Acc_avg 0.4403 Prec_avg 0.4361 Recall_avg 0.4395 F1_avg 0.4321
    Loss 0.7508

    [Test (Target Domain)]: 
    Data Time 0.2138 (0.0027)
    Batch Time 13.3796 (0.1672)
Accuracy 0.3007 0.3007
    Precision 0.1887 0.8398
    Recall 0.8501 0.1770
    F1 0.3088 0.2923
    Acc_avg 0.3007 Prec_avg 0.5143 Recall_avg 0.5135 F1_avg 0.3006
    Loss 0.7980

    [Tain]: 
    Epoch 10
    Data Time 7.0456 (0.0249)
    Batch Time 163.7787 (0.5787)
    Learning Rate 0.0001 Learning Rate(AdversarialNet) 0.001
Accuracy 0.4986 0.4986
    Precision 0.5091 0.4852
    Recall 0.5569 0.4375
    F1 0.5319 0.4601
    AdversarialNet Acc 0.5009 Acc_avg 0.4986 Prec_avg 0.4971 Recall_avg 0.4972 F1_avg 0.4960
    Total Loss 1.4734 Global Cls Loss 0.7121 Local Cls Loss 0.0671 AFN Loss 0.0000 DAN Loss 0.0000

    [Test (Source Domain)]: 
    Data Time 0.0293 (0.0029)
    Batch Time 1.7132 (0.1713)
Accuracy 0.5189 0.5189
    Precision 0.5253 0.5160
    Recall 0.3291 0.7063
    F1 0.4047 0.5963
    Acc_avg 0.5189 Prec_avg 0.5206 Recall_avg 0.5177 F1_avg 0.5005
    Loss 0.7757

    [Test (Target Domain)]: 
    Data Time 0.2160 (0.0027)
    Batch Time 13.0488 (0.1631)
Accuracy 0.1980 0.1980
    Precision 0.1824 0.7647
    Recall 0.9657 0.0251
    F1 0.3068 0.0486
    Acc_avg 0.1980 Prec_avg 0.4735 Recall_avg 0.4954 F1_avg 0.1777
    Loss 0.9551

    [Tain]: 
    Epoch 11
    Data Time 6.4814 (0.0229)
    Batch Time 171.2101 (0.6050)
    Learning Rate 0.0001 Learning Rate(AdversarialNet) 0.001
Accuracy 0.5070 0.5070
    Precision 0.5162 0.4952
    Recall 0.5649 0.4464
    F1 0.5395 0.4695
    AdversarialNet Acc 0.4990 Acc_avg 0.5070 Prec_avg 0.5057 Recall_avg 0.5056 F1_avg 0.5045
    Total Loss 1.4687 Global Cls Loss 0.7085 Local Cls Loss 0.0659 AFN Loss 0.0000 DAN Loss 0.0000

    [Test (Source Domain)]: 
    Data Time 0.0281 (0.0028)
    Batch Time 1.6629 (0.1663)
Accuracy 0.4874 0.4874
    Precision 0.4830 0.4912
    Recall 0.4494 0.5250
    F1 0.4656 0.5076
    Acc_avg 0.4874 Prec_avg 0.4871 Recall_avg 0.4872 F1_avg 0.4866
    Loss 0.8271

    [Test (Target Domain)]: 
    Data Time 0.2105 (0.0026)
    Batch Time 13.2453 (0.1656)
Accuracy 0.2129 0.2129
    Precision 0.1855 0.8558
    Recall 0.9679 0.0429
    F1 0.3113 0.0817
    Acc_avg 0.2129 Prec_avg 0.5206 Recall_avg 0.5054 F1_avg 0.1965
    Loss 0.8632

    [Tain]: 
    Epoch 12
    Data Time 6.9637 (0.0246)
    Batch Time 164.8509 (0.5825)
    Learning Rate 0.0001 Learning Rate(AdversarialNet) 0.001
Accuracy 0.5040 0.5040
    Precision 0.5137 0.4922
    Recall 0.5510 0.4548
    F1 0.5317 0.4728
    AdversarialNet Acc 0.5061 Acc_avg 0.5040 Prec_avg 0.5029 Recall_avg 0.5029 F1_avg 0.5022
    Total Loss 1.4665 Global Cls Loss 0.7115 Local Cls Loss 0.0608 AFN Loss 0.0000 DAN Loss 0.0000

    [Test (Source Domain)]: 
    Data Time 0.1250 (0.0125)
    Batch Time 1.6569 (0.1657)
Accuracy 0.4654 0.4654
    Precision 0.4712 0.4545
    Recall 0.6203 0.3125
    F1 0.5355 0.3704
    Acc_avg 0.4654 Prec_avg 0.4628 Recall_avg 0.4664 F1_avg 0.4529
    Loss 0.8750

    [Test (Target Domain)]: 
    Data Time 0.2206 (0.0028)
    Batch Time 13.1646 (0.1646)
Accuracy 0.7706 0.7706
    Precision 0.2264 0.8201
    Recall 0.1028 0.9209
    F1 0.1414 0.8676
    Acc_avg 0.7706 Prec_avg 0.5233 Recall_avg 0.5119 F1_avg 0.5045
    Loss 0.5677
[Save] Best Accuracy: 0.7706.

    [Tain]: 
    Epoch 13
    Data Time 7.3228 (0.0259)
    Batch Time 164.1447 (0.5800)
    Learning Rate 0.0001 Learning Rate(AdversarialNet) 0.001
Accuracy 0.4996 0.4996
    Precision 0.5095 0.4873
    Recall 0.5511 0.4457
    F1 0.5295 0.4656
    AdversarialNet Acc 0.4992 Acc_avg 0.4996 Prec_avg 0.4984 Recall_avg 0.4984 F1_avg 0.4975
    Total Loss 1.4475 Global Cls Loss 0.7118 Local Cls Loss 0.0411 AFN Loss 0.0000 DAN Loss 0.0000

    [Test (Source Domain)]: 
    Data Time 0.0330 (0.0033)
    Batch Time 1.7252 (0.1725)
Accuracy 0.5660 0.5660
    Precision 0.6087 0.5487
    Recall 0.3544 0.7750
    F1 0.4480 0.6425
    Acc_avg 0.5660 Prec_avg 0.5787 Recall_avg 0.5647 F1_avg 0.5452
    Loss 0.7084

    [Test (Target Domain)]: 
    Data Time 0.2169 (0.0027)
    Batch Time 13.3139 (0.1664)
Accuracy 0.2102 0.2102
    Precision 0.1844 0.8317
    Recall 0.9636 0.0405
    F1 0.3096 0.0772
    Acc_avg 0.2102 Prec_avg 0.5081 Recall_avg 0.5020 F1_avg 0.1934
    Loss 0.8590

    [Tain]: 
    Epoch 14
    Data Time 6.6144 (0.0234)
    Batch Time 167.3797 (0.5914)
    Learning Rate 0.0001 Learning Rate(AdversarialNet) 0.001
Accuracy 0.5017 0.5017
    Precision 0.5122 0.4886
    Recall 0.5536 0.4472
    F1 0.5321 0.4670
    AdversarialNet Acc 0.5025 Acc_avg 0.5017 Prec_avg 0.5004 Recall_avg 0.5004 F1_avg 0.4995
    Total Loss 1.4538 Global Cls Loss 0.7112 Local Cls Loss 0.0488 AFN Loss 0.0000 DAN Loss 0.0000

    [Test (Source Domain)]: 
    Data Time 0.0986 (0.0099)
    Batch Time 1.6891 (0.1689)
Accuracy 0.3836 0.3836
    Precision 0.3643 0.3989
    Recall 0.3228 0.4437
    F1 0.3423 0.4201
    Acc_avg 0.3836 Prec_avg 0.3816 Recall_avg 0.3833 F1_avg 0.3812
    Loss 0.7868

    [Test (Target Domain)]: 
    Data Time 0.2197 (0.0027)
    Batch Time 13.2643 (0.1658)
Accuracy 0.6163 0.6163
    Precision 0.2505 0.8608
    Recall 0.5460 0.6321
    F1 0.3434 0.7289
    Acc_avg 0.6163 Prec_avg 0.5556 Recall_avg 0.5891 F1_avg 0.5362
    Loss 0.6732
[Save] Best Recall: 0.5891.

    [Tain]: 
    Epoch 15
    Data Time 7.6469 (0.0270)
    Batch Time 160.8485 (0.5684)
    Learning Rate 0.0001 Learning Rate(AdversarialNet) 0.001
Accuracy 0.4966 0.4966
    Precision 0.5087 0.4817
    Recall 0.5452 0.4454
    F1 0.5263 0.4628
    AdversarialNet Acc 0.5069 Acc_avg 0.4966 Prec_avg 0.4952 Recall_avg 0.4953 F1_avg 0.4946
    Total Loss 1.4517 Global Cls Loss 0.7093 Local Cls Loss 0.0478 AFN Loss 0.0000 DAN Loss 0.0000

    [Test (Source Domain)]: 
    Data Time 0.0289 (0.0029)
    Batch Time 1.7155 (0.1715)
Accuracy 0.6069 0.6069
    Precision 0.6299 0.5916
    Recall 0.5063 0.7063
    F1 0.5614 0.6439
    Acc_avg 0.6069 Prec_avg 0.6108 Recall_avg 0.6063 F1_avg 0.6026
    Loss 0.6619

    [Test (Target Domain)]: 
    Data Time 0.2200 (0.0028)
    Batch Time 13.4440 (0.1680)
Accuracy 0.6714 0.6714
    Precision 0.2527 0.8447
    Recall 0.4026 0.7319
    F1 0.3105 0.7843
    Acc_avg 0.6714 Prec_avg 0.5487 Recall_avg 0.5672 F1_avg 0.5474
    Loss 0.6314

    [Tain]: 
    Epoch 16
    Data Time 7.0654 (0.0250)
    Batch Time 163.2278 (0.5768)
    Learning Rate 0.0001 Learning Rate(AdversarialNet) 0.001
Accuracy 0.5015 0.5015
    Precision 0.5123 0.4873
    Recall 0.5682 0.4315
    F1 0.5388 0.4577
    AdversarialNet Acc 0.5027 Acc_avg 0.5015 Prec_avg 0.4998 Recall_avg 0.4998 F1_avg 0.4983
    Total Loss 1.4432 Global Cls Loss 0.7074 Local Cls Loss 0.0424 AFN Loss 0.0000 DAN Loss 0.0000

    [Test (Source Domain)]: 
    Data Time 0.0298 (0.0030)
    Batch Time 1.7110 (0.1711)
Accuracy 0.6195 0.6195
    Precision 0.5979 0.6512
    Recall 0.7152 0.5250
    F1 0.6513 0.5813
    Acc_avg 0.6195 Prec_avg 0.6245 Recall_avg 0.6201 F1_avg 0.6163
    Loss 0.6607

    [Test (Target Domain)]: 
    Data Time 0.2126 (0.0027)
    Batch Time 13.1466 (0.1643)
Accuracy 0.3463 0.3463
    Precision 0.1881 0.8293
    Recall 0.7709 0.2507
    F1 0.3024 0.3850
    Acc_avg 0.3463 Prec_avg 0.5087 Recall_avg 0.5108 F1_avg 0.3437
    Loss 0.7829

    [Tain]: 
    Epoch 17
    Data Time 7.2478 (0.0256)
    Batch Time 165.5796 (0.5851)
    Learning Rate 0.0001 Learning Rate(AdversarialNet) 0.001
Accuracy 0.5092 0.5092
    Precision 0.5178 0.4984
    Recall 0.5644 0.4515
    F1 0.5401 0.4738
    AdversarialNet Acc 0.4962 Acc_avg 0.5092 Prec_avg 0.5081 Recall_avg 0.5080 F1_avg 0.5069
    Total Loss 1.4376 Global Cls Loss 0.7097 Local Cls Loss 0.0335 AFN Loss 0.0000 DAN Loss 0.0000

    [Test (Source Domain)]: 
    Data Time 0.0298 (0.0030)
    Batch Time 1.7225 (0.1722)
Accuracy 0.4937 0.4937
    Precision 0.4854 0.4977
    Recall 0.3165 0.6687
    F1 0.3831 0.5707
    Acc_avg 0.4937 Prec_avg 0.4916 Recall_avg 0.4926 F1_avg 0.4769
    Loss 0.8840

    [Test (Target Domain)]: 
    Data Time 0.2135 (0.0027)
    Batch Time 13.3201 (0.1665)
Accuracy 0.2405 0.2405
    Precision 0.1835 0.8130
    Recall 0.9079 0.0902
    F1 0.3053 0.1623
    Acc_avg 0.2405 Prec_avg 0.4983 Recall_avg 0.4990 F1_avg 0.2338
    Loss 1.0888

    [Tain]: 
    Epoch 18
    Data Time 7.3908 (0.0261)
    Batch Time 163.9789 (0.5794)
    Learning Rate 0.0001 Learning Rate(AdversarialNet) 0.001
Accuracy 0.4980 0.4980
    Precision 0.5061 0.4881
    Recall 0.5463 0.4480
    F1 0.5255 0.4672
    AdversarialNet Acc 0.4930 Acc_avg 0.4980 Prec_avg 0.4971 Recall_avg 0.4972 F1_avg 0.4963
    Total Loss 1.4284 Global Cls Loss 0.7063 Local Cls Loss 0.0278 AFN Loss 0.0000 DAN Loss 0.0000

    [Test (Source Domain)]: 
    Data Time 0.0292 (0.0029)
    Batch Time 1.7450 (0.1745)
Accuracy 0.3585 0.3585
    Precision 0.2946 0.3932
    Recall 0.2089 0.5062
    F1 0.2444 0.4426
    Acc_avg 0.3585 Prec_avg 0.3439 Recall_avg 0.3576 F1_avg 0.3435
    Loss 0.8427

    [Test (Target Domain)]: 
    Data Time 0.2149 (0.0027)
    Batch Time 13.3692 (0.1671)
Accuracy 0.3262 0.3262
    Precision 0.1659 0.7670
    Recall 0.6617 0.2507
    F1 0.2652 0.3779
    Acc_avg 0.3262 Prec_avg 0.4664 Recall_avg 0.4562 F1_avg 0.3216
    Loss 0.7870

    [Tain]: 
    Epoch 19
    Data Time 6.9078 (0.0244)
    Batch Time 161.9265 (0.5722)
    Learning Rate 0.0001 Learning Rate(AdversarialNet) 0.001
Accuracy 0.4896 0.4896
    Precision 0.5012 0.4758
    Recall 0.5324 0.4448
    F1 0.5163 0.4598
    AdversarialNet Acc 0.4999 Acc_avg 0.4896 Prec_avg 0.4885 Recall_avg 0.4886 F1_avg 0.4881
    Total Loss 1.4325 Global Cls Loss 0.7098 Local Cls Loss 0.0288 AFN Loss 0.0000 DAN Loss 0.0000

    [Test (Source Domain)]: 
    Data Time 0.0330 (0.0033)
    Batch Time 1.6994 (0.1699)
Accuracy 0.6226 0.6226
    Precision 0.6418 0.6087
    Recall 0.5443 0.7000
    F1 0.5890 0.6512
    Acc_avg 0.6226 Prec_avg 0.6252 Recall_avg 0.6222 F1_avg 0.6201
    Loss 0.6601

    [Test (Target Domain)]: 
    Data Time 0.2201 (0.0028)
    Batch Time 13.2297 (0.1654)
Accuracy 0.7477 0.7477
    Precision 0.1654 0.8141
    Recall 0.0921 0.8954
    F1 0.1183 0.8528
    Acc_avg 0.7477 Prec_avg 0.4898 Recall_avg 0.4937 F1_avg 0.4856
    Loss 0.6186

    [Tain]: 
    Epoch 20
    Data Time 7.1453 (0.0252)
    Batch Time 161.9640 (0.5723)
    Learning Rate 0.0001 Learning Rate(AdversarialNet) 0.001
Accuracy 0.5006 0.5006
    Precision 0.5098 0.4891
    Recall 0.5527 0.4462
    F1 0.5304 0.4667
    AdversarialNet Acc 0.4998 Acc_avg 0.5006 Prec_avg 0.4995 Recall_avg 0.4995 F1_avg 0.4985
    Total Loss 1.4305 Global Cls Loss 0.7092 Local Cls Loss 0.0273 AFN Loss 0.0000 DAN Loss 0.0000

    [Test (Source Domain)]: 
    Data Time 0.0288 (0.0029)
    Batch Time 1.7463 (0.1746)
Accuracy 0.4843 0.4843
    Precision 0.4792 0.4885
    Recall 0.4367 0.5312
    F1 0.4570 0.5090
    Acc_avg 0.4843 Prec_avg 0.4838 Recall_avg 0.4840 F1_avg 0.4830
    Loss 0.7060

    [Test (Target Domain)]: 
    Data Time 0.2233 (0.0028)
    Batch Time 13.2990 (0.1662)
Accuracy 0.3684 0.3684
    Precision 0.1944 0.8454
    Recall 0.7752 0.2768
    F1 0.3109 0.4170
    Acc_avg 0.3684 Prec_avg 0.5199 Recall_avg 0.5260 F1_avg 0.3639
    Loss 0.7613

    [Tain]: 
    Epoch 21
    Data Time 7.5234 (0.0266)
    Batch Time 162.3178 (0.5736)
    Learning Rate 0.0001 Learning Rate(AdversarialNet) 0.0001
Accuracy 0.5002 0.5002
    Precision 0.5108 0.4872
    Recall 0.5518 0.4462
    F1 0.5305 0.4658
    AdversarialNet Acc 0.4881 Acc_avg 0.5002 Prec_avg 0.4990 Recall_avg 0.4990 F1_avg 0.4981
    Total Loss 1.4368 Global Cls Loss 0.7071 Local Cls Loss 0.0325 AFN Loss 0.0000 DAN Loss 0.0000

    [Test (Source Domain)]: 
    Data Time 0.0279 (0.0028)
    Batch Time 1.7263 (0.1726)
Accuracy 0.4717 0.4717
    Precision 0.4792 0.4487
    Recall 0.7278 0.2188
    F1 0.5779 0.2941
    Acc_avg 0.4717 Prec_avg 0.4639 Recall_avg 0.4733 F1_avg 0.4360
    Loss 0.9449

    [Test (Target Domain)]: 
    Data Time 0.2229 (0.0028)
    Batch Time 13.2998 (0.1662)
Accuracy 0.7690 0.7690
    Precision 0.1739 0.8154
    Recall 0.0685 0.9267
    F1 0.0983 0.8675
    Acc_avg 0.7690 Prec_avg 0.4947 Recall_avg 0.4976 F1_avg 0.4829
    Loss 0.6032

    [Tain]: 
    Epoch 22
    Data Time 7.3628 (0.0260)
    Batch Time 162.2669 (0.5734)
    Learning Rate 0.0001 Learning Rate(AdversarialNet) 0.0001
Accuracy 0.4918 0.4918
    Precision 0.5024 0.4787
    Recall 0.5456 0.4357
    F1 0.5231 0.4562
    AdversarialNet Acc 0.4506 Acc_avg 0.4918 Prec_avg 0.4905 Recall_avg 0.4906 F1_avg 0.4896
    Total Loss 1.4349 Global Cls Loss 0.7089 Local Cls Loss 0.0272 AFN Loss 0.0000 DAN Loss 0.0000

    [Test (Source Domain)]: 
    Data Time 0.0328 (0.0033)
    Batch Time 1.7448 (0.1745)
Accuracy 0.4748 0.4748
    Precision 0.4698 0.4793
    Recall 0.4430 0.5062
    F1 0.4560 0.4924
    Acc_avg 0.4748 Prec_avg 0.4745 Recall_avg 0.4746 F1_avg 0.4742
    Loss 0.7405

    [Test (Target Domain)]: 
    Data Time 0.2143 (0.0027)
    Batch Time 13.2445 (0.1656)
Accuracy 0.2043 0.2043
    Precision 0.1833 0.8023
    Recall 0.9636 0.0333
    F1 0.3080 0.0639
    Acc_avg 0.2043 Prec_avg 0.4928 Recall_avg 0.4984 F1_avg 0.1859
    Loss 1.0692

    [Tain]: 
    Epoch 23
    Data Time 6.5713 (0.0232)
    Batch Time 171.5530 (0.6062)
    Learning Rate 0.0001 Learning Rate(AdversarialNet) 0.0001
Accuracy 0.4965 0.4965
    Precision 0.5073 0.4827
    Recall 0.5550 0.4351
    F1 0.5301 0.4577
    AdversarialNet Acc 0.4621 Acc_avg 0.4965 Prec_avg 0.4950 Recall_avg 0.4951 F1_avg 0.4939
    Total Loss 1.4429 Global Cls Loss 0.7094 Local Cls Loss 0.0362 AFN Loss 0.0000 DAN Loss 0.0000

    [Test (Source Domain)]: 
    Data Time 0.0327 (0.0033)
    Batch Time 1.6243 (0.1624)
Accuracy 0.4119 0.4119
    Precision 0.4378 0.3412
    Recall 0.6456 0.1812
    F1 0.5217 0.2367
    Acc_avg 0.4119 Prec_avg 0.3895 Recall_avg 0.4134 F1_avg 0.3792
    Loss 0.8036

    [Test (Target Domain)]: 
    Data Time 0.2334 (0.0029)
    Batch Time 14.9626 (0.1870)
Accuracy 0.7879 0.7879
    Precision 0.1604 0.8152
    Recall 0.0364 0.9571
    F1 0.0593 0.8805
    Acc_avg 0.7879 Prec_avg 0.4878 Recall_avg 0.4967 F1_avg 0.4699
    Loss 0.5571
[Save] Best Accuracy: 0.7879.

    [Tain]: 
    Epoch 24
    Data Time 6.8204 (0.0241)
    Batch Time 169.9367 (0.6005)
    Learning Rate 0.0001 Learning Rate(AdversarialNet) 0.0001
Accuracy 0.4999 0.4999
    Precision 0.5091 0.4885
    Recall 0.5530 0.4445
    F1 0.5301 0.4655
    AdversarialNet Acc 0.4838 Acc_avg 0.4999 Prec_avg 0.4988 Recall_avg 0.4988 F1_avg 0.4978
    Total Loss 1.4282 Global Cls Loss 0.7111 Local Cls Loss 0.0226 AFN Loss 0.0000 DAN Loss 0.0000

    [Test (Source Domain)]: 
    Data Time 0.0244 (0.0024)
    Batch Time 1.6717 (0.1672)
Accuracy 0.4245 0.4245
    Precision 0.4439 0.3789
    Recall 0.6266 0.2250
    F1 0.5197 0.2824
    Acc_avg 0.4245 Prec_avg 0.4114 Recall_avg 0.4258 F1_avg 0.4010
    Loss 0.8209

    [Test (Target Domain)]: 
    Data Time 0.2165 (0.0027)
    Batch Time 13.0771 (0.1635)
Accuracy 0.7788 0.7788
    Precision 0.1429 0.8140
    Recall 0.0407 0.9450
    F1 0.0633 0.8746
    Acc_avg 0.7788 Prec_avg 0.4784 Recall_avg 0.4929 F1_avg 0.4690
    Loss 0.5763

    [Tain]: 
    Epoch 25
    Data Time 6.5681 (0.0232)
    Batch Time 164.4994 (0.5813)
    Learning Rate 0.0001 Learning Rate(AdversarialNet) 0.0001
Accuracy 0.4973 0.4973
    Precision 0.5065 0.4865
    Recall 0.5370 0.4561
    F1 0.5213 0.4708
    AdversarialNet Acc 0.4932 Acc_avg 0.4973 Prec_avg 0.4965 Recall_avg 0.4966 F1_avg 0.4961
    Total Loss 1.4270 Global Cls Loss 0.7086 Local Cls Loss 0.0246 AFN Loss 0.0000 DAN Loss 0.0000

    [Test (Source Domain)]: 
    Data Time 0.0314 (0.0031)
    Batch Time 1.7212 (0.1721)
Accuracy 0.3648 0.3648
    Precision 0.3382 0.3846
    Recall 0.2911 0.4375
    F1 0.3129 0.4094
    Acc_avg 0.3648 Prec_avg 0.3614 Recall_avg 0.3643 F1_avg 0.3611
    Loss 0.8467

    [Test (Target Domain)]: 
    Data Time 0.2095 (0.0026)
    Batch Time 13.2240 (0.1653)
Accuracy 0.4730 0.4730
    Precision 0.1512 0.7847
    Recall 0.4047 0.4884
    F1 0.2202 0.6021
    Acc_avg 0.4730 Prec_avg 0.4679 Recall_avg 0.4466 F1_avg 0.4111
    Loss 0.7171

    [Tain]: 
    Epoch 26
    Data Time 6.7689 (0.0239)
    Batch Time 172.3593 (0.6090)
    Learning Rate 0.0001 Learning Rate(AdversarialNet) 0.0001
Accuracy 0.5046 0.5046
    Precision 0.5142 0.4925
    Recall 0.5613 0.4453
    F1 0.5368 0.4677
    AdversarialNet Acc 0.4991 Acc_avg 0.5046 Prec_avg 0.5034 Recall_avg 0.5033 F1_avg 0.5022
    Total Loss 1.4248 Global Cls Loss 0.7080 Local Cls Loss 0.0236 AFN Loss 0.0000 DAN Loss 0.0000

    [Test (Source Domain)]: 
    Data Time 0.0297 (0.0030)
    Batch Time 1.7288 (0.1729)
Accuracy 0.5881 0.5881
    Precision 0.5839 0.5924
    Recall 0.5949 0.5813
    F1 0.5893 0.5868
    Acc_avg 0.5881 Prec_avg 0.5881 Recall_avg 0.5881 F1_avg 0.5880
    Loss 0.6639

    [Test (Target Domain)]: 
    Data Time 0.2155 (0.0027)
    Batch Time 13.1137 (0.1639)
Accuracy 0.5643 0.5643
    Precision 0.1794 0.8134
    Recall 0.3833 0.6051
    F1 0.2444 0.6939
    Acc_avg 0.5643 Prec_avg 0.4964 Recall_avg 0.4942 F1_avg 0.4692
    Loss 0.6914

    [Tain]: 
    Epoch 27
    Data Time 6.1052 (0.0216)
    Batch Time 165.6373 (0.5853)
    Learning Rate 0.0001 Learning Rate(AdversarialNet) 0.0001
Accuracy 0.5047 0.5047
    Precision 0.5138 0.4940
    Recall 0.5460 0.4618
    F1 0.5294 0.4773
    AdversarialNet Acc 0.4990 Acc_avg 0.5047 Prec_avg 0.5039 Recall_avg 0.5039 F1_avg 0.5034
    Total Loss 1.4265 Global Cls Loss 0.7071 Local Cls Loss 0.0262 AFN Loss 0.0000 DAN Loss 0.0000

    [Test (Source Domain)]: 
    Data Time 0.0296 (0.0030)
    Batch Time 1.7600 (0.1760)
Accuracy 0.4497 0.4497
    Precision 0.4664 0.3846
    Recall 0.7468 0.1562
    F1 0.5742 0.2222
    Acc_avg 0.4497 Prec_avg 0.4255 Recall_avg 0.4515 F1_avg 0.3982
    Loss 0.8020

    [Test (Target Domain)]: 
    Data Time 0.2169 (0.0027)
    Batch Time 13.2450 (0.1656)
Accuracy 0.6285 0.6285
    Precision 0.1435 0.8018
    Recall 0.2056 0.7237
    F1 0.1690 0.7608
    Acc_avg 0.6285 Prec_avg 0.4727 Recall_avg 0.4646 F1_avg 0.4649
    Loss 0.6719

    [Tain]: 
    Epoch 28
    Data Time 6.7063 (0.0237)
    Batch Time 163.1702 (0.5766)
    Learning Rate 0.0001 Learning Rate(AdversarialNet) 0.0001
Accuracy 0.5029 0.5029
    Precision 0.5140 0.4895
    Recall 0.5476 0.4558
    F1 0.5303 0.4721
    AdversarialNet Acc 0.5019 Acc_avg 0.5029 Prec_avg 0.5017 Recall_avg 0.5017 F1_avg 0.5012
    Total Loss 1.4203 Global Cls Loss 0.7076 Local Cls Loss 0.0194 AFN Loss 0.0000 DAN Loss 0.0000

    [Test (Source Domain)]: 
    Data Time 0.0332 (0.0033)
    Batch Time 1.7172 (0.1717)
Accuracy 0.5031 0.5031
    Precision 0.5000 0.5048
    Recall 0.3481 0.6562
    F1 0.4104 0.5707
    Acc_avg 0.5031 Prec_avg 0.5024 Recall_avg 0.5022 F1_avg 0.4905
    Loss 0.7988

    [Test (Target Domain)]: 
    Data Time 0.2121 (0.0027)
    Batch Time 13.0918 (0.1636)
Accuracy 0.2145 0.2145
    Precision 0.1808 0.7671
    Recall 0.9272 0.0540
    F1 0.3026 0.1009
    Acc_avg 0.2145 Prec_avg 0.4740 Recall_avg 0.4906 F1_avg 0.2017
    Loss 0.9325

    [Tain]: 
    Epoch 29
    Data Time 6.4683 (0.0229)
    Batch Time 166.9927 (0.5901)
    Learning Rate 0.0001 Learning Rate(AdversarialNet) 0.0001
Accuracy 0.5041 0.5041
    Precision 0.5133 0.4915
    Recall 0.5782 0.4266
    F1 0.5438 0.4568
    AdversarialNet Acc 0.5091 Acc_avg 0.5041 Prec_avg 0.5024 Recall_avg 0.5024 F1_avg 0.5003
    Total Loss 1.4193 Global Cls Loss 0.7037 Local Cls Loss 0.0226 AFN Loss 0.0000 DAN Loss 0.0000

    [Test (Source Domain)]: 
    Data Time 0.1356 (0.0136)
    Batch Time 1.6904 (0.1690)
Accuracy 0.4340 0.4340
    Precision 0.4247 0.4419
    Recall 0.3924 0.4750
    F1 0.4079 0.4578
    Acc_avg 0.4340 Prec_avg 0.4333 Recall_avg 0.4337 F1_avg 0.4329
    Loss 0.8198

    [Test (Target Domain)]: 
    Data Time 0.2221 (0.0028)
    Batch Time 13.1558 (0.1644)
Accuracy 0.3503 0.3503
    Precision 0.1807 0.8079
    Recall 0.7173 0.2676
    F1 0.2887 0.4020
    Acc_avg 0.3503 Prec_avg 0.4943 Recall_avg 0.4925 F1_avg 0.3453
    Loss 0.7801

    [Tain]: 
    Epoch 30
    Data Time 6.7251 (0.0238)
    Batch Time 162.3764 (0.5738)
    Learning Rate 0.0001 Learning Rate(AdversarialNet) 0.0001
Accuracy 0.5089 0.5089
    Precision 0.5162 0.4997
    Recall 0.5663 0.4495
    F1 0.5401 0.4733
    AdversarialNet Acc 0.5073 Acc_avg 0.5089 Prec_avg 0.5080 Recall_avg 0.5079 F1_avg 0.5067
    Total Loss 1.4234 Global Cls Loss 0.7049 Local Cls Loss 0.0257 AFN Loss 0.0000 DAN Loss 0.0000

    [Test (Source Domain)]: 
    Data Time 0.0330 (0.0033)
    Batch Time 1.7008 (0.1701)
Accuracy 0.4874 0.4874
    Precision 0.4903 0.4754
    Recall 0.7975 0.1812
    F1 0.6072 0.2624
    Acc_avg 0.4874 Prec_avg 0.4828 Recall_avg 0.4894 F1_avg 0.4348
    Loss 0.7336

    [Test (Target Domain)]: 
    Data Time 0.2087 (0.0026)
    Batch Time 13.1564 (0.1645)
Accuracy 0.4486 0.4486
    Precision 0.1631 0.7913
    Recall 0.4839 0.4407
    F1 0.2439 0.5661
    Acc_avg 0.4486 Prec_avg 0.4772 Recall_avg 0.4623 F1_avg 0.4050
    Loss 0.7096

    [Tain]: 
    Epoch 31
    Data Time 6.5722 (0.0232)
    Batch Time 169.3694 (0.5985)
    Learning Rate 0.0001 Learning Rate(AdversarialNet) 0.0001
Accuracy 0.4951 0.4951
    Precision 0.5045 0.4836
    Recall 0.5471 0.4411
    F1 0.5249 0.4614
    AdversarialNet Acc 0.5056 Acc_avg 0.4951 Prec_avg 0.4940 Recall_avg 0.4941 F1_avg 0.4931
    Total Loss 1.4190 Global Cls Loss 0.7077 Local Cls Loss 0.0185 AFN Loss 0.0000 DAN Loss 0.0000

    [Test (Source Domain)]: 
    Data Time 0.0332 (0.0033)
    Batch Time 1.7237 (0.1724)
Accuracy 0.4057 0.4057
    Precision 0.4387 0.2769
    Recall 0.7025 0.1125
    F1 0.5401 0.1600
    Acc_avg 0.4057 Prec_avg 0.3578 Recall_avg 0.4075 F1_avg 0.3501
    Loss 0.8843

    [Test (Target Domain)]: 
    Data Time 0.2169 (0.0027)
    Batch Time 15.5820 (0.1948)
Accuracy 0.6013 0.6013
    Precision 0.2102 0.8318
    Recall 0.4240 0.6413
    F1 0.2811 0.7242
    Acc_avg 0.6013 Prec_avg 0.5210 Recall_avg 0.5326 F1_avg 0.5026
    Loss 0.6707

    [Tain]: 
    Epoch 32
    Data Time 6.9027 (0.0244)
    Batch Time 164.1707 (0.5801)
    Learning Rate 0.0001 Learning Rate(AdversarialNet) 0.0001
Accuracy 0.5021 0.5021
    Precision 0.5138 0.4880
    Recall 0.5471 0.4546
    F1 0.5300 0.4707
    AdversarialNet Acc 0.5136 Acc_avg 0.5021 Prec_avg 0.5009 Recall_avg 0.5009 F1_avg 0.5003
    Total Loss 1.4173 Global Cls Loss 0.7062 Local Cls Loss 0.0181 AFN Loss 0.0000 DAN Loss 0.0000

    [Test (Source Domain)]: 
    Data Time 0.0339 (0.0034)
    Batch Time 1.6678 (0.1668)
Accuracy 0.3994 0.3994
    Precision 0.3187 0.4317
    Recall 0.1835 0.6125
    F1 0.2329 0.5065
    Acc_avg 0.3994 Prec_avg 0.3752 Recall_avg 0.3980 F1_avg 0.3697
    Loss 0.9063

    [Test (Target Domain)]: 
    Data Time 0.2179 (0.0027)
    Batch Time 13.1525 (0.1644)
Accuracy 0.2165 0.2165
    Precision 0.1752 0.7128
    Recall 0.8801 0.0670
    F1 0.2922 0.1225
    Acc_avg 0.2165 Prec_avg 0.4440 Recall_avg 0.4736 F1_avg 0.2074
    Loss 0.8688

    [Tain]: 
    Epoch 33
    Data Time 6.4426 (0.0228)
    Batch Time 164.7872 (0.5823)
    Learning Rate 0.0001 Learning Rate(AdversarialNet) 0.0001
Accuracy 0.5106 0.5106
    Precision 0.5204 0.4984
    Recall 0.5644 0.4542
    F1 0.5415 0.4753
    AdversarialNet Acc 0.5059 Acc_avg 0.5106 Prec_avg 0.5094 Recall_avg 0.5093 F1_avg 0.5084
    Total Loss 1.4226 Global Cls Loss 0.7046 Local Cls Loss 0.0253 AFN Loss 0.0000 DAN Loss 0.0000

    [Test (Source Domain)]: 
    Data Time 0.0280 (0.0028)
    Batch Time 1.7263 (0.1726)
Accuracy 0.6132 0.6132
    Precision 0.6699 0.5860
    Recall 0.4367 0.7875
    F1 0.5287 0.6720
    Acc_avg 0.6132 Prec_avg 0.6280 Recall_avg 0.6121 F1_avg 0.6004
    Loss 0.6722

    [Test (Target Domain)]: 
    Data Time 0.2204 (0.0028)
    Batch Time 13.3262 (0.1666)
Accuracy 0.1889 0.1889
    Precision 0.1781 0.6000
    Recall 0.9443 0.0188
    F1 0.2997 0.0365
    Acc_avg 0.1889 Prec_avg 0.3891 Recall_avg 0.4816 F1_avg 0.1681
    Loss 0.8862

    [Tain]: 
    Epoch 34
    Data Time 6.8784 (0.0243)
    Batch Time 170.0004 (0.6007)
    Learning Rate 0.0001 Learning Rate(AdversarialNet) 0.0001
Accuracy 0.5010 0.5010
    Precision 0.5110 0.4881
    Recall 0.5627 0.4364
    F1 0.5356 0.4608
    AdversarialNet Acc 0.5006 Acc_avg 0.5010 Prec_avg 0.4995 Recall_avg 0.4996 F1_avg 0.4982
    Total Loss 1.4289 Global Cls Loss 0.7087 Local Cls Loss 0.0271 AFN Loss 0.0000 DAN Loss 0.0000

    [Test (Source Domain)]: 
    Data Time 0.0318 (0.0032)
    Batch Time 1.7579 (0.1758)
Accuracy 0.4969 0.4969
    Precision 0.4947 0.5000
    Recall 0.5886 0.4062
    F1 0.5376 0.4483
    Acc_avg 0.4969 Prec_avg 0.4973 Recall_avg 0.4974 F1_avg 0.4929
    Loss 0.7124

    [Test (Target Domain)]: 
    Data Time 0.2131 (0.0027)
    Batch Time 14.2776 (0.1785)
Accuracy 0.5541 0.5541
    Precision 0.1630 0.8030
    Recall 0.3448 0.6013
    F1 0.2213 0.6876
    Acc_avg 0.5541 Prec_avg 0.4830 Recall_avg 0.4730 F1_avg 0.4545
    Loss 0.6875

    [Tain]: 
    Epoch 35
    Data Time 6.8683 (0.0243)
    Batch Time 167.6971 (0.5926)
    Learning Rate 0.0001 Learning Rate(AdversarialNet) 0.0001
Accuracy 0.4982 0.4982
    Precision 0.5081 0.4854
    Recall 0.5619 0.4317
    F1 0.5337 0.4570
    AdversarialNet Acc 0.4983 Acc_avg 0.4982 Prec_avg 0.4968 Recall_avg 0.4968 F1_avg 0.4953
    Total Loss 1.4198 Global Cls Loss 0.7060 Local Cls Loss 0.0199 AFN Loss 0.0000 DAN Loss 0.0000

    [Test (Source Domain)]: 
    Data Time 0.0358 (0.0036)
    Batch Time 1.7647 (0.1765)
Accuracy 0.3931 0.3931
    Precision 0.3664 0.4118
    Recall 0.3038 0.4813
    F1 0.3322 0.4438
    Acc_avg 0.3931 Prec_avg 0.3891 Recall_avg 0.3925 F1_avg 0.3880
    Loss 0.7797

    [Test (Target Domain)]: 
    Data Time 0.2173 (0.0027)
    Batch Time 13.3836 (0.1673)
Accuracy 0.5498 0.5498
    Precision 0.2018 0.8307
    Recall 0.4904 0.5632
    F1 0.2859 0.6713
    Acc_avg 0.5498 Prec_avg 0.5162 Recall_avg 0.5268 F1_avg 0.4786
    Loss 0.6807

    [Tain]: 
    Epoch 36
    Data Time 7.3182 (0.0259)
    Batch Time 163.2883 (0.5770)
    Learning Rate 0.0001 Learning Rate(AdversarialNet) 0.0001
Accuracy 0.4949 0.4949
    Precision 0.5057 0.4821
    Recall 0.5382 0.4496
    F1 0.5214 0.4653
    AdversarialNet Acc 0.4941 Acc_avg 0.4949 Prec_avg 0.4939 Recall_avg 0.4939 F1_avg 0.4934
    Total Loss 1.4219 Global Cls Loss 0.7077 Local Cls Loss 0.0206 AFN Loss 0.0000 DAN Loss 0.0000

    [Test (Source Domain)]: 
    Data Time 0.0303 (0.0030)
    Batch Time 1.6598 (0.1660)
Accuracy 0.4182 0.4182
    Precision 0.4069 0.4277
    Recall 0.3734 0.4625
    F1 0.3894 0.4444
    Acc_avg 0.4182 Prec_avg 0.4173 Recall_avg 0.4180 F1_avg 0.4169
    Loss 0.7923

    [Test (Target Domain)]: 
    Data Time 0.2232 (0.0028)
    Batch Time 13.2795 (0.1660)
Accuracy 0.2727 0.2727
    Precision 0.1766 0.7783
    Recall 0.8073 0.1524
    F1 0.2898 0.2548
    Acc_avg 0.2727 Prec_avg 0.4775 Recall_avg 0.4798 F1_avg 0.2723
    Loss 0.7889

    [Tain]: 
    Epoch 37
    Data Time 7.1628 (0.0253)
    Batch Time 193.2442 (0.6828)
    Learning Rate 0.0001 Learning Rate(AdversarialNet) 0.0001
Accuracy 0.4987 0.4987
    Precision 0.5084 0.4860
    Recall 0.5631 0.4314
    F1 0.5344 0.4571
    AdversarialNet Acc 0.5032 Acc_avg 0.4987 Prec_avg 0.4972 Recall_avg 0.4972 F1_avg 0.4957
    Total Loss 1.4216 Global Cls Loss 0.7079 Local Cls Loss 0.0206 AFN Loss 0.0000 DAN Loss 0.0000

    [Test (Source Domain)]: 
    Data Time 0.0284 (0.0028)
    Batch Time 1.6594 (0.1659)
Accuracy 0.5975 0.5975
    Precision 0.5806 0.6212
    Recall 0.6835 0.5125
    F1 0.6279 0.5616
    Acc_avg 0.5975 Prec_avg 0.6009 Recall_avg 0.5980 F1_avg 0.5948
    Loss 0.6696

    [Test (Target Domain)]: 
    Data Time 0.2167 (0.0027)
    Batch Time 14.1942 (0.1774)
Accuracy 0.7572 0.7572
    Precision 0.1324 0.8117
    Recall 0.0578 0.9147
    F1 0.0805 0.8601
    Acc_avg 0.7572 Prec_avg 0.4720 Recall_avg 0.4862 F1_avg 0.4703
    Loss 0.5890

    [Tain]: 
    Epoch 38
    Data Time 6.3966 (0.0226)
    Batch Time 166.7644 (0.5893)
    Learning Rate 0.0001 Learning Rate(AdversarialNet) 0.0001
Accuracy 0.4943 0.4943
    Precision 0.5031 0.4833
    Recall 0.5483 0.4382
    F1 0.5247 0.4597
    AdversarialNet Acc 0.5059 Acc_avg 0.4943 Prec_avg 0.4932 Recall_avg 0.4932 F1_avg 0.4922
    Total Loss 1.4222 Global Cls Loss 0.7048 Local Cls Loss 0.0242 AFN Loss 0.0000 DAN Loss 0.0000

    [Test (Source Domain)]: 
    Data Time 0.0265 (0.0027)
    Batch Time 1.7191 (0.1719)
Accuracy 0.3679 0.3679
    Precision 0.3951 0.3186
    Recall 0.5127 0.2250
    F1 0.4463 0.2637
    Acc_avg 0.3679 Prec_avg 0.3569 Recall_avg 0.3688 F1_avg 0.3550
    Loss 0.7836

    [Test (Target Domain)]: 
    Data Time 0.2177 (0.0027)
    Batch Time 13.4758 (0.1684)
Accuracy 0.2058 0.2058
    Precision 0.1826 0.7857
    Recall 0.9550 0.0371
    F1 0.3065 0.0709
    Acc_avg 0.2058 Prec_avg 0.4841 Recall_avg 0.4961 F1_avg 0.1887
    Loss 0.8410

    [Tain]: 
    Epoch 39
    Data Time 6.7285 (0.0238)
    Batch Time 175.1863 (0.6190)
    Learning Rate 0.0001 Learning Rate(AdversarialNet) 0.0001
Accuracy 0.5009 0.5009
    Precision 0.5096 0.4897
    Recall 0.5613 0.4380
    F1 0.5342 0.4624
    AdversarialNet Acc 0.5049 Acc_avg 0.5009 Prec_avg 0.4997 Recall_avg 0.4997 F1_avg 0.4983
    Total Loss 1.4150 Global Cls Loss 0.7046 Local Cls Loss 0.0171 AFN Loss 0.0000 DAN Loss 0.0000

    [Test (Source Domain)]: 
    Data Time 0.0338 (0.0034)
    Batch Time 1.6877 (0.1688)
Accuracy 0.4403 0.4403
    Precision 0.4541 0.4100
    Recall 0.6266 0.2562
    F1 0.5266 0.3154
    Acc_avg 0.4403 Prec_avg 0.4321 Recall_avg 0.4414 F1_avg 0.4210
    Loss 0.7894

    [Test (Target Domain)]: 
    Data Time 0.2182 (0.0027)
    Batch Time 13.1175 (0.1640)
Accuracy 0.7312 0.7312
    Precision 0.1494 0.8115
    Recall 0.0985 0.8737
    F1 0.1187 0.8414
    Acc_avg 0.7312 Prec_avg 0.4804 Recall_avg 0.4861 F1_avg 0.4801
    Loss 0.6362

    [Tain]: 
    Epoch 40
    Data Time 7.6177 (0.0269)
    Batch Time 169.4274 (0.5987)
    Learning Rate 0.0001 Learning Rate(AdversarialNet) 0.0001
Accuracy 0.5068 0.5068
    Precision 0.5155 0.4963
    Recall 0.5530 0.4587
    F1 0.5336 0.4768
    AdversarialNet Acc 0.4935 Acc_avg 0.5068 Prec_avg 0.5059 Recall_avg 0.5059 F1_avg 0.5052
    Total Loss 1.4083 Global Cls Loss 0.7043 Local Cls Loss 0.0107 AFN Loss 0.0000 DAN Loss 0.0000

    [Test (Source Domain)]: 
    Data Time 0.0323 (0.0032)
    Batch Time 1.7454 (0.1745)
Accuracy 0.4560 0.4560
    Precision 0.4699 0.4058
    Recall 0.7405 0.1750
    F1 0.5749 0.2445
    Acc_avg 0.4560 Prec_avg 0.4378 Recall_avg 0.4578 F1_avg 0.4097
    Loss 0.8429

    [Test (Target Domain)]: 
    Data Time 0.2275 (0.0028)
    Batch Time 13.5875 (0.1698)
Accuracy 0.7828 0.7828
    Precision 0.0792 0.8119
    Recall 0.0171 0.9552
    F1 0.0282 0.8777
    Acc_avg 0.7828 Prec_avg 0.4455 Recall_avg 0.4861 F1_avg 0.4529
    Loss 0.6148
