log : raf2aisin_res50 out-pth . net: ResNet50 pretrained None dev 0
Use 112 * 112 Image source RAF target AISIN train bs 32 test bs 32
Ep: 60 LR 0.000100 mu: 0.900000 WD: 0.000100
================================================
Num cls : 2
Use global feature and local feature.
Use Mean.
================================================
Building Train and Test Dataloader...
 train source dataset qty: 1395
Dataset Distribution for 2 classes is:  [713, 682]
 train target dataset qty: 9081
Dataset Distribution for 2 classes is:  [1671, 7410]
 test source dataset qty: 318
Dataset Distribution for 2 classes is:  [158, 160]
 test target dataset qty: 2541
Dataset Distribution for 2 classes is:  [467, 2074]
Done!
================================================
Building Model...
No Resume Model
Done!
================================================
Init Mean...
 train source dataset qty: 1395
Dataset Distribution for 2 classes is:  [713, 682]
 train target dataset qty: 9081
Dataset Distribution for 2 classes is:  [1671, 7410]
2021-06-14 23:17:05.499484: I tensorflow/stream_executor/platform/default/dso_loader.cc:49] Successfully opened dynamic library libcudart.so.11.0
Done!
================================================
Building Optimizer...
Done!
================================================
Run Experiment...

    [Train]: 
    Epoch 1
    Data Time 1.5083 (0.0351)
    Batch Time 12.0886 (0.2811)
    Learning Rate 0.0001
Accuracy 0.6461 0.6461
    Precision 0.6478 0.6440
    Recall 0.6818 0.6084
    F1 0.6644 0.6257
    Acc_avg 0.6461 Prec_avg 0.6459 Recall_avg 0.6451 F1_avg 0.6450
    Total Loss 1.7924 Global Cls Loss 0.8931 Local Cls Loss 0.8993 AFN Loss 0.0000
TrainOnSourceDomain.py:128: UserWarning: Anomaly Detection has been enabled. This mode will increase the runtime and should only be enabled for debugging.
  with torch.autograd.detect_anomaly():
Starting Source Data Testing

    Test Source: 
    Data Time 0.0432 (0.0043)
    Batch Time 1.7280 (0.1728)
    Learning Rate 0.0001
Accuracy 0.6226 0.6226
    Precision 0.5714 0.8846
    Recall 0.9620 0.2875
    F1 0.7170 0.4340
Acc_avg 0.6226 Prec_avg 0.7280 Recall_avg 0.6248 F1_avg 0.5755
    Total Loss 1.3832 Global Cls Loss 0.7712 Local Cls Loss 0.6120 AFN Loss 0.0000
Recall Better than Best Recall
[Save] Best Recall: 0.6248.

    Test Target: 
    Data Time 0.2981 (0.0037)
    Batch Time 14.6927 (0.1837)
    Learning Rate 0.0001
Accuracy 0.1838 0.1838
    Precision 0.1838 0.0000
    Recall 1.0000 0.0000
    F1 0.3105 0.0000
Acc_avg 0.1838 Prec_avg 0.0919 Recall_avg 0.5000 F1_avg 0.1553
    Total Loss 2.9085 Global Cls Loss 1.9188 Local Cls Loss 0.9897 AFN Loss 0.0000

    [Train]: 
    Epoch 2
    Data Time 1.0250 (0.0238)
    Batch Time 13.3185 (0.3097)
    Learning Rate 0.0001
Accuracy 0.7711 0.7711
    Precision 0.7576 0.7874
    Recall 0.8125 0.7277
    F1 0.7841 0.7564
    Acc_avg 0.7711 Prec_avg 0.7725 Recall_avg 0.7701 F1_avg 0.7702
    Total Loss 1.0172 Global Cls Loss 0.5110 Local Cls Loss 0.5062 AFN Loss 0.0000
Starting Source Data Testing

    Test Source: 
    Data Time 0.2014 (0.0201)
    Batch Time 1.9743 (0.1974)
    Learning Rate 0.0001
Accuracy 0.7421 0.7421
    Precision 0.7262 0.7600
    Recall 0.7722 0.7125
    F1 0.7485 0.7355
Acc_avg 0.7421 Prec_avg 0.7431 Recall_avg 0.7423 F1_avg 0.7420
    Total Loss 1.1134 Global Cls Loss 0.5566 Local Cls Loss 0.5568 AFN Loss 0.0000
Recall Better than Best Recall
[Save] Best Recall: 0.7423.

    Test Target: 
    Data Time 0.3161 (0.0040)
    Batch Time 13.8374 (0.1730)
    Learning Rate 0.0001
Accuracy 0.1877 0.1877
    Precision 0.1838 0.8125
    Recall 0.9936 0.0063
    F1 0.3102 0.0124
Acc_avg 0.1877 Prec_avg 0.4981 Recall_avg 0.4999 F1_avg 0.1613
    Total Loss 2.5696 Global Cls Loss 1.5017 Local Cls Loss 1.0679 AFN Loss 0.0000

    [Train]: 
    Epoch 3
    Data Time 1.0777 (0.0251)
    Batch Time 12.3996 (0.2884)
    Learning Rate 0.0001
Accuracy 0.7965 0.7965
    Precision 0.7936 0.7997
    Recall 0.8139 0.7783
    F1 0.8036 0.7888
    Acc_avg 0.7965 Prec_avg 0.7967 Recall_avg 0.7961 F1_avg 0.7962
    Total Loss 0.8771 Global Cls Loss 0.4355 Local Cls Loss 0.4416 AFN Loss 0.0000
Starting Source Data Testing

    Test Source: 
    Data Time 0.0520 (0.0052)
    Batch Time 1.8982 (0.1898)
    Learning Rate 0.0001
Accuracy 0.7170 0.7170
    Precision 0.7024 0.7333
    Recall 0.7468 0.6875
    F1 0.7239 0.7097
Acc_avg 0.7170 Prec_avg 0.7179 Recall_avg 0.7172 F1_avg 0.7168
    Total Loss 1.1620 Global Cls Loss 0.5963 Local Cls Loss 0.5657 AFN Loss 0.0000

    Test Target: 
    Data Time 0.3097 (0.0039)
    Batch Time 13.4503 (0.1681)
    Learning Rate 0.0001
Accuracy 0.3066 0.3066
    Precision 0.1967 0.8842
    Recall 0.8994 0.1731
    F1 0.3228 0.2895
Acc_avg 0.3066 Prec_avg 0.5405 Recall_avg 0.5362 F1_avg 0.3062
    Total Loss 1.9393 Global Cls Loss 1.0153 Local Cls Loss 0.9240 AFN Loss 0.0000

    [Train]: 
    Epoch 4
    Data Time 0.8314 (0.0193)
    Batch Time 13.7691 (0.3202)
    Learning Rate 0.0001
Accuracy 0.8183 0.8183
    Precision 0.8113 0.8262
    Recall 0.8390 0.7967
    F1 0.8249 0.8112
    Acc_avg 0.8183 Prec_avg 0.8187 Recall_avg 0.8179 F1_avg 0.8181
    Total Loss 0.7750 Global Cls Loss 0.3912 Local Cls Loss 0.3838 AFN Loss 0.0000
Starting Source Data Testing

    Test Source: 
    Data Time 0.0414 (0.0041)
    Batch Time 1.6657 (0.1666)
    Learning Rate 0.0001
Accuracy 0.7484 0.7484
    Precision 0.7349 0.7632
    Recall 0.7722 0.7250
    F1 0.7531 0.7436
Acc_avg 0.7484 Prec_avg 0.7490 Recall_avg 0.7486 F1_avg 0.7483
    Total Loss 1.1523 Global Cls Loss 0.5873 Local Cls Loss 0.5651 AFN Loss 0.0000
Recall Better than Best Recall
[Save] Best Recall: 0.7486.

    Test Target: 
    Data Time 0.3188 (0.0040)
    Batch Time 15.5283 (0.1941)
    Learning Rate 0.0001
Accuracy 0.1889 0.1889
    Precision 0.1832 0.7600
    Recall 0.9872 0.0092
    F1 0.3091 0.0181
Acc_avg 0.1889 Prec_avg 0.4716 Recall_avg 0.4982 F1_avg 0.1636
    Total Loss 3.0226 Global Cls Loss 1.7601 Local Cls Loss 1.2625 AFN Loss 0.0000

    [Train]: 
    Epoch 5
    Data Time 1.0508 (0.0244)
    Batch Time 12.5366 (0.2915)
    Learning Rate 0.0001
Accuracy 0.8379 0.8379
    Precision 0.8419 0.8338
    Recall 0.8407 0.8351
    F1 0.8413 0.8344
    Acc_avg 0.8379 Prec_avg 0.8379 Recall_avg 0.8379 F1_avg 0.8379
    Total Loss 0.7346 Global Cls Loss 0.3639 Local Cls Loss 0.3706 AFN Loss 0.0000
Starting Source Data Testing

    Test Source: 
    Data Time 0.0703 (0.0070)
    Batch Time 1.9662 (0.1966)
    Learning Rate 0.0001
Accuracy 0.7736 0.7736
    Precision 0.7829 0.7651
    Recall 0.7532 0.7937
    F1 0.7677 0.7791
Acc_avg 0.7736 Prec_avg 0.7740 Recall_avg 0.7735 F1_avg 0.7734
    Total Loss 1.0344 Global Cls Loss 0.5131 Local Cls Loss 0.5213 AFN Loss 0.0000
Recall Better than Best Recall
[Save] Best Recall: 0.7735.

    Test Target: 
    Data Time 0.3058 (0.0038)
    Batch Time 13.4994 (0.1687)
    Learning Rate 0.0001
Accuracy 0.3022 0.3022
    Precision 0.1988 0.9035
    Recall 0.9229 0.1625
    F1 0.3271 0.2754
Acc_avg 0.3022 Prec_avg 0.5511 Recall_avg 0.5427 F1_avg 0.3013
    Total Loss 2.2348 Global Cls Loss 1.1447 Local Cls Loss 1.0901 AFN Loss 0.0000

    [Train]: 
    Epoch 6
    Data Time 0.9572 (0.0223)
    Batch Time 13.4954 (0.3138)
    Learning Rate 0.0001
Accuracy 0.8568 0.8568
    Precision 0.8526 0.8615
    Recall 0.8707 0.8423
    F1 0.8616 0.8518
    Acc_avg 0.8568 Prec_avg 0.8570 Recall_avg 0.8565 F1_avg 0.8567
    Total Loss 0.6191 Global Cls Loss 0.3110 Local Cls Loss 0.3081 AFN Loss 0.0000
Starting Source Data Testing

    Test Source: 
    Data Time 0.2180 (0.0218)
    Batch Time 1.7801 (0.1780)
    Learning Rate 0.0001
Accuracy 0.7484 0.7484
    Precision 0.7868 0.7198
    Recall 0.6772 0.8187
    F1 0.7279 0.7661
Acc_avg 0.7484 Prec_avg 0.7533 Recall_avg 0.7480 F1_avg 0.7470
    Total Loss 1.1597 Global Cls Loss 0.5785 Local Cls Loss 0.5811 AFN Loss 0.0000

    Test Target: 
    Data Time 0.3107 (0.0039)
    Batch Time 13.2830 (0.1660)
    Learning Rate 0.0001
Accuracy 0.3282 0.3282
    Precision 0.2048 0.9161
    Recall 0.9208 0.1948
    F1 0.3350 0.3213
Acc_avg 0.3282 Prec_avg 0.5604 Recall_avg 0.5578 F1_avg 0.3281
    Total Loss 2.2377 Global Cls Loss 1.1002 Local Cls Loss 1.1375 AFN Loss 0.0000

    [Train]: 
    Epoch 7
    Data Time 0.7850 (0.0183)
    Batch Time 12.2687 (0.2853)
    Learning Rate 0.0001
Accuracy 0.8706 0.8706
    Precision 0.8741 0.8671
    Recall 0.8716 0.8696
    F1 0.8729 0.8683
    Acc_avg 0.8706 Prec_avg 0.8706 Recall_avg 0.8706 F1_avg 0.8706
    Total Loss 0.6415 Global Cls Loss 0.3222 Local Cls Loss 0.3193 AFN Loss 0.0000
Starting Source Data Testing

    Test Source: 
    Data Time 0.2005 (0.0200)
    Batch Time 1.6751 (0.1675)
    Learning Rate 0.0001
Accuracy 0.7358 0.7358
    Precision 0.7284 0.7436
    Recall 0.7468 0.7250
    F1 0.7375 0.7342
Acc_avg 0.7358 Prec_avg 0.7360 Recall_avg 0.7359 F1_avg 0.7358
    Total Loss 1.2254 Global Cls Loss 0.6180 Local Cls Loss 0.6074 AFN Loss 0.0000

    Test Target: 
    Data Time 0.3065 (0.0038)
    Batch Time 13.2362 (0.1655)
    Learning Rate 0.0001
Accuracy 0.1940 0.1940
    Precision 0.1844 0.8611
    Recall 0.9893 0.0149
    F1 0.3109 0.0294
Acc_avg 0.1940 Prec_avg 0.5228 Recall_avg 0.5021 F1_avg 0.1701
    Total Loss 3.3532 Global Cls Loss 1.8748 Local Cls Loss 1.4784 AFN Loss 0.0000

    [Train]: 
    Epoch 8
    Data Time 1.0606 (0.0247)
    Batch Time 12.9313 (0.3007)
    Learning Rate 0.0001
Accuracy 0.8874 0.8874
    Precision 0.8848 0.8901
    Recall 0.8962 0.8782
    F1 0.8905 0.8841
    Acc_avg 0.8874 Prec_avg 0.8874 Recall_avg 0.8872 F1_avg 0.8873
    Total Loss 0.5373 Global Cls Loss 0.2649 Local Cls Loss 0.2724 AFN Loss 0.0000
Starting Source Data Testing

    Test Source: 
    Data Time 0.0401 (0.0040)
    Batch Time 1.7150 (0.1715)
    Learning Rate 0.0001
Accuracy 0.7264 0.7264
    Precision 0.6919 0.7744
    Recall 0.8101 0.6438
    F1 0.7464 0.7031
Acc_avg 0.7264 Prec_avg 0.7332 Recall_avg 0.7269 F1_avg 0.7247
    Total Loss 1.3629 Global Cls Loss 0.6887 Local Cls Loss 0.6742 AFN Loss 0.0000

    Test Target: 
    Data Time 0.3163 (0.0040)
    Batch Time 13.4205 (0.1678)
    Learning Rate 0.0001
Accuracy 0.2184 0.2184
    Precision 0.1876 0.9000
    Recall 0.9764 0.0477
    F1 0.3147 0.0907
Acc_avg 0.2184 Prec_avg 0.5438 Recall_avg 0.5121 F1_avg 0.2027
    Total Loss 3.5770 Global Cls Loss 1.8673 Local Cls Loss 1.7097 AFN Loss 0.0000

    [Train]: 
    Epoch 9
    Data Time 0.8081 (0.0188)
    Batch Time 12.3157 (0.2864)
    Learning Rate 0.0001
Accuracy 0.8953 0.8953
    Precision 0.8986 0.8920
    Recall 0.8960 0.8947
    F1 0.8973 0.8933
    Acc_avg 0.8953 Prec_avg 0.8953 Recall_avg 0.8953 F1_avg 0.8953
    Total Loss 0.5125 Global Cls Loss 0.2514 Local Cls Loss 0.2611 AFN Loss 0.0000
Starting Source Data Testing

    Test Source: 
    Data Time 0.0439 (0.0044)
    Batch Time 1.6892 (0.1689)
    Learning Rate 0.0001
Accuracy 0.7453 0.7453
    Precision 0.7421 0.7484
    Recall 0.7468 0.7438
    F1 0.7445 0.7461
Acc_avg 0.7453 Prec_avg 0.7453 Recall_avg 0.7453 F1_avg 0.7453
    Total Loss 1.2506 Global Cls Loss 0.6240 Local Cls Loss 0.6266 AFN Loss 0.0000

    Test Target: 
    Data Time 0.3288 (0.0041)
    Batch Time 14.6765 (0.1835)
    Learning Rate 0.0001
Accuracy 0.3628 0.3628
    Precision 0.2137 0.9301
    Recall 0.9208 0.2372
    F1 0.3469 0.3780
Acc_avg 0.3628 Prec_avg 0.5719 Recall_avg 0.5790 F1_avg 0.3625
    Total Loss 2.3819 Global Cls Loss 1.2490 Local Cls Loss 1.1329 AFN Loss 0.0000

    [Train]: 
    Epoch 10
    Data Time 0.9021 (0.0210)
    Batch Time 12.7113 (0.2956)
    Learning Rate 0.0001
Accuracy 0.8910 0.8910
    Precision 0.8840 0.8988
    Recall 0.9065 0.8746
    F1 0.8951 0.8865
    Acc_avg 0.8910 Prec_avg 0.8914 Recall_avg 0.8906 F1_avg 0.8908
    Total Loss 0.4959 Global Cls Loss 0.2478 Local Cls Loss 0.2482 AFN Loss 0.0000
Starting Source Data Testing

    Test Source: 
    Data Time 0.0431 (0.0043)
    Batch Time 1.7678 (0.1768)
    Learning Rate 0.0001
Accuracy 0.7547 0.7547
    Precision 0.7062 0.8306
    Recall 0.8671 0.6438
    F1 0.7784 0.7254
Acc_avg 0.7547 Prec_avg 0.7684 Recall_avg 0.7554 F1_avg 0.7519
    Total Loss 1.2916 Global Cls Loss 0.6456 Local Cls Loss 0.6461 AFN Loss 0.0000

    Test Target: 
    Data Time 0.3092 (0.0039)
    Batch Time 13.6025 (0.1700)
    Learning Rate 0.0001
Accuracy 0.3684 0.3684
    Precision 0.2158 0.9351
    Recall 0.9251 0.2430
    F1 0.3499 0.3858
Acc_avg 0.3684 Prec_avg 0.5754 Recall_avg 0.5840 F1_avg 0.3679
    Total Loss 2.5578 Global Cls Loss 1.2948 Local Cls Loss 1.2630 AFN Loss 0.0000

    [Train]: 
    Epoch 11
    Data Time 0.8613 (0.0200)
    Batch Time 12.5123 (0.2910)
    Learning Rate 0.0001
Accuracy 0.9033 0.9033
    Precision 0.9004 0.9065
    Recall 0.9119 0.8943
    F1 0.9061 0.9004
    Acc_avg 0.9033 Prec_avg 0.9035 Recall_avg 0.9031 F1_avg 0.9033
    Total Loss 0.4938 Global Cls Loss 0.2472 Local Cls Loss 0.2466 AFN Loss 0.0000
Starting Source Data Testing

    Test Source: 
    Data Time 0.0434 (0.0043)
    Batch Time 2.0013 (0.2001)
    Learning Rate 0.0001
Accuracy 0.7516 0.7516
    Precision 0.7762 0.7314
    Recall 0.7025 0.8000
    F1 0.7375 0.7642
Acc_avg 0.7516 Prec_avg 0.7538 Recall_avg 0.7513 F1_avg 0.7509
    Total Loss 1.2260 Global Cls Loss 0.6180 Local Cls Loss 0.6079 AFN Loss 0.0000

    Test Target: 
    Data Time 0.3172 (0.0040)
    Batch Time 14.7522 (0.1844)
    Learning Rate 0.0001
Accuracy 0.3628 0.3628
    Precision 0.2088 0.9041
    Recall 0.8844 0.2454
    F1 0.3378 0.3860
Acc_avg 0.3628 Prec_avg 0.5564 Recall_avg 0.5649 F1_avg 0.3619
    Total Loss 2.5357 Global Cls Loss 1.2342 Local Cls Loss 1.3015 AFN Loss 0.0000

    [Train]: 
    Epoch 12
    Data Time 0.9594 (0.0223)
    Batch Time 13.0789 (0.3042)
    Learning Rate 0.0001
Accuracy 0.9026 0.9026
    Precision 0.9003 0.9051
    Recall 0.9105 0.8943
    F1 0.9054 0.8997
    Acc_avg 0.9026 Prec_avg 0.9027 Recall_avg 0.9024 F1_avg 0.9025
    Total Loss 0.4749 Global Cls Loss 0.2346 Local Cls Loss 0.2403 AFN Loss 0.0000
Starting Source Data Testing

    Test Source: 
    Data Time 0.0398 (0.0040)
    Batch Time 1.7929 (0.1793)
    Learning Rate 0.0001
Accuracy 0.7484 0.7484
    Precision 0.7294 0.7703
    Recall 0.7848 0.7125
    F1 0.7561 0.7403
Acc_avg 0.7484 Prec_avg 0.7498 Recall_avg 0.7487 F1_avg 0.7482
    Total Loss 1.2657 Global Cls Loss 0.6294 Local Cls Loss 0.6363 AFN Loss 0.0000

    Test Target: 
    Data Time 0.3127 (0.0039)
    Batch Time 13.4060 (0.1676)
    Learning Rate 0.0001
Accuracy 0.3310 0.3310
    Precision 0.2052 0.9156
    Recall 0.9186 0.1986
    F1 0.3354 0.3265
Acc_avg 0.3310 Prec_avg 0.5604 Recall_avg 0.5586 F1_avg 0.3309
    Total Loss 2.8596 Global Cls Loss 1.4073 Local Cls Loss 1.4523 AFN Loss 0.0000

    [Train]: 
    Epoch 13
    Data Time 0.7729 (0.0180)
    Batch Time 12.6873 (0.2951)
    Learning Rate 0.0001
Accuracy 0.9157 0.9157
    Precision 0.9157 0.9157
    Recall 0.9183 0.9130
    F1 0.9170 0.9143
    Acc_avg 0.9157 Prec_avg 0.9157 Recall_avg 0.9157 F1_avg 0.9157
    Total Loss 0.4178 Global Cls Loss 0.2046 Local Cls Loss 0.2132 AFN Loss 0.0000
Starting Source Data Testing

    Test Source: 
    Data Time 0.0390 (0.0039)
    Batch Time 1.7216 (0.1722)
    Learning Rate 0.0001
Accuracy 0.7547 0.7547
    Precision 0.7703 0.7412
    Recall 0.7215 0.7875
    F1 0.7451 0.7636
Acc_avg 0.7547 Prec_avg 0.7557 Recall_avg 0.7545 F1_avg 0.7544
    Total Loss 1.3014 Global Cls Loss 0.6478 Local Cls Loss 0.6536 AFN Loss 0.0000

    Test Target: 
    Data Time 0.3143 (0.0039)
    Batch Time 15.6624 (0.1958)
    Learning Rate 0.0001
Accuracy 0.4904 0.4904
    Precision 0.2276 0.8815
    Recall 0.7409 0.4339
    F1 0.3483 0.5816
Acc_avg 0.4904 Prec_avg 0.5546 Recall_avg 0.5874 F1_avg 0.4649
    Total Loss 1.9465 Global Cls Loss 1.0512 Local Cls Loss 0.8953 AFN Loss 0.0000

    [Train]: 
    Epoch 14
    Data Time 0.9653 (0.0224)
    Batch Time 12.8822 (0.2996)
    Learning Rate 0.0001
Accuracy 0.9288 0.9288
    Precision 0.9256 0.9322
    Recall 0.9361 0.9211
    F1 0.9308 0.9266
    Acc_avg 0.9288 Prec_avg 0.9289 Recall_avg 0.9286 F1_avg 0.9287
    Total Loss 0.3560 Global Cls Loss 0.1748 Local Cls Loss 0.1813 AFN Loss 0.0000
Starting Source Data Testing

    Test Source: 
    Data Time 0.0419 (0.0042)
    Batch Time 1.9729 (0.1973)
    Learning Rate 0.0001
Accuracy 0.7673 0.7673
    Precision 0.7800 0.7560
    Recall 0.7405 0.7937
    F1 0.7597 0.7744
Acc_avg 0.7673 Prec_avg 0.7680 Recall_avg 0.7671 F1_avg 0.7671
    Total Loss 1.2904 Global Cls Loss 0.6378 Local Cls Loss 0.6526 AFN Loss 0.0000

    Test Target: 
    Data Time 0.3146 (0.0039)
    Batch Time 13.3828 (0.1673)
    Learning Rate 0.0001
Accuracy 0.2704 0.2704
    Precision 0.1938 0.8986
    Recall 0.9400 0.1196
    F1 0.3214 0.2111
Acc_avg 0.2704 Prec_avg 0.5462 Recall_avg 0.5298 F1_avg 0.2662
    Total Loss 3.5075 Global Cls Loss 1.9212 Local Cls Loss 1.5863 AFN Loss 0.0000

    [Train]: 
    Epoch 15
    Data Time 1.0084 (0.0235)
    Batch Time 12.6551 (0.2943)
    Learning Rate 0.0001
Accuracy 0.9222 0.9222
    Precision 0.9231 0.9214
    Recall 0.9244 0.9200
    F1 0.9237 0.9207
    Acc_avg 0.9222 Prec_avg 0.9222 Recall_avg 0.9222 F1_avg 0.9222
    Total Loss 0.4040 Global Cls Loss 0.1977 Local Cls Loss 0.2063 AFN Loss 0.0000
Starting Source Data Testing

    Test Source: 
    Data Time 0.2156 (0.0216)
    Batch Time 1.9650 (0.1965)
    Learning Rate 0.0001
Accuracy 0.7453 0.7453
    Precision 0.7251 0.7687
    Recall 0.7848 0.7063
    F1 0.7538 0.7362
Acc_avg 0.7453 Prec_avg 0.7469 Recall_avg 0.7455 F1_avg 0.7450
    Total Loss 1.2503 Global Cls Loss 0.6439 Local Cls Loss 0.6064 AFN Loss 0.0000

    Test Target: 
    Data Time 0.3071 (0.0038)
    Batch Time 13.6821 (0.1710)
    Learning Rate 0.0001
Accuracy 0.6257 0.6257
    Precision 0.2682 0.8751
    Recall 0.5996 0.6316
    F1 0.3706 0.7337
Acc_avg 0.6257 Prec_avg 0.5716 Recall_avg 0.6156 F1_avg 0.5522
    Total Loss 1.6617 Global Cls Loss 0.8139 Local Cls Loss 0.8479 AFN Loss 0.0000

    [Train]: 
    Epoch 16
    Data Time 0.9153 (0.0213)
    Batch Time 12.8965 (0.2999)
    Learning Rate 0.0001
Accuracy 0.9353 0.9353
    Precision 0.9423 0.9283
    Recall 0.9302 0.9407
    F1 0.9362 0.9344
    Acc_avg 0.9353 Prec_avg 0.9353 Recall_avg 0.9354 F1_avg 0.9353
    Total Loss 0.3302 Global Cls Loss 0.1601 Local Cls Loss 0.1701 AFN Loss 0.0000
Starting Source Data Testing

    Test Source: 
    Data Time 0.0389 (0.0039)
    Batch Time 1.6692 (0.1669)
    Learning Rate 0.0001
Accuracy 0.7956 0.7956
    Precision 0.7657 0.8322
    Recall 0.8481 0.7438
    F1 0.8048 0.7855
Acc_avg 0.7956 Prec_avg 0.7989 Recall_avg 0.7959 F1_avg 0.7951
    Total Loss 1.2418 Global Cls Loss 0.6207 Local Cls Loss 0.6211 AFN Loss 0.0000
Recall Better than Best Recall
[Save] Best Recall: 0.7959.

    Test Target: 
    Data Time 0.2892 (0.0036)
    Batch Time 13.2205 (0.1653)
    Learning Rate 0.0001
Accuracy 0.6848 0.6848
    Precision 0.2938 0.8677
    Recall 0.5096 0.7242
    F1 0.3727 0.7895
Acc_avg 0.6848 Prec_avg 0.5808 Recall_avg 0.6169 F1_avg 0.5811
    Total Loss 1.3755 Global Cls Loss 0.6796 Local Cls Loss 0.6959 AFN Loss 0.0000

    [Train]: 
    Epoch 17
    Data Time 0.7220 (0.0168)
    Batch Time 12.3644 (0.2875)
    Learning Rate 0.0001
Accuracy 0.9397 0.9397
    Precision 0.9455 0.9337
    Recall 0.9361 0.9435
    F1 0.9408 0.9386
    Acc_avg 0.9397 Prec_avg 0.9396 Recall_avg 0.9398 F1_avg 0.9397
    Total Loss 0.3155 Global Cls Loss 0.1563 Local Cls Loss 0.1592 AFN Loss 0.0000
Starting Source Data Testing

    Test Source: 
    Data Time 0.0380 (0.0038)
    Batch Time 1.7564 (0.1756)
    Learning Rate 0.0001
Accuracy 0.7453 0.7453
    Precision 0.7278 0.7651
    Recall 0.7785 0.7125
    F1 0.7523 0.7379
Acc_avg 0.7453 Prec_avg 0.7465 Recall_avg 0.7455 F1_avg 0.7451
    Total Loss 1.3311 Global Cls Loss 0.6836 Local Cls Loss 0.6475 AFN Loss 0.0000

    Test Target: 
    Data Time 0.3091 (0.0039)
    Batch Time 15.7450 (0.1968)
    Learning Rate 0.0001
Accuracy 0.6734 0.6734
    Precision 0.2658 0.8522
    Recall 0.4411 0.7257
    F1 0.3317 0.7839
Acc_avg 0.6734 Prec_avg 0.5590 Recall_avg 0.5834 F1_avg 0.5578
    Total Loss 1.4135 Global Cls Loss 0.6957 Local Cls Loss 0.7178 AFN Loss 0.0000

    [Train]: 
    Epoch 18
    Data Time 0.8292 (0.0193)
    Batch Time 12.2450 (0.2848)
    Learning Rate 0.0001
Accuracy 0.9390 0.9390
    Precision 0.9393 0.9386
    Recall 0.9419 0.9358
    F1 0.9406 0.9372
    Acc_avg 0.9390 Prec_avg 0.9389 Recall_avg 0.9389 F1_avg 0.9389
    Total Loss 0.3376 Global Cls Loss 0.1644 Local Cls Loss 0.1733 AFN Loss 0.0000
Starting Source Data Testing

    Test Source: 
    Data Time 0.0466 (0.0047)
    Batch Time 1.9270 (0.1927)
    Learning Rate 0.0001
Accuracy 0.7547 0.7547
    Precision 0.7597 0.7500
    Recall 0.7405 0.7688
    F1 0.7500 0.7593
Acc_avg 0.7547 Prec_avg 0.7549 Recall_avg 0.7546 F1_avg 0.7546
    Total Loss 1.2964 Global Cls Loss 0.6428 Local Cls Loss 0.6536 AFN Loss 0.0000

    Test Target: 
    Data Time 0.3187 (0.0040)
    Batch Time 14.7065 (0.1838)
    Learning Rate 0.0001
Accuracy 0.4113 0.4113
    Precision 0.2105 0.8783
    Recall 0.8009 0.3235
    F1 0.3333 0.4729
Acc_avg 0.4113 Prec_avg 0.5444 Recall_avg 0.5622 F1_avg 0.4031
    Total Loss 2.1062 Global Cls Loss 1.1453 Local Cls Loss 0.9609 AFN Loss 0.0000

    [Train]: 
    Epoch 19
    Data Time 0.9825 (0.0228)
    Batch Time 12.3610 (0.2875)
    Learning Rate 0.0001
Accuracy 0.9411 0.9411
    Precision 0.9456 0.9366
    Recall 0.9388 0.9435
    F1 0.9422 0.9400
    Acc_avg 0.9411 Prec_avg 0.9411 Recall_avg 0.9412 F1_avg 0.9411
    Total Loss 0.2712 Global Cls Loss 0.1328 Local Cls Loss 0.1384 AFN Loss 0.0000
Starting Source Data Testing

    Test Source: 
    Data Time 0.0622 (0.0062)
    Batch Time 2.0000 (0.2000)
    Learning Rate 0.0001
Accuracy 0.7799 0.7799
    Precision 0.7857 0.7744
    Recall 0.7658 0.7937
    F1 0.7756 0.7840
Acc_avg 0.7799 Prec_avg 0.7801 Recall_avg 0.7798 F1_avg 0.7798
    Total Loss 1.2904 Global Cls Loss 0.6712 Local Cls Loss 0.6192 AFN Loss 0.0000

    Test Target: 
    Data Time 0.2988 (0.0037)
    Batch Time 14.0348 (0.1754)
    Learning Rate 0.0001
Accuracy 0.5482 0.5482
    Precision 0.2354 0.8692
    Recall 0.6488 0.5256
    F1 0.3455 0.6550
Acc_avg 0.5482 Prec_avg 0.5523 Recall_avg 0.5872 F1_avg 0.5003
    Total Loss 2.0286 Global Cls Loss 0.9660 Local Cls Loss 1.0626 AFN Loss 0.0000

    [Train]: 
    Epoch 20
    Data Time 1.1170 (0.0260)
    Batch Time 12.0352 (0.2799)
    Learning Rate 0.0001
Accuracy 0.9462 0.9462
    Precision 0.9538 0.9386
    Recall 0.9402 0.9525
    F1 0.9469 0.9455
    Acc_avg 0.9462 Prec_avg 0.9462 Recall_avg 0.9463 F1_avg 0.9462
    Total Loss 0.2991 Global Cls Loss 0.1494 Local Cls Loss 0.1497 AFN Loss 0.0000
Starting Source Data Testing

    Test Source: 
    Data Time 0.0421 (0.0042)
    Batch Time 1.7413 (0.1741)
    Learning Rate 0.0001
Accuracy 0.7579 0.7579
    Precision 0.7396 0.7785
    Recall 0.7911 0.7250
    F1 0.7645 0.7508
Acc_avg 0.7579 Prec_avg 0.7591 Recall_avg 0.7581 F1_avg 0.7577
    Total Loss 1.5452 Global Cls Loss 0.7856 Local Cls Loss 0.7596 AFN Loss 0.0000

    Test Target: 
    Data Time 0.3071 (0.0038)
    Batch Time 13.4226 (0.1678)
    Learning Rate 0.0001
Accuracy 0.4786 0.4786
    Precision 0.1957 0.8311
    Recall 0.5910 0.4532
    F1 0.2941 0.5866
Acc_avg 0.4786 Prec_avg 0.5134 Recall_avg 0.5221 F1_avg 0.4403
    Total Loss 2.4308 Global Cls Loss 1.2245 Local Cls Loss 1.2064 AFN Loss 0.0000

    [Train]: 
    Epoch 21
    Data Time 0.8832 (0.0205)
    Batch Time 12.2376 (0.2846)
    Learning Rate 1e-05
Accuracy 0.9499 0.9499
    Precision 0.9441 0.9561
    Recall 0.9588 0.9405
    F1 0.9514 0.9482
    Acc_avg 0.9499 Prec_avg 0.9501 Recall_avg 0.9496 F1_avg 0.9498
    Total Loss 0.2516 Global Cls Loss 0.1269 Local Cls Loss 0.1248 AFN Loss 0.0000
Starting Source Data Testing

    Test Source: 
    Data Time 0.0485 (0.0049)
    Batch Time 1.7713 (0.1771)
    Learning Rate 1e-05
Accuracy 0.7642 0.7642
    Precision 0.7399 0.7931
    Recall 0.8101 0.7188
    F1 0.7734 0.7541
Acc_avg 0.7642 Prec_avg 0.7665 Recall_avg 0.7644 F1_avg 0.7638
    Total Loss 1.3745 Global Cls Loss 0.6900 Local Cls Loss 0.6844 AFN Loss 0.0000

    Test Target: 
    Data Time 0.3053 (0.0038)
    Batch Time 13.3920 (0.1674)
    Learning Rate 1e-05
Accuracy 0.5254 0.5254
    Precision 0.2051 0.8370
    Recall 0.5503 0.5198
    F1 0.2988 0.6413
Acc_avg 0.5254 Prec_avg 0.5210 Recall_avg 0.5350 F1_avg 0.4701
    Total Loss 2.1326 Global Cls Loss 1.0534 Local Cls Loss 1.0791 AFN Loss 0.0000

    [Train]: 
    Epoch 22
    Data Time 0.9616 (0.0224)
    Batch Time 13.2723 (0.3087)
    Learning Rate 1e-05
Accuracy 0.9637 0.9637
    Precision 0.9620 0.9654
    Recall 0.9675 0.9596
    F1 0.9647 0.9625
    Acc_avg 0.9637 Prec_avg 0.9637 Recall_avg 0.9636 F1_avg 0.9636
    Total Loss 0.1868 Global Cls Loss 0.0923 Local Cls Loss 0.0945 AFN Loss 0.0000
Starting Source Data Testing

    Test Source: 
    Data Time 0.0492 (0.0049)
    Batch Time 2.0067 (0.2007)
    Learning Rate 1e-05
Accuracy 0.7610 0.7610
    Precision 0.7440 0.7800
    Recall 0.7911 0.7312
    F1 0.7669 0.7548
Acc_avg 0.7610 Prec_avg 0.7620 Recall_avg 0.7612 F1_avg 0.7609
    Total Loss 1.3647 Global Cls Loss 0.6834 Local Cls Loss 0.6813 AFN Loss 0.0000

    Test Target: 
    Data Time 0.3473 (0.0043)
    Batch Time 14.1774 (0.1772)
    Learning Rate 1e-05
Accuracy 0.5199 0.5199
    Precision 0.2115 0.8455
    Recall 0.5910 0.5039
    F1 0.3115 0.6314
Acc_avg 0.5199 Prec_avg 0.5285 Recall_avg 0.5474 F1_avg 0.4715
    Total Loss 2.1377 Global Cls Loss 1.0612 Local Cls Loss 1.0765 AFN Loss 0.0000

    [Train]: 
    Epoch 23
    Data Time 0.9876 (0.0230)
    Batch Time 12.7735 (0.2971)
    Learning Rate 1e-05
Accuracy 0.9651 0.9651
    Precision 0.9672 0.9630
    Recall 0.9644 0.9658
    F1 0.9658 0.9644
    Acc_avg 0.9651 Prec_avg 0.9651 Recall_avg 0.9651 F1_avg 0.9651
    Total Loss 0.1906 Global Cls Loss 0.0936 Local Cls Loss 0.0971 AFN Loss 0.0000
Starting Source Data Testing

    Test Source: 
    Data Time 0.0445 (0.0045)
    Batch Time 1.7622 (0.1762)
    Learning Rate 1e-05
Accuracy 0.7642 0.7642
    Precision 0.7456 0.7852
    Recall 0.7975 0.7312
    F1 0.7706 0.7573
Acc_avg 0.7642 Prec_avg 0.7654 Recall_avg 0.7644 F1_avg 0.7640
    Total Loss 1.3057 Global Cls Loss 0.6547 Local Cls Loss 0.6510 AFN Loss 0.0000

    Test Target: 
    Data Time 0.3023 (0.0038)
    Batch Time 13.4501 (0.1681)
    Learning Rate 1e-05
Accuracy 0.5474 0.5474
    Precision 0.2142 0.8432
    Recall 0.5482 0.5473
    F1 0.3081 0.6637
Acc_avg 0.5474 Prec_avg 0.5287 Recall_avg 0.5477 F1_avg 0.4859
    Total Loss 1.9631 Global Cls Loss 0.9850 Local Cls Loss 0.9780 AFN Loss 0.0000

    [Train]: 
    Epoch 24
    Data Time 1.0418 (0.0242)
    Batch Time 13.0482 (0.3034)
    Learning Rate 1e-05
Accuracy 0.9709 0.9709
    Precision 0.9770 0.9647
    Recall 0.9659 0.9762
    F1 0.9714 0.9704
    Acc_avg 0.9709 Prec_avg 0.9709 Recall_avg 0.9710 F1_avg 0.9709
    Total Loss 0.1700 Global Cls Loss 0.0829 Local Cls Loss 0.0870 AFN Loss 0.0000
Starting Source Data Testing

    Test Source: 
    Data Time 0.0626 (0.0063)
    Batch Time 1.7746 (0.1775)
    Learning Rate 1e-05
Accuracy 0.7673 0.7673
    Precision 0.7500 0.7867
    Recall 0.7975 0.7375
    F1 0.7730 0.7613
Acc_avg 0.7673 Prec_avg 0.7683 Recall_avg 0.7675 F1_avg 0.7671
    Total Loss 1.3169 Global Cls Loss 0.6612 Local Cls Loss 0.6558 AFN Loss 0.0000

    Test Target: 
    Data Time 0.3206 (0.0040)
    Batch Time 15.4257 (0.1928)
    Learning Rate 1e-05
Accuracy 0.5061 0.5061
    Precision 0.2182 0.8583
    Recall 0.6531 0.4730
    F1 0.3271 0.6099
Acc_avg 0.5061 Prec_avg 0.5382 Recall_avg 0.5631 F1_avg 0.4685
    Total Loss 2.2533 Global Cls Loss 1.1378 Local Cls Loss 1.1154 AFN Loss 0.0000

    [Train]: 
    Epoch 25
    Data Time 0.7784 (0.0181)
    Batch Time 12.1742 (0.2831)
    Learning Rate 1e-05
Accuracy 0.9695 0.9695
    Precision 0.9636 0.9758
    Recall 0.9773 0.9613
    F1 0.9704 0.9685
    Acc_avg 0.9695 Prec_avg 0.9697 Recall_avg 0.9693 F1_avg 0.9694
    Total Loss 0.1789 Global Cls Loss 0.0868 Local Cls Loss 0.0921 AFN Loss 0.0000
Starting Source Data Testing

    Test Source: 
    Data Time 0.0394 (0.0039)
    Batch Time 1.7254 (0.1725)
    Learning Rate 1e-05
Accuracy 0.7516 0.7516
    Precision 0.7310 0.7755
    Recall 0.7911 0.7125
    F1 0.7599 0.7427
Acc_avg 0.7516 Prec_avg 0.7533 Recall_avg 0.7518 F1_avg 0.7513
    Total Loss 1.3255 Global Cls Loss 0.6648 Local Cls Loss 0.6607 AFN Loss 0.0000

    Test Target: 
    Data Time 0.3054 (0.0038)
    Batch Time 13.4177 (0.1677)
    Learning Rate 1e-05
Accuracy 0.4967 0.4967
    Precision 0.2204 0.8650
    Recall 0.6852 0.4542
    F1 0.3335 0.5956
Acc_avg 0.4967 Prec_avg 0.5427 Recall_avg 0.5697 F1_avg 0.4646
    Total Loss 2.3016 Global Cls Loss 1.1813 Local Cls Loss 1.1203 AFN Loss 0.0000

    [Train]: 
    Epoch 26
    Data Time 0.8321 (0.0194)
    Batch Time 12.1100 (0.2816)
    Learning Rate 1e-05
Accuracy 0.9804 0.9804
    Precision 0.9801 0.9807
    Recall 0.9815 0.9792
    F1 0.9808 0.9799
    Acc_avg 0.9804 Prec_avg 0.9804 Recall_avg 0.9804 F1_avg 0.9804
    Total Loss 0.1370 Global Cls Loss 0.0630 Local Cls Loss 0.0740 AFN Loss 0.0000
Starting Source Data Testing

    Test Source: 
    Data Time 0.0420 (0.0042)
    Batch Time 1.7028 (0.1703)
    Learning Rate 1e-05
Accuracy 0.7579 0.7579
    Precision 0.7341 0.7862
    Recall 0.8038 0.7125
    F1 0.7674 0.7475
Acc_avg 0.7579 Prec_avg 0.7602 Recall_avg 0.7581 F1_avg 0.7575
    Total Loss 1.3475 Global Cls Loss 0.6785 Local Cls Loss 0.6690 AFN Loss 0.0000

    Test Target: 
    Data Time 0.3038 (0.0038)
    Batch Time 13.3763 (0.1672)
    Learning Rate 1e-05
Accuracy 0.4884 0.4884
    Precision 0.2210 0.8693
    Recall 0.7066 0.4392
    F1 0.3367 0.5836
Acc_avg 0.4884 Prec_avg 0.5452 Recall_avg 0.5729 F1_avg 0.4602
    Total Loss 2.4688 Global Cls Loss 1.2280 Local Cls Loss 1.2408 AFN Loss 0.0000

    [Train]: 
    Epoch 27
    Data Time 1.0663 (0.0248)
    Batch Time 12.1272 (0.2820)
    Learning Rate 1e-05
Accuracy 0.9847 0.9847
    Precision 0.9872 0.9822
    Recall 0.9830 0.9866
    F1 0.9851 0.9844
    Acc_avg 0.9847 Prec_avg 0.9847 Recall_avg 0.9848 F1_avg 0.9847
    Total Loss 0.1292 Global Cls Loss 0.0610 Local Cls Loss 0.0682 AFN Loss 0.0000
Starting Source Data Testing

    Test Source: 
    Data Time 0.0696 (0.0070)
    Batch Time 1.9153 (0.1915)
    Learning Rate 1e-05
Accuracy 0.7736 0.7736
    Precision 0.7722 0.7750
    Recall 0.7722 0.7750
    F1 0.7722 0.7750
Acc_avg 0.7736 Prec_avg 0.7736 Recall_avg 0.7736 F1_avg 0.7736
    Total Loss 1.3218 Global Cls Loss 0.6616 Local Cls Loss 0.6601 AFN Loss 0.0000

    Test Target: 
    Data Time 0.3207 (0.0040)
    Batch Time 13.7429 (0.1718)
    Learning Rate 1e-05
Accuracy 0.5187 0.5187
    Precision 0.2296 0.8723
    Recall 0.6874 0.4807
    F1 0.3442 0.6198
Acc_avg 0.5187 Prec_avg 0.5509 Recall_avg 0.5840 F1_avg 0.4820
    Total Loss 2.2710 Global Cls Loss 1.1382 Local Cls Loss 1.1328 AFN Loss 0.0000

    [Train]: 
    Epoch 28
    Data Time 0.8461 (0.0197)
    Batch Time 13.7723 (0.3203)
    Learning Rate 1e-05
Accuracy 0.9746 0.9746
    Precision 0.9704 0.9790
    Recall 0.9801 0.9688
    F1 0.9752 0.9739
    Acc_avg 0.9746 Prec_avg 0.9747 Recall_avg 0.9744 F1_avg 0.9745
    Total Loss 0.1582 Global Cls Loss 0.0766 Local Cls Loss 0.0816 AFN Loss 0.0000
Starting Source Data Testing

    Test Source: 
    Data Time 0.0402 (0.0040)
    Batch Time 1.6865 (0.1687)
    Learning Rate 1e-05
Accuracy 0.7579 0.7579
    Precision 0.7396 0.7785
    Recall 0.7911 0.7250
    F1 0.7645 0.7508
Acc_avg 0.7579 Prec_avg 0.7591 Recall_avg 0.7581 F1_avg 0.7577
    Total Loss 1.3196 Global Cls Loss 0.6646 Local Cls Loss 0.6550 AFN Loss 0.0000

    Test Target: 
    Data Time 0.2955 (0.0037)
    Batch Time 13.4005 (0.1675)
    Learning Rate 1e-05
Accuracy 0.5203 0.5203
    Precision 0.2243 0.8632
    Recall 0.6552 0.4899
    F1 0.3342 0.6250
Acc_avg 0.5203 Prec_avg 0.5438 Recall_avg 0.5726 F1_avg 0.4796
    Total Loss 2.2837 Global Cls Loss 1.1191 Local Cls Loss 1.1646 AFN Loss 0.0000

    [Train]: 
    Epoch 29
    Data Time 0.7857 (0.0183)
    Batch Time 12.2965 (0.2860)
    Learning Rate 1e-05
Accuracy 0.9731 0.9731
    Precision 0.9757 0.9704
    Recall 0.9716 0.9747
    F1 0.9737 0.9725
    Acc_avg 0.9731 Prec_avg 0.9731 Recall_avg 0.9731 F1_avg 0.9731
    Total Loss 0.1449 Global Cls Loss 0.0720 Local Cls Loss 0.0729 AFN Loss 0.0000
Starting Source Data Testing

    Test Source: 
    Data Time 0.1845 (0.0185)
    Batch Time 1.7286 (0.1729)
    Learning Rate 1e-05
Accuracy 0.7799 0.7799
    Precision 0.7619 0.8000
    Recall 0.8101 0.7500
    F1 0.7853 0.7742
Acc_avg 0.7799 Prec_avg 0.7810 Recall_avg 0.7801 F1_avg 0.7797
    Total Loss 1.3194 Global Cls Loss 0.6633 Local Cls Loss 0.6561 AFN Loss 0.0000

    Test Target: 
    Data Time 0.3131 (0.0039)
    Batch Time 13.6539 (0.1707)
    Learning Rate 1e-05
Accuracy 0.4656 0.4656
    Precision 0.2235 0.8849
    Recall 0.7709 0.3968
    F1 0.3465 0.5479
Acc_avg 0.4656 Prec_avg 0.5542 Recall_avg 0.5838 F1_avg 0.4472
    Total Loss 2.6460 Global Cls Loss 1.3136 Local Cls Loss 1.3324 AFN Loss 0.0000

    [Train]: 
    Epoch 30
    Data Time 0.7947 (0.0185)
    Batch Time 12.5594 (0.2921)
    Learning Rate 1e-05
Accuracy 0.9826 0.9826
    Precision 0.9774 0.9880
    Recall 0.9886 0.9763
    F1 0.9830 0.9821
    Acc_avg 0.9826 Prec_avg 0.9827 Recall_avg 0.9824 F1_avg 0.9825
    Total Loss 0.1063 Global Cls Loss 0.0515 Local Cls Loss 0.0548 AFN Loss 0.0000
Starting Source Data Testing

    Test Source: 
    Data Time 0.0417 (0.0042)
    Batch Time 1.7512 (0.1751)
    Learning Rate 1e-05
Accuracy 0.7642 0.7642
    Precision 0.7485 0.7815
    Recall 0.7911 0.7375
    F1 0.7692 0.7588
Acc_avg 0.7642 Prec_avg 0.7650 Recall_avg 0.7643 F1_avg 0.7640
    Total Loss 1.3396 Global Cls Loss 0.6730 Local Cls Loss 0.6667 AFN Loss 0.0000

    Test Target: 
    Data Time 0.3105 (0.0039)
    Batch Time 13.5775 (0.1697)
    Learning Rate 1e-05
Accuracy 0.4447 0.4447
    Precision 0.2187 0.8841
    Recall 0.7859 0.3679
    F1 0.3422 0.5196
Acc_avg 0.4447 Prec_avg 0.5514 Recall_avg 0.5769 F1_avg 0.4309
    Total Loss 2.7540 Global Cls Loss 1.3792 Local Cls Loss 1.3748 AFN Loss 0.0000

    [Train]: 
    Epoch 31
    Data Time 0.8205 (0.0191)
    Batch Time 12.7210 (0.2958)
    Learning Rate 1e-05
Accuracy 0.9695 0.9695
    Precision 0.9688 0.9702
    Recall 0.9715 0.9674
    F1 0.9701 0.9688
    Acc_avg 0.9695 Prec_avg 0.9695 Recall_avg 0.9694 F1_avg 0.9695
    Total Loss 0.1668 Global Cls Loss 0.0816 Local Cls Loss 0.0852 AFN Loss 0.0000
Starting Source Data Testing

    Test Source: 
    Data Time 0.0563 (0.0056)
    Batch Time 2.0296 (0.2030)
    Learning Rate 1e-05
Accuracy 0.7610 0.7610
    Precision 0.7356 0.7917
    Recall 0.8101 0.7125
    F1 0.7711 0.7500
Acc_avg 0.7610 Prec_avg 0.7636 Recall_avg 0.7613 F1_avg 0.7605
    Total Loss 1.3571 Global Cls Loss 0.6813 Local Cls Loss 0.6758 AFN Loss 0.0000

    Test Target: 
    Data Time 0.3062 (0.0038)
    Batch Time 13.4155 (0.1677)
    Learning Rate 1e-05
Accuracy 0.4514 0.4514
    Precision 0.2216 0.8881
    Recall 0.7901 0.3751
    F1 0.3462 0.5275
Acc_avg 0.4514 Prec_avg 0.5549 Recall_avg 0.5826 F1_avg 0.4368
    Total Loss 2.7651 Global Cls Loss 1.3675 Local Cls Loss 1.3976 AFN Loss 0.0000

    [Train]: 
    Epoch 32
    Data Time 0.8589 (0.0200)
    Batch Time 13.2812 (0.3089)
    Learning Rate 1e-05
Accuracy 0.9782 0.9782
    Precision 0.9800 0.9763
    Recall 0.9772 0.9792
    F1 0.9786 0.9778
    Acc_avg 0.9782 Prec_avg 0.9782 Recall_avg 0.9782 F1_avg 0.9782
    Total Loss 0.1259 Global Cls Loss 0.0597 Local Cls Loss 0.0661 AFN Loss 0.0000
Starting Source Data Testing

    Test Source: 
    Data Time 0.1588 (0.0159)
    Batch Time 1.7192 (0.1719)
    Learning Rate 1e-05
Accuracy 0.7673 0.7673
    Precision 0.7593 0.7756
    Recall 0.7785 0.7562
    F1 0.7688 0.7658
Acc_avg 0.7673 Prec_avg 0.7675 Recall_avg 0.7674 F1_avg 0.7673
    Total Loss 1.3874 Global Cls Loss 0.6963 Local Cls Loss 0.6912 AFN Loss 0.0000

    Test Target: 
    Data Time 0.3095 (0.0039)
    Batch Time 13.3994 (0.1675)
    Learning Rate 1e-05
Accuracy 0.5266 0.5266
    Precision 0.2298 0.8694
    Recall 0.6702 0.4942
    F1 0.3423 0.6302
Acc_avg 0.5266 Prec_avg 0.5496 Recall_avg 0.5822 F1_avg 0.4862
    Total Loss 2.1970 Global Cls Loss 1.0941 Local Cls Loss 1.1029 AFN Loss 0.0000

    [Train]: 
    Epoch 33
    Data Time 1.0978 (0.0255)
    Batch Time 12.8514 (0.2989)
    Learning Rate 1e-05
Accuracy 0.9855 0.9855
    Precision 0.9871 0.9838
    Recall 0.9843 0.9867
    F1 0.9857 0.9852
    Acc_avg 0.9855 Prec_avg 0.9854 Recall_avg 0.9855 F1_avg 0.9855
    Total Loss 0.1043 Global Cls Loss 0.0508 Local Cls Loss 0.0535 AFN Loss 0.0000
Starting Source Data Testing

    Test Source: 
    Data Time 0.0427 (0.0043)
    Batch Time 1.7408 (0.1741)
    Learning Rate 1e-05
Accuracy 0.7673 0.7673
    Precision 0.7500 0.7867
    Recall 0.7975 0.7375
    F1 0.7730 0.7613
Acc_avg 0.7673 Prec_avg 0.7683 Recall_avg 0.7675 F1_avg 0.7671
    Total Loss 1.3704 Global Cls Loss 0.6872 Local Cls Loss 0.6831 AFN Loss 0.0000

    Test Target: 
    Data Time 0.3097 (0.0039)
    Batch Time 15.6293 (0.1954)
    Learning Rate 1e-05
Accuracy 0.4864 0.4864
    Precision 0.2300 0.8888
    Recall 0.7645 0.4238
    F1 0.3536 0.5739
Acc_avg 0.4864 Prec_avg 0.5594 Recall_avg 0.5941 F1_avg 0.4638
    Total Loss 2.5461 Global Cls Loss 1.2618 Local Cls Loss 1.2843 AFN Loss 0.0000

    [Train]: 
    Epoch 34
    Data Time 1.0958 (0.0255)
    Batch Time 13.3335 (0.3101)
    Learning Rate 1e-05
Accuracy 0.9782 0.9782
    Precision 0.9707 0.9863
    Recall 0.9872 0.9687
    F1 0.9789 0.9774
    Acc_avg 0.9782 Prec_avg 0.9785 Recall_avg 0.9780 F1_avg 0.9782
    Total Loss 0.1274 Global Cls Loss 0.0617 Local Cls Loss 0.0658 AFN Loss 0.0000
Starting Source Data Testing

    Test Source: 
    Data Time 0.0432 (0.0043)
    Batch Time 1.7732 (0.1773)
    Learning Rate 1e-05
Accuracy 0.7799 0.7799
    Precision 0.7651 0.7961
    Recall 0.8038 0.7562
    F1 0.7840 0.7756
Acc_avg 0.7799 Prec_avg 0.7806 Recall_avg 0.7800 F1_avg 0.7798
    Total Loss 1.3755 Global Cls Loss 0.6905 Local Cls Loss 0.6850 AFN Loss 0.0000

    Test Target: 
    Data Time 0.3136 (0.0039)
    Batch Time 13.5255 (0.1691)
    Learning Rate 1e-05
Accuracy 0.5407 0.5407
    Precision 0.2392 0.8782
    Recall 0.6874 0.5077
    F1 0.3549 0.6434
Acc_avg 0.5407 Prec_avg 0.5587 Recall_avg 0.5975 F1_avg 0.4992
    Total Loss 2.2080 Global Cls Loss 1.0986 Local Cls Loss 1.1094 AFN Loss 0.0000

    [Train]: 
    Epoch 35
    Data Time 0.8559 (0.0199)
    Batch Time 11.9710 (0.2784)
    Learning Rate 1e-05
Accuracy 0.9898 0.9898
    Precision 0.9886 0.9911
    Recall 0.9914 0.9881
    F1 0.9900 0.9896
    Acc_avg 0.9898 Prec_avg 0.9899 Recall_avg 0.9898 F1_avg 0.9898
    Total Loss 0.0878 Global Cls Loss 0.0421 Local Cls Loss 0.0457 AFN Loss 0.0000
Starting Source Data Testing

    Test Source: 
    Data Time 0.0473 (0.0047)
    Batch Time 1.9503 (0.1950)
    Learning Rate 1e-05
Accuracy 0.7767 0.7767
    Precision 0.7636 0.7908
    Recall 0.7975 0.7562
    F1 0.7802 0.7732
Acc_avg 0.7767 Prec_avg 0.7772 Recall_avg 0.7769 F1_avg 0.7767
    Total Loss 1.4059 Global Cls Loss 0.7085 Local Cls Loss 0.6973 AFN Loss 0.0000

    Test Target: 
    Data Time 0.3205 (0.0040)
    Batch Time 15.7650 (0.1971)
    Learning Rate 1e-05
Accuracy 0.5482 0.5482
    Precision 0.2383 0.8734
    Recall 0.6638 0.5222
    F1 0.3507 0.6536
Acc_avg 0.5482 Prec_avg 0.5558 Recall_avg 0.5930 F1_avg 0.5021
    Total Loss 2.2354 Global Cls Loss 1.0838 Local Cls Loss 1.1517 AFN Loss 0.0000

    [Train]: 
    Epoch 36
    Data Time 1.0484 (0.0244)
    Batch Time 13.5435 (0.3150)
    Learning Rate 1e-05
Accuracy 0.9789 0.9789
    Precision 0.9842 0.9735
    Recall 0.9745 0.9836
    F1 0.9793 0.9785
    Acc_avg 0.9789 Prec_avg 0.9788 Recall_avg 0.9790 F1_avg 0.9789
    Total Loss 0.1162 Global Cls Loss 0.0553 Local Cls Loss 0.0609 AFN Loss 0.0000
Starting Source Data Testing

    Test Source: 
    Data Time 0.0449 (0.0045)
    Batch Time 1.9686 (0.1969)
    Learning Rate 1e-05
Accuracy 0.7862 0.7862
    Precision 0.7885 0.7840
    Recall 0.7785 0.7937
    F1 0.7834 0.7888
Acc_avg 0.7862 Prec_avg 0.7862 Recall_avg 0.7861 F1_avg 0.7861
    Total Loss 1.3729 Global Cls Loss 0.6916 Local Cls Loss 0.6813 AFN Loss 0.0000

    Test Target: 
    Data Time 0.3149 (0.0039)
    Batch Time 15.6536 (0.1957)
    Learning Rate 1e-05
Accuracy 0.5608 0.5608
    Precision 0.2402 0.8707
    Recall 0.6424 0.5424
    F1 0.3497 0.6684
Acc_avg 0.5608 Prec_avg 0.5555 Recall_avg 0.5924 F1_avg 0.5090
    Total Loss 2.0750 Global Cls Loss 1.0306 Local Cls Loss 1.0444 AFN Loss 0.0000

    [Train]: 
    Epoch 37
    Data Time 1.0807 (0.0251)
    Batch Time 13.9059 (0.3234)
    Learning Rate 1e-05
Accuracy 0.9760 0.9760
    Precision 0.9813 0.9706
    Recall 0.9716 0.9807
    F1 0.9764 0.9756
    Acc_avg 0.9760 Prec_avg 0.9760 Recall_avg 0.9761 F1_avg 0.9760
    Total Loss 0.1418 Global Cls Loss 0.0679 Local Cls Loss 0.0739 AFN Loss 0.0000
Starting Source Data Testing

    Test Source: 
    Data Time 0.2047 (0.0205)
    Batch Time 1.9937 (0.1994)
    Learning Rate 1e-05
Accuracy 0.7830 0.7830
    Precision 0.7947 0.7725
    Recall 0.7595 0.8063
    F1 0.7767 0.7890
Acc_avg 0.7830 Prec_avg 0.7836 Recall_avg 0.7829 F1_avg 0.7828
    Total Loss 1.3846 Global Cls Loss 0.6992 Local Cls Loss 0.6854 AFN Loss 0.0000

    Test Target: 
    Data Time 0.3038 (0.0038)
    Batch Time 13.6873 (0.1711)
    Learning Rate 1e-05
Accuracy 0.5966 0.5966
    Precision 0.2440 0.8615
    Recall 0.5696 0.6027
    F1 0.3417 0.7092
Acc_avg 0.5966 Prec_avg 0.5528 Recall_avg 0.5861 F1_avg 0.5255
    Total Loss 1.8426 Global Cls Loss 0.9285 Local Cls Loss 0.9141 AFN Loss 0.0000

    [Train]: 
    Epoch 38
    Data Time 0.8092 (0.0188)
    Batch Time 12.2121 (0.2840)
    Learning Rate 1e-05
Accuracy 0.9891 0.9891
    Precision 0.9886 0.9896
    Recall 0.9900 0.9881
    F1 0.9893 0.9889
    Acc_avg 0.9891 Prec_avg 0.9891 Recall_avg 0.9891 F1_avg 0.9891
    Total Loss 0.0916 Global Cls Loss 0.0453 Local Cls Loss 0.0462 AFN Loss 0.0000
Starting Source Data Testing

    Test Source: 
    Data Time 0.0399 (0.0040)
    Batch Time 1.7139 (0.1714)
    Learning Rate 1e-05
Accuracy 0.7767 0.7767
    Precision 0.7605 0.7947
    Recall 0.8038 0.7500
    F1 0.7815 0.7717
Acc_avg 0.7767 Prec_avg 0.7776 Recall_avg 0.7769 F1_avg 0.7766
    Total Loss 1.3885 Global Cls Loss 0.7004 Local Cls Loss 0.6881 AFN Loss 0.0000

    Test Target: 
    Data Time 0.3050 (0.0038)
    Batch Time 14.3691 (0.1796)
    Learning Rate 1e-05
Accuracy 0.5325 0.5325
    Precision 0.2355 0.8761
    Recall 0.6874 0.4976
    F1 0.3508 0.6347
Acc_avg 0.5325 Prec_avg 0.5558 Recall_avg 0.5925 F1_avg 0.4928
    Total Loss 2.2230 Global Cls Loss 1.1317 Local Cls Loss 1.0913 AFN Loss 0.0000

    [Train]: 
    Epoch 39
    Data Time 0.9105 (0.0212)
    Batch Time 12.4806 (0.2902)
    Learning Rate 1e-05
Accuracy 0.9818 0.9818
    Precision 0.9816 0.9821
    Recall 0.9830 0.9806
    F1 0.9823 0.9814
    Acc_avg 0.9818 Prec_avg 0.9818 Recall_avg 0.9818 F1_avg 0.9818
    Total Loss 0.1047 Global Cls Loss 0.0521 Local Cls Loss 0.0526 AFN Loss 0.0000
Starting Source Data Testing

    Test Source: 
    Data Time 0.0414 (0.0041)
    Batch Time 1.7731 (0.1773)
    Learning Rate 1e-05
Accuracy 0.7830 0.7830
    Precision 0.7602 0.8095
    Recall 0.8228 0.7438
    F1 0.7903 0.7752
Acc_avg 0.7830 Prec_avg 0.7849 Recall_avg 0.7833 F1_avg 0.7828
    Total Loss 1.3617 Global Cls Loss 0.6881 Local Cls Loss 0.6736 AFN Loss 0.0000

    Test Target: 
    Data Time 0.3106 (0.0039)
    Batch Time 13.4079 (0.1676)
    Learning Rate 1e-05
Accuracy 0.4699 0.4699
    Precision 0.2240 0.8838
    Recall 0.7645 0.4036
    F1 0.3464 0.5541
Acc_avg 0.4699 Prec_avg 0.5539 Recall_avg 0.5840 F1_avg 0.4503
    Total Loss 2.7067 Global Cls Loss 1.3470 Local Cls Loss 1.3597 AFN Loss 0.0000

    [Train]: 
    Epoch 40
    Data Time 0.8635 (0.0201)
    Batch Time 12.9215 (0.3005)
    Learning Rate 1e-05
Accuracy 0.9840 0.9840
    Precision 0.9857 0.9823
    Recall 0.9829 0.9852
    F1 0.9843 0.9837
    Acc_avg 0.9840 Prec_avg 0.9840 Recall_avg 0.9840 F1_avg 0.9840
    Total Loss 0.1061 Global Cls Loss 0.0514 Local Cls Loss 0.0547 AFN Loss 0.0000
Starting Source Data Testing

    Test Source: 
    Data Time 0.1335 (0.0134)
    Batch Time 1.7502 (0.1750)
    Learning Rate 1e-05
Accuracy 0.7830 0.7830
    Precision 0.7602 0.8095
    Recall 0.8228 0.7438
    F1 0.7903 0.7752
Acc_avg 0.7830 Prec_avg 0.7849 Recall_avg 0.7833 F1_avg 0.7828
    Total Loss 1.3579 Global Cls Loss 0.6837 Local Cls Loss 0.6743 AFN Loss 0.0000

    Test Target: 
    Data Time 0.3141 (0.0039)
    Batch Time 15.6599 (0.1957)
    Learning Rate 1e-05
Accuracy 0.5502 0.5502
    Precision 0.2420 0.8781
    Recall 0.6788 0.5212
    F1 0.3568 0.6542
Acc_avg 0.5502 Prec_avg 0.5601 Recall_avg 0.6000 F1_avg 0.5055
    Total Loss 2.1653 Global Cls Loss 1.0800 Local Cls Loss 1.0852 AFN Loss 0.0000

    [Train]: 
    Epoch 41
    Data Time 0.7843 (0.0182)
    Batch Time 13.2164 (0.3074)
    Learning Rate 1e-06
Accuracy 0.9804 0.9804
    Precision 0.9828 0.9778
    Recall 0.9786 0.9822
    F1 0.9807 0.9800
    Acc_avg 0.9804 Prec_avg 0.9803 Recall_avg 0.9804 F1_avg 0.9804
    Total Loss 0.1097 Global Cls Loss 0.0534 Local Cls Loss 0.0563 AFN Loss 0.0000
Starting Source Data Testing

    Test Source: 
    Data Time 0.0399 (0.0040)
    Batch Time 1.6829 (0.1683)
    Learning Rate 1e-06
Accuracy 0.7799 0.7799
    Precision 0.7651 0.7961
    Recall 0.8038 0.7562
    F1 0.7840 0.7756
Acc_avg 0.7799 Prec_avg 0.7806 Recall_avg 0.7800 F1_avg 0.7798
    Total Loss 1.3675 Global Cls Loss 0.6913 Local Cls Loss 0.6762 AFN Loss 0.0000

    Test Target: 
    Data Time 0.3121 (0.0039)
    Batch Time 13.2271 (0.1653)
    Learning Rate 1e-06
Accuracy 0.5254 0.5254
    Precision 0.2328 0.8748
    Recall 0.6895 0.4884
    F1 0.3481 0.6269
Acc_avg 0.5254 Prec_avg 0.5538 Recall_avg 0.5890 F1_avg 0.4875
    Total Loss 2.2567 Global Cls Loss 1.1420 Local Cls Loss 1.1148 AFN Loss 0.0000

    [Train]: 
    Epoch 42
    Data Time 0.8318 (0.0193)
    Batch Time 12.3580 (0.2874)
    Learning Rate 1e-06
Accuracy 0.9818 0.9818
    Precision 0.9802 0.9836
    Recall 0.9844 0.9792
    F1 0.9823 0.9814
    Acc_avg 0.9818 Prec_avg 0.9819 Recall_avg 0.9818 F1_avg 0.9818
    Total Loss 0.1099 Global Cls Loss 0.0542 Local Cls Loss 0.0557 AFN Loss 0.0000
Starting Source Data Testing

    Test Source: 
    Data Time 0.0407 (0.0041)
    Batch Time 1.7416 (0.1742)
    Learning Rate 1e-06
Accuracy 0.7830 0.7830
    Precision 0.7665 0.8013
    Recall 0.8101 0.7562
    F1 0.7877 0.7781
Acc_avg 0.7830 Prec_avg 0.7839 Recall_avg 0.7832 F1_avg 0.7829
    Total Loss 1.3642 Global Cls Loss 0.6885 Local Cls Loss 0.6757 AFN Loss 0.0000

    Test Target: 
    Data Time 0.3098 (0.0039)
    Batch Time 13.2531 (0.1657)
    Learning Rate 1e-06
Accuracy 0.5569 0.5569
    Precision 0.2416 0.8744
    Recall 0.6595 0.5338
    F1 0.3536 0.6629
Acc_avg 0.5569 Prec_avg 0.5580 Recall_avg 0.5966 F1_avg 0.5082
    Total Loss 2.0973 Global Cls Loss 1.0599 Local Cls Loss 1.0374 AFN Loss 0.0000

    [Train]: 
    Epoch 43
    Data Time 0.7876 (0.0183)
    Batch Time 12.0802 (0.2809)
    Learning Rate 1e-06
Accuracy 0.9818 0.9818
    Precision 0.9814 0.9822
    Recall 0.9828 0.9808
    F1 0.9821 0.9815
    Acc_avg 0.9818 Prec_avg 0.9818 Recall_avg 0.9818 F1_avg 0.9818
    Total Loss 0.1071 Global Cls Loss 0.0507 Local Cls Loss 0.0565 AFN Loss 0.0000
Starting Source Data Testing

    Test Source: 
    Data Time 0.0419 (0.0042)
    Batch Time 1.7566 (0.1757)
    Learning Rate 1e-06
Accuracy 0.7862 0.7862
    Precision 0.7586 0.8194
    Recall 0.8354 0.7375
    F1 0.7952 0.7763
Acc_avg 0.7862 Prec_avg 0.7890 Recall_avg 0.7865 F1_avg 0.7857
    Total Loss 1.3933 Global Cls Loss 0.7018 Local Cls Loss 0.6915 AFN Loss 0.0000

    Test Target: 
    Data Time 0.3090 (0.0039)
    Batch Time 13.5068 (0.1688)
    Learning Rate 1e-06
Accuracy 0.4986 0.4986
    Precision 0.2272 0.8766
    Recall 0.7195 0.4489
    F1 0.3453 0.5938
Acc_avg 0.4986 Prec_avg 0.5519 Recall_avg 0.5842 F1_avg 0.4695
    Total Loss 2.4322 Global Cls Loss 1.2174 Local Cls Loss 1.2148 AFN Loss 0.0000

    [Train]: 
    Epoch 44
    Data Time 0.8813 (0.0205)
    Batch Time 12.1165 (0.2818)
    Learning Rate 1e-06
Accuracy 0.9811 0.9811
    Precision 0.9870 0.9751
    Recall 0.9758 0.9866
    F1 0.9814 0.9808
    Acc_avg 0.9811 Prec_avg 0.9811 Recall_avg 0.9812 F1_avg 0.9811
    Total Loss 0.1143 Global Cls Loss 0.0554 Local Cls Loss 0.0589 AFN Loss 0.0000
Starting Source Data Testing

    Test Source: 
    Data Time 0.0400 (0.0040)
    Batch Time 1.6973 (0.1697)
    Learning Rate 1e-06
Accuracy 0.7862 0.7862
    Precision 0.7586 0.8194
    Recall 0.8354 0.7375
    F1 0.7952 0.7763
Acc_avg 0.7862 Prec_avg 0.7890 Recall_avg 0.7865 F1_avg 0.7857
    Total Loss 1.3988 Global Cls Loss 0.7058 Local Cls Loss 0.6930 AFN Loss 0.0000

    Test Target: 
    Data Time 0.3158 (0.0039)
    Batch Time 14.6305 (0.1829)
    Learning Rate 1e-06
Accuracy 0.5203 0.5203
    Precision 0.2352 0.8814
    Recall 0.7152 0.4764
    F1 0.3540 0.6185
Acc_avg 0.5203 Prec_avg 0.5583 Recall_avg 0.5958 F1_avg 0.4862
    Total Loss 2.3757 Global Cls Loss 1.1901 Local Cls Loss 1.1856 AFN Loss 0.0000

    [Train]: 
    Epoch 45
    Data Time 1.0490 (0.0244)
    Batch Time 12.3919 (0.2882)
    Learning Rate 1e-06
Accuracy 0.9818 0.9818
    Precision 0.9843 0.9793
    Recall 0.9801 0.9837
    F1 0.9822 0.9815
    Acc_avg 0.9818 Prec_avg 0.9818 Recall_avg 0.9819 F1_avg 0.9818
    Total Loss 0.0988 Global Cls Loss 0.0471 Local Cls Loss 0.0517 AFN Loss 0.0000
Starting Source Data Testing

    Test Source: 
    Data Time 0.1272 (0.0127)
    Batch Time 1.7430 (0.1743)
    Learning Rate 1e-06
Accuracy 0.7830 0.7830
    Precision 0.7730 0.7935
    Recall 0.7975 0.7688
    F1 0.7850 0.7810
Acc_avg 0.7830 Prec_avg 0.7833 Recall_avg 0.7831 F1_avg 0.7830
    Total Loss 1.3637 Global Cls Loss 0.6872 Local Cls Loss 0.6765 AFN Loss 0.0000

    Test Target: 
    Data Time 0.3136 (0.0039)
    Batch Time 13.4304 (0.1679)
    Learning Rate 1e-06
Accuracy 0.5600 0.5600
    Precision 0.2427 0.8746
    Recall 0.6574 0.5381
    F1 0.3545 0.6663
Acc_avg 0.5600 Prec_avg 0.5586 Recall_avg 0.5977 F1_avg 0.5104
    Total Loss 2.1045 Global Cls Loss 1.0567 Local Cls Loss 1.0478 AFN Loss 0.0000

    [Train]: 
    Epoch 46
    Data Time 0.8327 (0.0194)
    Batch Time 13.6626 (0.3177)
    Learning Rate 1e-06
Accuracy 0.9891 0.9891
    Precision 0.9901 0.9881
    Recall 0.9887 0.9896
    F1 0.9894 0.9888
    Acc_avg 0.9891 Prec_avg 0.9891 Recall_avg 0.9891 F1_avg 0.9891
    Total Loss 0.0882 Global Cls Loss 0.0425 Local Cls Loss 0.0456 AFN Loss 0.0000
Starting Source Data Testing

    Test Source: 
    Data Time 0.2137 (0.0214)
    Batch Time 1.6796 (0.1680)
    Learning Rate 1e-06
Accuracy 0.7830 0.7830
    Precision 0.7572 0.8138
    Recall 0.8291 0.7375
    F1 0.7915 0.7738
Acc_avg 0.7830 Prec_avg 0.7855 Recall_avg 0.7833 F1_avg 0.7827
    Total Loss 1.3850 Global Cls Loss 0.6975 Local Cls Loss 0.6874 AFN Loss 0.0000

    Test Target: 
    Data Time 0.3005 (0.0038)
    Batch Time 13.1656 (0.1646)
    Learning Rate 1e-06
Accuracy 0.5195 0.5195
    Precision 0.2341 0.8798
    Recall 0.7109 0.4764
    F1 0.3523 0.6181
Acc_avg 0.5195 Prec_avg 0.5570 Recall_avg 0.5936 F1_avg 0.4852
    Total Loss 2.3660 Global Cls Loss 1.1905 Local Cls Loss 1.1755 AFN Loss 0.0000

    [Train]: 
    Epoch 47
    Data Time 0.8831 (0.0205)
    Batch Time 13.5040 (0.3140)
    Learning Rate 1e-06
Accuracy 0.9891 0.9891
    Precision 0.9914 0.9868
    Recall 0.9871 0.9911
    F1 0.9892 0.9889
    Acc_avg 0.9891 Prec_avg 0.9891 Recall_avg 0.9891 F1_avg 0.9891
    Total Loss 0.0880 Global Cls Loss 0.0423 Local Cls Loss 0.0458 AFN Loss 0.0000
Starting Source Data Testing

    Test Source: 
    Data Time 0.0422 (0.0042)
    Batch Time 1.7335 (0.1734)
    Learning Rate 1e-06
Accuracy 0.7830 0.7830
    Precision 0.7730 0.7935
    Recall 0.7975 0.7688
    F1 0.7850 0.7810
Acc_avg 0.7830 Prec_avg 0.7833 Recall_avg 0.7831 F1_avg 0.7830
    Total Loss 1.3758 Global Cls Loss 0.6942 Local Cls Loss 0.6816 AFN Loss 0.0000

    Test Target: 
    Data Time 0.3031 (0.0038)
    Batch Time 13.4610 (0.1683)
    Learning Rate 1e-06
Accuracy 0.5533 0.5533
    Precision 0.2419 0.8765
    Recall 0.6702 0.5270
    F1 0.3555 0.6582
Acc_avg 0.5533 Prec_avg 0.5592 Recall_avg 0.5986 F1_avg 0.5069
    Total Loss 2.1504 Global Cls Loss 1.0842 Local Cls Loss 1.0662 AFN Loss 0.0000

    [Train]: 
    Epoch 48
    Data Time 0.8529 (0.0198)
    Batch Time 12.5628 (0.2922)
    Learning Rate 1e-06
Accuracy 0.9884 0.9884
    Precision 0.9914 0.9852
    Recall 0.9858 0.9911
    F1 0.9886 0.9881
    Acc_avg 0.9884 Prec_avg 0.9883 Recall_avg 0.9884 F1_avg 0.9884
    Total Loss 0.0845 Global Cls Loss 0.0404 Local Cls Loss 0.0440 AFN Loss 0.0000
Starting Source Data Testing

    Test Source: 
    Data Time 0.0421 (0.0042)
    Batch Time 1.7355 (0.1736)
    Learning Rate 1e-06
Accuracy 0.7767 0.7767
    Precision 0.7458 0.8156
    Recall 0.8354 0.7188
    F1 0.7881 0.7641
Acc_avg 0.7767 Prec_avg 0.7807 Recall_avg 0.7771 F1_avg 0.7761
    Total Loss 1.3986 Global Cls Loss 0.7096 Local Cls Loss 0.6891 AFN Loss 0.0000

    Test Target: 
    Data Time 0.3113 (0.0039)
    Batch Time 13.3053 (0.1663)
    Learning Rate 1e-06
Accuracy 0.4801 0.4801
    Precision 0.2266 0.8846
    Recall 0.7580 0.4176
    F1 0.3489 0.5673
Acc_avg 0.4801 Prec_avg 0.5556 Recall_avg 0.5878 F1_avg 0.4581
    Total Loss 2.5900 Global Cls Loss 1.3087 Local Cls Loss 1.2813 AFN Loss 0.0000

    [Train]: 
    Epoch 49
    Data Time 0.9167 (0.0213)
    Batch Time 12.0563 (0.2804)
    Learning Rate 1e-06
Accuracy 0.9833 0.9833
    Precision 0.9885 0.9779
    Recall 0.9787 0.9881
    F1 0.9836 0.9830
    Acc_avg 0.9833 Prec_avg 0.9832 Recall_avg 0.9834 F1_avg 0.9833
    Total Loss 0.1017 Global Cls Loss 0.0497 Local Cls Loss 0.0520 AFN Loss 0.0000
Starting Source Data Testing

    Test Source: 
    Data Time 0.0395 (0.0040)
    Batch Time 1.7015 (0.1702)
    Learning Rate 1e-06
Accuracy 0.7893 0.7893
    Precision 0.7692 0.8121
    Recall 0.8228 0.7562
    F1 0.7951 0.7832
Acc_avg 0.7893 Prec_avg 0.7907 Recall_avg 0.7895 F1_avg 0.7891
    Total Loss 1.3736 Global Cls Loss 0.6935 Local Cls Loss 0.6801 AFN Loss 0.0000

    Test Target: 
    Data Time 0.3084 (0.0039)
    Batch Time 13.2700 (0.1659)
    Learning Rate 1e-06
Accuracy 0.5321 0.5321
    Precision 0.2369 0.8785
    Recall 0.6959 0.4952
    F1 0.3535 0.6334
Acc_avg 0.5321 Prec_avg 0.5577 Recall_avg 0.5956 F1_avg 0.4934
    Total Loss 2.2647 Global Cls Loss 1.1386 Local Cls Loss 1.1261 AFN Loss 0.0000

    [Train]: 
    Epoch 50
    Data Time 1.0201 (0.0237)
    Batch Time 12.1888 (0.2835)
    Learning Rate 1e-06
Accuracy 0.9855 0.9855
    Precision 0.9858 0.9851
    Recall 0.9858 0.9851
    F1 0.9858 0.9851
    Acc_avg 0.9855 Prec_avg 0.9855 Recall_avg 0.9855 F1_avg 0.9855
    Total Loss 0.0868 Global Cls Loss 0.0431 Local Cls Loss 0.0436 AFN Loss 0.0000
Starting Source Data Testing

    Test Source: 
    Data Time 0.0433 (0.0043)
    Batch Time 1.7678 (0.1768)
    Learning Rate 1e-06
Accuracy 0.7862 0.7862
    Precision 0.7647 0.8108
    Recall 0.8228 0.7500
    F1 0.7927 0.7792
Acc_avg 0.7862 Prec_avg 0.7878 Recall_avg 0.7864 F1_avg 0.7860
    Total Loss 1.3517 Global Cls Loss 0.6818 Local Cls Loss 0.6699 AFN Loss 0.0000

    Test Target: 
    Data Time 0.3050 (0.0038)
    Batch Time 13.5749 (0.1697)
    Learning Rate 1e-06
Accuracy 0.5120 0.5120
    Precision 0.2299 0.8757
    Recall 0.7045 0.4687
    F1 0.3467 0.6106
Acc_avg 0.5120 Prec_avg 0.5528 Recall_avg 0.5866 F1_avg 0.4786
    Total Loss 2.3853 Global Cls Loss 1.1863 Local Cls Loss 1.1990 AFN Loss 0.0000

    [Train]: 
    Epoch 51
    Data Time 0.9030 (0.0210)
    Batch Time 14.0486 (0.3267)
    Learning Rate 1e-06
Accuracy 0.9884 0.9884
    Precision 0.9859 0.9910
    Recall 0.9915 0.9851
    F1 0.9887 0.9881
    Acc_avg 0.9884 Prec_avg 0.9884 Recall_avg 0.9883 F1_avg 0.9884
    Total Loss 0.0937 Global Cls Loss 0.0455 Local Cls Loss 0.0482 AFN Loss 0.0000
Starting Source Data Testing

    Test Source: 
    Data Time 0.1882 (0.0188)
    Batch Time 1.9988 (0.1999)
    Learning Rate 1e-06
Accuracy 0.7736 0.7736
    Precision 0.7416 0.8143
    Recall 0.8354 0.7125
    F1 0.7857 0.7600
Acc_avg 0.7736 Prec_avg 0.7779 Recall_avg 0.7740 F1_avg 0.7729
    Total Loss 1.4330 Global Cls Loss 0.7254 Local Cls Loss 0.7076 AFN Loss 0.0000

    Test Target: 
    Data Time 0.3254 (0.0041)
    Batch Time 13.9834 (0.1748)
    Learning Rate 1e-06
Accuracy 0.4404 0.4404
    Precision 0.2190 0.8872
    Recall 0.7966 0.3602
    F1 0.3435 0.5123
Acc_avg 0.4404 Prec_avg 0.5531 Recall_avg 0.5784 F1_avg 0.4279
    Total Loss 2.9350 Global Cls Loss 1.4654 Local Cls Loss 1.4696 AFN Loss 0.0000

    [Train]: 
    Epoch 52
    Data Time 0.7909 (0.0184)
    Batch Time 13.1256 (0.3052)
    Learning Rate 1e-06
Accuracy 0.9869 0.9869
    Precision 0.9845 0.9895
    Recall 0.9901 0.9836
    F1 0.9873 0.9866
    Acc_avg 0.9869 Prec_avg 0.9870 Recall_avg 0.9868 F1_avg 0.9869
    Total Loss 0.0860 Global Cls Loss 0.0423 Local Cls Loss 0.0437 AFN Loss 0.0000
Starting Source Data Testing

    Test Source: 
    Data Time 0.0416 (0.0042)
    Batch Time 2.0351 (0.2035)
    Learning Rate 1e-06
Accuracy 0.7830 0.7830
    Precision 0.7572 0.8138
    Recall 0.8291 0.7375
    F1 0.7915 0.7738
Acc_avg 0.7830 Prec_avg 0.7855 Recall_avg 0.7833 F1_avg 0.7827
    Total Loss 1.3851 Global Cls Loss 0.6978 Local Cls Loss 0.6873 AFN Loss 0.0000

    Test Target: 
    Data Time 0.3098 (0.0039)
    Batch Time 15.6955 (0.1962)
    Learning Rate 1e-06
Accuracy 0.4856 0.4856
    Precision 0.2273 0.8831
    Recall 0.7495 0.4262
    F1 0.3488 0.5750
Acc_avg 0.4856 Prec_avg 0.5552 Recall_avg 0.5878 F1_avg 0.4619
    Total Loss 2.5758 Global Cls Loss 1.2923 Local Cls Loss 1.2836 AFN Loss 0.0000

    [Train]: 
    Epoch 53
    Data Time 0.8451 (0.0197)
    Batch Time 12.1102 (0.2816)
    Learning Rate 1e-06
Accuracy 0.9869 0.9869
    Precision 0.9886 0.9852
    Recall 0.9858 0.9881
    F1 0.9872 0.9866
    Acc_avg 0.9869 Prec_avg 0.9869 Recall_avg 0.9869 F1_avg 0.9869
    Total Loss 0.0877 Global Cls Loss 0.0415 Local Cls Loss 0.0462 AFN Loss 0.0000
Starting Source Data Testing

    Test Source: 
    Data Time 0.0479 (0.0048)
    Batch Time 1.9221 (0.1922)
    Learning Rate 1e-06
Accuracy 0.7830 0.7830
    Precision 0.7572 0.8138
    Recall 0.8291 0.7375
    F1 0.7915 0.7738
Acc_avg 0.7830 Prec_avg 0.7855 Recall_avg 0.7833 F1_avg 0.7827
    Total Loss 1.3918 Global Cls Loss 0.7028 Local Cls Loss 0.6890 AFN Loss 0.0000

    Test Target: 
    Data Time 0.3075 (0.0038)
    Batch Time 13.3491 (0.1669)
    Learning Rate 1e-06
Accuracy 0.5033 0.5033
    Precision 0.2312 0.8823
    Recall 0.7323 0.4518
    F1 0.3515 0.5976
Acc_avg 0.5033 Prec_avg 0.5568 Recall_avg 0.5921 F1_avg 0.4745
    Total Loss 2.4720 Global Cls Loss 1.2292 Local Cls Loss 1.2428 AFN Loss 0.0000

    [Train]: 
    Epoch 54
    Data Time 0.8253 (0.0192)
    Batch Time 12.6072 (0.2932)
    Learning Rate 1e-06
Accuracy 0.9855 0.9855
    Precision 0.9831 0.9880
    Recall 0.9886 0.9821
    F1 0.9858 0.9851
    Acc_avg 0.9855 Prec_avg 0.9855 Recall_avg 0.9854 F1_avg 0.9855
    Total Loss 0.0927 Global Cls Loss 0.0459 Local Cls Loss 0.0468 AFN Loss 0.0000
Starting Source Data Testing

    Test Source: 
    Data Time 0.0491 (0.0049)
    Batch Time 1.7183 (0.1718)
    Learning Rate 1e-06
Accuracy 0.7830 0.7830
    Precision 0.7572 0.8138
    Recall 0.8291 0.7375
    F1 0.7915 0.7738
Acc_avg 0.7830 Prec_avg 0.7855 Recall_avg 0.7833 F1_avg 0.7827
    Total Loss 1.3852 Global Cls Loss 0.6988 Local Cls Loss 0.6863 AFN Loss 0.0000

    Test Target: 
    Data Time 0.3270 (0.0041)
    Batch Time 13.3560 (0.1670)
    Learning Rate 1e-06
Accuracy 0.5041 0.5041
    Precision 0.2334 0.8861
    Recall 0.7430 0.4503
    F1 0.3552 0.5972
Acc_avg 0.5041 Prec_avg 0.5598 Recall_avg 0.5967 F1_avg 0.4762
    Total Loss 2.4794 Global Cls Loss 1.2307 Local Cls Loss 1.2488 AFN Loss 0.0000

    [Train]: 
    Epoch 55
    Data Time 0.8705 (0.0202)
    Batch Time 13.2814 (0.3089)
    Learning Rate 1e-06
Accuracy 0.9913 0.9913
    Precision 0.9929 0.9896
    Recall 0.9901 0.9926
    F1 0.9915 0.9911
    Acc_avg 0.9913 Prec_avg 0.9912 Recall_avg 0.9913 F1_avg 0.9913
    Total Loss 0.0861 Global Cls Loss 0.0417 Local Cls Loss 0.0444 AFN Loss 0.0000
Starting Source Data Testing

    Test Source: 
    Data Time 0.0389 (0.0039)
    Batch Time 1.7311 (0.1731)
    Learning Rate 1e-06
Accuracy 0.7862 0.7862
    Precision 0.7616 0.8151
    Recall 0.8291 0.7438
    F1 0.7939 0.7778
Acc_avg 0.7862 Prec_avg 0.7883 Recall_avg 0.7864 F1_avg 0.7859
    Total Loss 1.3990 Global Cls Loss 0.7065 Local Cls Loss 0.6925 AFN Loss 0.0000

    Test Target: 
    Data Time 0.3090 (0.0039)
    Batch Time 13.4252 (0.1678)
    Learning Rate 1e-06
Accuracy 0.4821 0.4821
    Precision 0.2284 0.8875
    Recall 0.7645 0.4185
    F1 0.3517 0.5688
Acc_avg 0.4821 Prec_avg 0.5580 Recall_avg 0.5915 F1_avg 0.4603
    Total Loss 2.6223 Global Cls Loss 1.3173 Local Cls Loss 1.3050 AFN Loss 0.0000

    [Train]: 
    Epoch 56
    Data Time 0.7959 (0.0185)
    Batch Time 12.2061 (0.2839)
    Learning Rate 1e-06
Accuracy 0.9906 0.9906
    Precision 0.9929 0.9881
    Recall 0.9887 0.9925
    F1 0.9908 0.9903
    Acc_avg 0.9906 Prec_avg 0.9905 Recall_avg 0.9906 F1_avg 0.9905
    Total Loss 0.0815 Global Cls Loss 0.0386 Local Cls Loss 0.0430 AFN Loss 0.0000
Starting Source Data Testing

    Test Source: 
    Data Time 0.1841 (0.0184)
    Batch Time 1.7085 (0.1709)
    Learning Rate 1e-06
Accuracy 0.7830 0.7830
    Precision 0.7572 0.8138
    Recall 0.8291 0.7375
    F1 0.7915 0.7738
Acc_avg 0.7830 Prec_avg 0.7855 Recall_avg 0.7833 F1_avg 0.7827
    Total Loss 1.4098 Global Cls Loss 0.7095 Local Cls Loss 0.7003 AFN Loss 0.0000

    Test Target: 
    Data Time 0.3075 (0.0038)
    Batch Time 13.4031 (0.1675)
    Learning Rate 1e-06
Accuracy 0.4959 0.4959
    Precision 0.2319 0.8876
    Recall 0.7537 0.4378
    F1 0.3547 0.5864
Acc_avg 0.4959 Prec_avg 0.5597 Recall_avg 0.5958 F1_avg 0.4705
    Total Loss 2.5135 Global Cls Loss 1.2642 Local Cls Loss 1.2493 AFN Loss 0.0000

    [Train]: 
    Epoch 57
    Data Time 0.8253 (0.0192)
    Batch Time 12.6336 (0.2938)
    Learning Rate 1e-06
Accuracy 0.9913 0.9913
    Precision 0.9900 0.9926
    Recall 0.9928 0.9897
    F1 0.9914 0.9911
    Acc_avg 0.9913 Prec_avg 0.9913 Recall_avg 0.9913 F1_avg 0.9913
    Total Loss 0.0797 Global Cls Loss 0.0370 Local Cls Loss 0.0427 AFN Loss 0.0000
Starting Source Data Testing

    Test Source: 
    Data Time 0.0438 (0.0044)
    Batch Time 1.6828 (0.1683)
    Learning Rate 1e-06
Accuracy 0.7862 0.7862
    Precision 0.7647 0.8108
    Recall 0.8228 0.7500
    F1 0.7927 0.7792
Acc_avg 0.7862 Prec_avg 0.7878 Recall_avg 0.7864 F1_avg 0.7860
    Total Loss 1.3901 Global Cls Loss 0.7019 Local Cls Loss 0.6882 AFN Loss 0.0000

    Test Target: 
    Data Time 0.3185 (0.0040)
    Batch Time 13.3404 (0.1668)
    Learning Rate 1e-06
Accuracy 0.4813 0.4813
    Precision 0.2274 0.8857
    Recall 0.7602 0.4185
    F1 0.3501 0.5684
Acc_avg 0.4813 Prec_avg 0.5566 Recall_avg 0.5893 F1_avg 0.4593
    Total Loss 2.6182 Global Cls Loss 1.3286 Local Cls Loss 1.2896 AFN Loss 0.0000

    [Train]: 
    Epoch 58
    Data Time 0.9730 (0.0226)
    Batch Time 12.5308 (0.2914)
    Learning Rate 1e-06
Accuracy 0.9906 0.9906
    Precision 0.9915 0.9896
    Recall 0.9900 0.9911
    F1 0.9907 0.9903
    Acc_avg 0.9906 Prec_avg 0.9905 Recall_avg 0.9906 F1_avg 0.9905
    Total Loss 0.0827 Global Cls Loss 0.0406 Local Cls Loss 0.0421 AFN Loss 0.0000
Starting Source Data Testing

    Test Source: 
    Data Time 0.0427 (0.0043)
    Batch Time 2.0269 (0.2027)
    Learning Rate 1e-06
Accuracy 0.7830 0.7830
    Precision 0.7665 0.8013
    Recall 0.8101 0.7562
    F1 0.7877 0.7781
Acc_avg 0.7830 Prec_avg 0.7839 Recall_avg 0.7832 F1_avg 0.7829
    Total Loss 1.3574 Global Cls Loss 0.6870 Local Cls Loss 0.6704 AFN Loss 0.0000

    Test Target: 
    Data Time 0.3103 (0.0039)
    Batch Time 13.2630 (0.1658)
    Learning Rate 1e-06
Accuracy 0.4974 0.4974
    Precision 0.2311 0.8850
    Recall 0.7452 0.4417
    F1 0.3528 0.5893
Acc_avg 0.4974 Prec_avg 0.5580 Recall_avg 0.5934 F1_avg 0.4710
    Total Loss 2.4908 Global Cls Loss 1.2515 Local Cls Loss 1.2394 AFN Loss 0.0000

    [Train]: 
    Epoch 59
    Data Time 0.8063 (0.0188)
    Batch Time 12.3930 (0.2882)
    Learning Rate 1e-06
Accuracy 0.9869 0.9869
    Precision 0.9873 0.9866
    Recall 0.9873 0.9866
    F1 0.9873 0.9866
    Acc_avg 0.9869 Prec_avg 0.9869 Recall_avg 0.9869 F1_avg 0.9869
    Total Loss 0.0978 Global Cls Loss 0.0472 Local Cls Loss 0.0506 AFN Loss 0.0000
Starting Source Data Testing

    Test Source: 
    Data Time 0.0429 (0.0043)
    Batch Time 1.7553 (0.1755)
    Learning Rate 1e-06
Accuracy 0.7736 0.7736
    Precision 0.7416 0.8143
    Recall 0.8354 0.7125
    F1 0.7857 0.7600
Acc_avg 0.7736 Prec_avg 0.7779 Recall_avg 0.7740 F1_avg 0.7729
    Total Loss 1.4263 Global Cls Loss 0.7200 Local Cls Loss 0.7062 AFN Loss 0.0000

    Test Target: 
    Data Time 0.3259 (0.0041)
    Batch Time 15.3056 (0.1913)
    Learning Rate 1e-06
Accuracy 0.4549 0.4549
    Precision 0.2225 0.8884
    Recall 0.7880 0.3799
    F1 0.3470 0.5323
Acc_avg 0.4549 Prec_avg 0.5554 Recall_avg 0.5840 F1_avg 0.4396
    Total Loss 2.8536 Global Cls Loss 1.4193 Local Cls Loss 1.4343 AFN Loss 0.0000

    [Train]: 
    Epoch 60
    Data Time 0.8255 (0.0192)
    Batch Time 13.0368 (0.3032)
    Learning Rate 1e-06
Accuracy 0.9876 0.9876
    Precision 0.9886 0.9866
    Recall 0.9872 0.9881
    F1 0.9879 0.9874
    Acc_avg 0.9876 Prec_avg 0.9876 Recall_avg 0.9877 F1_avg 0.9876
    Total Loss 0.0992 Global Cls Loss 0.0473 Local Cls Loss 0.0519 AFN Loss 0.0000
Starting Source Data Testing

    Test Source: 
    Data Time 0.2035 (0.0203)
    Batch Time 1.6801 (0.1680)
    Learning Rate 1e-06
Accuracy 0.7830 0.7830
    Precision 0.7602 0.8095
    Recall 0.8228 0.7438
    F1 0.7903 0.7752
Acc_avg 0.7830 Prec_avg 0.7849 Recall_avg 0.7833 F1_avg 0.7828
    Total Loss 1.3748 Global Cls Loss 0.6935 Local Cls Loss 0.6813 AFN Loss 0.0000

    Test Target: 
    Data Time 0.3126 (0.0039)
    Batch Time 13.2022 (0.1650)
    Learning Rate 1e-06
Accuracy 0.4695 0.4695
    Precision 0.2255 0.8878
    Recall 0.7752 0.4007
    F1 0.3494 0.5522
Acc_avg 0.4695 Prec_avg 0.5567 Recall_avg 0.5879 F1_avg 0.4508
    Total Loss 2.6427 Global Cls Loss 1.3403 Local Cls Loss 1.3023 AFN Loss 0.0000
